#
# There is insufficient memory for the Java Runtime Environment to continue.
# Native memory allocation (malloc) failed to allocate 1741776 bytes for Chunk::new
# Possible reasons:
#   The system is out of physical RAM or swap space
#   The process is running with CompressedOops enabled, and the Java Heap may be blocking the growth of the native heap
# Possible solutions:
#   Reduce memory load on the system
#   Increase physical memory or swap space
#   Check if swap backing store is full
#   Decrease Java heap size (-Xmx/-Xms)
#   Decrease number of Java threads
#   Decrease Java thread stack sizes (-Xss)
#   Set larger code cache with -XX:ReservedCodeCacheSize=
#   JVM is running with Unscaled Compressed Oops mode in which the Java heap is
#     placed in the first 4GB address space. The Java Heap base address is the
#     maximum limit for the native heap growth. Please use -XX:HeapBaseMinAddress
#     to set the Java Heap base and to place the Java Heap above 4GB virtual address.
# This output file may be truncated or incomplete.
#
#  Out of Memory Error (arena.cpp:189), pid=940, tid=23568
#
# JRE version: Java(TM) SE Runtime Environment (17.0.9+11) (build 17.0.9+11-LTS-201)
# Java VM: Java HotSpot(TM) 64-Bit Server VM (17.0.9+11-LTS-201, mixed mode, sharing, tiered, compressed oops, compressed class ptrs, g1 gc, windows-amd64)
# No core dump will be written. Minidumps are not enabled by default on client versions of Windows
#

---------------  S U M M A R Y ------------

Command Line: -javaagent:C:\Program Files\JetBrains\IntelliJ IDEA Community Edition 2024.1.1\lib\idea_rt.jar=61107:C:\Program Files\JetBrains\IntelliJ IDEA Community Edition 2024.1.1\bin -Dfile.encoding=UTF-8 com.example.carnest.CarnestApplication

Host: 12th Gen Intel(R) Core(TM) i7-1255U, 12 cores, 7G,  Windows 11 , 64 bit Build 26100 (10.0.26100.7920)
Time: Thu Apr  2 18:06:28 2026 SE Asia Standard Time elapsed time: 20.570828 seconds (0d 0h 0m 20s)

---------------  T H R E A D  ---------------

Current thread (0x0000026e6aacf7e0):  JavaThread "C2 CompilerThread0" daemon [_thread_in_native, id=23568, stack(0x000000c475200000,0x000000c475300000)]


Current CompileTask:
C2:  20571 9753       4       java.lang.Class::annotationData (44 bytes)

Stack: [0x000000c475200000,0x000000c475300000]
Native frames: (J=compiled Java code, j=interpreted, Vv=VM code, C=native code)
V  [jvm.dll+0x678a4a]
V  [jvm.dll+0x7d9cfd]
V  [jvm.dll+0x7db60e]
V  [jvm.dll+0x7dbc73]
V  [jvm.dll+0x245e1f]
V  [jvm.dll+0xaaafb]
V  [jvm.dll+0xab09c]
V  [jvm.dll+0x36232f]
V  [jvm.dll+0x1bb94a]
V  [jvm.dll+0x218287]
V  [jvm.dll+0x217561]
V  [jvm.dll+0x1a3bc0]
V  [jvm.dll+0x2272de]
V  [jvm.dll+0x22548b]
V  [jvm.dll+0x78f58c]
V  [jvm.dll+0x78998a]
V  [jvm.dll+0x677875]
C  [ucrtbase.dll+0x37b0]
C  [KERNEL32.DLL+0x2e8d7]
C  [ntdll.dll+0x8c48c]


---------------  P R O C E S S  ---------------

Threads class SMR info:
_java_thread_list=0x0000026e70a692f0, length=22, elements={
0x0000026e4c74f790, 0x0000026e6aaaf8b0, 0x0000026e6aab2280, 0x0000026e6aac8c80,
0x0000026e6aacd580, 0x0000026e6aacde50, 0x0000026e6aace720, 0x0000026e6aacf7e0,
0x0000026e6aad01a0, 0x0000026e6aad0ab0, 0x0000026e6aa9a1b0, 0x0000026e6f299770,
0x0000026e6f299c50, 0x0000026e6f8da220, 0x0000026e6fcda790, 0x0000026e7270d670,
0x0000026e7270cc50, 0x0000026e719d5460, 0x0000026e7270efc0, 0x0000026e7270e5a0,
0x0000026e7270f4d0, 0x0000026e719d6ef0
}

Java Threads: ( => current thread )
  0x0000026e4c74f790 JavaThread "main" [_thread_blocked, id=17148, stack(0x000000c474500000,0x000000c474600000)]
  0x0000026e6aaaf8b0 JavaThread "Reference Handler" daemon [_thread_blocked, id=1932, stack(0x000000c474c00000,0x000000c474d00000)]
  0x0000026e6aab2280 JavaThread "Finalizer" daemon [_thread_blocked, id=23048, stack(0x000000c474d00000,0x000000c474e00000)]
  0x0000026e6aac8c80 JavaThread "Signal Dispatcher" daemon [_thread_blocked, id=14148, stack(0x000000c474e00000,0x000000c474f00000)]
  0x0000026e6aacd580 JavaThread "Attach Listener" daemon [_thread_blocked, id=13432, stack(0x000000c474f00000,0x000000c475000000)]
  0x0000026e6aacde50 JavaThread "Service Thread" daemon [_thread_blocked, id=5324, stack(0x000000c475000000,0x000000c475100000)]
  0x0000026e6aace720 JavaThread "Monitor Deflation Thread" daemon [_thread_blocked, id=5384, stack(0x000000c475100000,0x000000c475200000)]
=>0x0000026e6aacf7e0 JavaThread "C2 CompilerThread0" daemon [_thread_in_native, id=23568, stack(0x000000c475200000,0x000000c475300000)]
  0x0000026e6aad01a0 JavaThread "C1 CompilerThread0" daemon [_thread_blocked, id=19784, stack(0x000000c475300000,0x000000c475400000)]
  0x0000026e6aad0ab0 JavaThread "Sweeper thread" daemon [_thread_blocked, id=5924, stack(0x000000c475400000,0x000000c475500000)]
  0x0000026e6aa9a1b0 JavaThread "Common-Cleaner" daemon [_thread_blocked, id=18204, stack(0x000000c475500000,0x000000c475600000)]
  0x0000026e6f299770 JavaThread "Monitor Ctrl-Break" daemon [_thread_in_native, id=22412, stack(0x000000c475600000,0x000000c475700000)]
  0x0000026e6f299c50 JavaThread "Notification Thread" daemon [_thread_blocked, id=22248, stack(0x000000c475700000,0x000000c475800000)]
  0x0000026e6f8da220 JavaThread "Thread-0" [_thread_blocked, id=28604, stack(0x000000c475a00000,0x000000c475b00000)]
  0x0000026e6fcda790 JavaThread "restartedMain" [_thread_in_vm, id=10748, stack(0x000000c475b00000,0x000000c475c00000)]
  0x0000026e7270d670 JavaThread "mysql-cj-abandoned-connection-cleanup" daemon [_thread_blocked, id=4296, stack(0x000000c476100000,0x000000c476200000)]
  0x0000026e7270cc50 JavaThread "HikariPool-1:housekeeper" daemon [_thread_blocked, id=22004, stack(0x000000c475900000,0x000000c475a00000)]
  0x0000026e719d5460 JavaThread "C2 CompilerThread1" daemon [_thread_in_native, id=2760, stack(0x000000c476900000,0x000000c476a00000)]
  0x0000026e7270efc0 JavaThread "Catalina-utility-1" [_thread_blocked, id=8208, stack(0x000000c476a00000,0x000000c476b00000)]
  0x0000026e7270e5a0 JavaThread "Catalina-utility-2" [_thread_blocked, id=14492, stack(0x000000c476b00000,0x000000c476c00000)]
  0x0000026e7270f4d0 JavaThread "container-0" [_thread_blocked, id=21572, stack(0x000000c476c00000,0x000000c476d00000)]
  0x0000026e719d6ef0 JavaThread "C2 CompilerThread2" daemon [_thread_in_native, id=27940, stack(0x000000c477000000,0x000000c477100000)]

Other Threads:
  0x0000026e6aaabe10 VMThread "VM Thread" [stack: 0x000000c474b00000,0x000000c474c00000] [id=3632]
  0x0000026e4c7e4390 WatcherThread [stack: 0x000000c475800000,0x000000c475900000] [id=11016]
  0x0000026e4c7a7970 GCTaskThread "GC Thread#0" [stack: 0x000000c474600000,0x000000c474700000] [id=25604]
  0x0000026e6fccdbb0 GCTaskThread "GC Thread#1" [stack: 0x000000c475c00000,0x000000c475d00000] [id=1952]
  0x0000026e6fded3d0 GCTaskThread "GC Thread#2" [stack: 0x000000c475d00000,0x000000c475e00000] [id=22184]
  0x0000026e6fded690 GCTaskThread "GC Thread#3" [stack: 0x000000c475e00000,0x000000c475f00000] [id=27772]
  0x0000026e6fded950 GCTaskThread "GC Thread#4" [stack: 0x000000c475f00000,0x000000c476000000] [id=5996]
  0x0000026e6fdedc10 GCTaskThread "GC Thread#5" [stack: 0x000000c476000000,0x000000c476100000] [id=16000]
  0x0000026e70b942a0 GCTaskThread "GC Thread#6" [stack: 0x000000c476200000,0x000000c476300000] [id=21564]
  0x0000026e7045fe70 GCTaskThread "GC Thread#7" [stack: 0x000000c476300000,0x000000c476400000] [id=27616]
  0x0000026e703fefc0 GCTaskThread "GC Thread#8" [stack: 0x000000c476400000,0x000000c476500000] [id=24564]
  0x0000026e7003da90 GCTaskThread "GC Thread#9" [stack: 0x000000c476500000,0x000000c476600000] [id=24384]
  0x0000026e4c7b7f00 ConcurrentGCThread "G1 Main Marker" [stack: 0x000000c474700000,0x000000c474800000] [id=27152]
  0x0000026e4c7b95e0 ConcurrentGCThread "G1 Conc#0" [stack: 0x000000c474800000,0x000000c474900000] [id=27760]
  0x0000026e7003ccd0 ConcurrentGCThread "G1 Conc#1" [stack: 0x000000c476600000,0x000000c476700000] [id=11796]
  0x0000026e7003c750 ConcurrentGCThread "G1 Conc#2" [stack: 0x000000c476700000,0x000000c476800000] [id=20792]
  0x0000026e6a949500 ConcurrentGCThread "G1 Refine#0" [stack: 0x000000c474900000,0x000000c474a00000] [id=10000]
  0x0000026e70a96120 ConcurrentGCThread "G1 Refine#1" [stack: 0x000000c476d00000,0x000000c476e00000] [id=6856]
  0x0000026e70a95270 ConcurrentGCThread "G1 Refine#2" [stack: 0x000000c476e00000,0x000000c476f00000] [id=23208]
  0x0000026e70a95e30 ConcurrentGCThread "G1 Refine#3" [stack: 0x000000c476f00000,0x000000c477000000] [id=6672]
  0x0000026e4c80daf0 ConcurrentGCThread "G1 Service" [stack: 0x000000c474a00000,0x000000c474b00000] [id=8560]

Threads with active compile tasks:
C2 CompilerThread0    20648 9753       4       java.lang.Class::annotationData (44 bytes)
C2 CompilerThread1    20648 9792       4       org.springframework.core.annotation.AnnotationsScanner::process (55 bytes)
C2 CompilerThread2    20648 9661   !   4       org.springframework.core.annotation.AnnotationsScanner::processClassHierarchy (234 bytes)

VM state: not at safepoint (normal execution)

VM Mutex/Monitor currently owned by a thread: None

Heap address: 0x0000000084e00000, size: 1970 MB, Compressed Oops mode: 32-bit

CDS archive(s) mapped at: [0x0000026e00000000-0x0000026e00bd0000-0x0000026e00bd0000), size 12386304, SharedBaseAddress: 0x0000026e00000000, ArchiveRelocationMode: 1.
Compressed class space mapped at: 0x0000026e01000000-0x0000026e41000000, reserved size: 1073741824
Narrow klass base: 0x0000026e00000000, Narrow klass shift: 0, Narrow klass range: 0x100000000

GC Precious Log:
 CPUs: 12 total, 12 available
 Memory: 7876M
 Large Page Support: Disabled
 NUMA Support: Disabled
 Compressed Oops: Enabled (32-bit)
 Heap Region Size: 1M
 Heap Min Capacity: 8M
 Heap Initial Capacity: 124M
 Heap Max Capacity: 1970M
 Pre-touch: Disabled
 Parallel Workers: 10
 Concurrent Workers: 3
 Concurrent Refinement Workers: 10
 Periodic GC: Disabled

Heap:
 garbage-first heap   total 321536K, used 132704K [0x0000000084e00000, 0x0000000100000000)
  region size 1024K, 64 young (65536K), 1 survivors (1024K)
 Metaspace       used 77142K, committed 77824K, reserved 1179648K
  class space    used 10569K, committed 10880K, reserved 1048576K

Heap Regions: E=young(eden), S=young(survivor), O=old, HS=humongous(starts), HC=humongous(continues), CS=collection set, F=free, OA=open archive, CA=closed archive, TAMS=top-at-mark-start (previous, next)
|   0|0x0000000084e00000, 0x0000000084f00000, 0x0000000084f00000|100%|HS|  |TAMS 0x0000000084f00000, 0x0000000084e00000| Complete 
|   1|0x0000000084f00000, 0x0000000085000000, 0x0000000085000000|100%|HS|  |TAMS 0x0000000085000000, 0x0000000084f00000| Complete 
|   2|0x0000000085000000, 0x0000000085100000, 0x0000000085100000|100%| O|  |TAMS 0x0000000085100000, 0x0000000085000000| Untracked 
|   3|0x0000000085100000, 0x0000000085200000, 0x0000000085200000|100%| O|  |TAMS 0x0000000085200000, 0x0000000085100000| Untracked 
|   4|0x0000000085200000, 0x0000000085300000, 0x0000000085300000|100%| O|  |TAMS 0x0000000085300000, 0x0000000085200000| Untracked 
|   5|0x0000000085300000, 0x0000000085400000, 0x0000000085400000|100%| O|  |TAMS 0x0000000085400000, 0x0000000085300000| Untracked 
|   6|0x0000000085400000, 0x0000000085500000, 0x0000000085500000|100%| O|  |TAMS 0x0000000085500000, 0x0000000085400000| Untracked 
|   7|0x0000000085500000, 0x0000000085600000, 0x0000000085600000|100%| O|  |TAMS 0x0000000085600000, 0x0000000085500000| Untracked 
|   8|0x0000000085600000, 0x0000000085700000, 0x0000000085700000|100%| O|  |TAMS 0x0000000085700000, 0x0000000085600000| Untracked 
|   9|0x0000000085700000, 0x0000000085800000, 0x0000000085800000|100%| O|  |TAMS 0x0000000085800000, 0x0000000085700000| Untracked 
|  10|0x0000000085800000, 0x0000000085900000, 0x0000000085900000|100%| O|  |TAMS 0x0000000085900000, 0x0000000085800000| Untracked 
|  11|0x0000000085900000, 0x0000000085a00000, 0x0000000085a00000|100%| O|  |TAMS 0x0000000085a00000, 0x0000000085900000| Untracked 
|  12|0x0000000085a00000, 0x0000000085b00000, 0x0000000085b00000|100%| O|  |TAMS 0x0000000085b00000, 0x0000000085a00000| Untracked 
|  13|0x0000000085b00000, 0x0000000085c00000, 0x0000000085c00000|100%| O|  |TAMS 0x0000000085c00000, 0x0000000085b00000| Untracked 
|  14|0x0000000085c00000, 0x0000000085d00000, 0x0000000085d00000|100%| O|  |TAMS 0x0000000085d00000, 0x0000000085c00000| Untracked 
|  15|0x0000000085d00000, 0x0000000085e00000, 0x0000000085e00000|100%| O|  |TAMS 0x0000000085e00000, 0x0000000085d00000| Untracked 
|  16|0x0000000085e00000, 0x0000000085f00000, 0x0000000085f00000|100%| O|  |TAMS 0x0000000085f00000, 0x0000000085e00000| Untracked 
|  17|0x0000000085f00000, 0x0000000086000000, 0x0000000086000000|100%| O|  |TAMS 0x0000000086000000, 0x0000000085f00000| Untracked 
|  18|0x0000000086000000, 0x0000000086100000, 0x0000000086100000|100%| O|  |TAMS 0x0000000086100000, 0x0000000086000000| Untracked 
|  19|0x0000000086100000, 0x0000000086200000, 0x0000000086200000|100%| O|  |TAMS 0x0000000086200000, 0x0000000086100000| Untracked 
|  20|0x0000000086200000, 0x0000000086300000, 0x0000000086300000|100%| O|  |TAMS 0x0000000086300000, 0x0000000086200000| Untracked 
|  21|0x0000000086300000, 0x0000000086400000, 0x0000000086400000|100%| O|  |TAMS 0x0000000086400000, 0x0000000086300000| Untracked 
|  22|0x0000000086400000, 0x0000000086500000, 0x0000000086500000|100%| O|  |TAMS 0x0000000086500000, 0x0000000086400000| Untracked 
|  23|0x0000000086500000, 0x0000000086600000, 0x0000000086600000|100%| O|  |TAMS 0x0000000086600000, 0x0000000086500000| Untracked 
|  24|0x0000000086600000, 0x0000000086700000, 0x0000000086700000|100%| O|  |TAMS 0x0000000086700000, 0x0000000086600000| Untracked 
|  25|0x0000000086700000, 0x0000000086800000, 0x0000000086800000|100%| O|  |TAMS 0x0000000086800000, 0x0000000086700000| Untracked 
|  26|0x0000000086800000, 0x0000000086900000, 0x0000000086900000|100%| O|  |TAMS 0x0000000086900000, 0x0000000086800000| Untracked 
|  27|0x0000000086900000, 0x0000000086a00000, 0x0000000086a00000|100%| O|  |TAMS 0x0000000086a00000, 0x0000000086900000| Untracked 
|  28|0x0000000086a00000, 0x0000000086b00000, 0x0000000086b00000|100%| O|  |TAMS 0x0000000086b00000, 0x0000000086a00000| Untracked 
|  29|0x0000000086b00000, 0x0000000086c00000, 0x0000000086c00000|100%| O|  |TAMS 0x0000000086c00000, 0x0000000086b00000| Untracked 
|  30|0x0000000086c00000, 0x0000000086d00000, 0x0000000086d00000|100%| O|  |TAMS 0x0000000086d00000, 0x0000000086c00000| Untracked 
|  31|0x0000000086d00000, 0x0000000086e00000, 0x0000000086e00000|100%| O|  |TAMS 0x0000000086e00000, 0x0000000086d00000| Untracked 
|  32|0x0000000086e00000, 0x0000000086f00000, 0x0000000086f00000|100%| O|  |TAMS 0x0000000086f00000, 0x0000000086e00000| Untracked 
|  33|0x0000000086f00000, 0x0000000087000000, 0x0000000087000000|100%| O|  |TAMS 0x0000000087000000, 0x0000000086f00000| Untracked 
|  34|0x0000000087000000, 0x0000000087100000, 0x0000000087100000|100%| O|  |TAMS 0x0000000087100000, 0x0000000087000000| Untracked 
|  35|0x0000000087100000, 0x0000000087200000, 0x0000000087200000|100%| O|  |TAMS 0x0000000087200000, 0x0000000087100000| Untracked 
|  36|0x0000000087200000, 0x0000000087300000, 0x0000000087300000|100%| O|  |TAMS 0x0000000087300000, 0x0000000087200000| Untracked 
|  37|0x0000000087300000, 0x0000000087400000, 0x0000000087400000|100%| O|  |TAMS 0x0000000087400000, 0x0000000087300000| Untracked 
|  38|0x0000000087400000, 0x0000000087500000, 0x0000000087500000|100%| O|  |TAMS 0x0000000087500000, 0x0000000087400000| Untracked 
|  39|0x0000000087500000, 0x0000000087600000, 0x0000000087600000|100%| O|  |TAMS 0x0000000087600000, 0x0000000087500000| Untracked 
|  40|0x0000000087600000, 0x0000000087700000, 0x0000000087700000|100%| O|  |TAMS 0x0000000087700000, 0x0000000087600000| Untracked 
|  41|0x0000000087700000, 0x0000000087800000, 0x0000000087800000|100%| O|  |TAMS 0x0000000087700000, 0x0000000087700000| Untracked 
|  42|0x0000000087800000, 0x0000000087900000, 0x0000000087900000|100%| O|  |TAMS 0x0000000087900000, 0x0000000087800000| Untracked 
|  43|0x0000000087900000, 0x0000000087900000, 0x0000000087a00000|  0%| F|  |TAMS 0x0000000087900000, 0x0000000087900000| Untracked 
|  44|0x0000000087a00000, 0x0000000087b00000, 0x0000000087b00000|100%| O|  |TAMS 0x0000000087b00000, 0x0000000087a00000| Untracked 
|  45|0x0000000087b00000, 0x0000000087c00000, 0x0000000087c00000|100%| O|  |TAMS 0x0000000087c00000, 0x0000000087b00000| Untracked 
|  46|0x0000000087c00000, 0x0000000087c00000, 0x0000000087d00000|  0%| F|  |TAMS 0x0000000087c00000, 0x0000000087c00000| Untracked 
|  47|0x0000000087d00000, 0x0000000087e00000, 0x0000000087e00000|100%| O|  |TAMS 0x0000000087e00000, 0x0000000087d00000| Untracked 
|  48|0x0000000087e00000, 0x0000000087f00000, 0x0000000087f00000|100%| O|  |TAMS 0x0000000087f00000, 0x0000000087e00000| Untracked 
|  49|0x0000000087f00000, 0x0000000088000000, 0x0000000088000000|100%| O|  |TAMS 0x0000000088000000, 0x0000000087f00000| Untracked 
|  50|0x0000000088000000, 0x0000000088100000, 0x0000000088100000|100%| O|  |TAMS 0x0000000088100000, 0x0000000088000000| Untracked 
|  51|0x0000000088100000, 0x0000000088200000, 0x0000000088200000|100%| O|  |TAMS 0x0000000088200000, 0x0000000088100000| Untracked 
|  52|0x0000000088200000, 0x0000000088300000, 0x0000000088300000|100%| O|  |TAMS 0x0000000088300000, 0x0000000088200000| Untracked 
|  53|0x0000000088300000, 0x0000000088400000, 0x0000000088400000|100%| O|  |TAMS 0x0000000088400000, 0x0000000088300000| Untracked 
|  54|0x0000000088400000, 0x0000000088500000, 0x0000000088500000|100%| O|  |TAMS 0x0000000088500000, 0x0000000088400000| Untracked 
|  55|0x0000000088500000, 0x0000000088600000, 0x0000000088600000|100%| O|  |TAMS 0x0000000088600000, 0x0000000088500000| Untracked 
|  56|0x0000000088600000, 0x0000000088700000, 0x0000000088700000|100%| O|  |TAMS 0x0000000088700000, 0x0000000088600000| Untracked 
|  57|0x0000000088700000, 0x0000000088800000, 0x0000000088800000|100%| O|  |TAMS 0x0000000088800000, 0x0000000088700000| Untracked 
|  58|0x0000000088800000, 0x0000000088900000, 0x0000000088900000|100%| O|  |TAMS 0x0000000088900000, 0x0000000088800000| Untracked 
|  59|0x0000000088900000, 0x0000000088a00000, 0x0000000088a00000|100%| O|  |TAMS 0x0000000088a00000, 0x0000000088900000| Untracked 
|  60|0x0000000088a00000, 0x0000000088b00000, 0x0000000088b00000|100%| O|  |TAMS 0x0000000088b00000, 0x0000000088a00000| Untracked 
|  61|0x0000000088b00000, 0x0000000088c00000, 0x0000000088c00000|100%| O|  |TAMS 0x0000000088b55000, 0x0000000088b00000| Untracked 
|  62|0x0000000088c00000, 0x0000000088d00000, 0x0000000088d00000|100%| O|  |TAMS 0x0000000088c00000, 0x0000000088c00000| Untracked 
|  63|0x0000000088d00000, 0x0000000088e00000, 0x0000000088e00000|100%| O|  |TAMS 0x0000000088d00000, 0x0000000088d00000| Untracked 
|  64|0x0000000088e00000, 0x0000000088f00000, 0x0000000088f00000|100%| O|  |TAMS 0x0000000088e00000, 0x0000000088e00000| Untracked 
|  65|0x0000000088f00000, 0x0000000089000000, 0x0000000089000000|100%| O|  |TAMS 0x0000000088f00000, 0x0000000088f00000| Untracked 
|  66|0x0000000089000000, 0x0000000089100000, 0x0000000089100000|100%| O|  |TAMS 0x0000000089000000, 0x0000000089000000| Untracked 
|  67|0x0000000089100000, 0x0000000089200000, 0x0000000089200000|100%| O|  |TAMS 0x0000000089100000, 0x0000000089100000| Untracked 
|  68|0x0000000089200000, 0x0000000089300000, 0x0000000089300000|100%| O|  |TAMS 0x0000000089200000, 0x0000000089200000| Untracked 
|  69|0x0000000089300000, 0x0000000089319e00, 0x0000000089400000| 10%| O|  |TAMS 0x0000000089300000, 0x0000000089300000| Untracked 
|  70|0x0000000089400000, 0x0000000089400000, 0x0000000089500000|  0%| F|  |TAMS 0x0000000089400000, 0x0000000089400000| Untracked 
|  71|0x0000000089500000, 0x0000000089500000, 0x0000000089600000|  0%| F|  |TAMS 0x0000000089500000, 0x0000000089500000| Untracked 
|  72|0x0000000089600000, 0x0000000089600000, 0x0000000089700000|  0%| F|  |TAMS 0x0000000089600000, 0x0000000089600000| Untracked 
|  73|0x0000000089700000, 0x0000000089700000, 0x0000000089800000|  0%| F|  |TAMS 0x0000000089700000, 0x0000000089700000| Untracked 
|  74|0x0000000089800000, 0x0000000089800000, 0x0000000089900000|  0%| F|  |TAMS 0x0000000089800000, 0x0000000089800000| Untracked 
|  75|0x0000000089900000, 0x0000000089900000, 0x0000000089a00000|  0%| F|  |TAMS 0x0000000089900000, 0x0000000089900000| Untracked 
|  76|0x0000000089a00000, 0x0000000089a00000, 0x0000000089b00000|  0%| F|  |TAMS 0x0000000089a00000, 0x0000000089a00000| Untracked 
|  77|0x0000000089b00000, 0x0000000089b00000, 0x0000000089c00000|  0%| F|  |TAMS 0x0000000089b00000, 0x0000000089b00000| Untracked 
|  78|0x0000000089c00000, 0x0000000089c00000, 0x0000000089d00000|  0%| F|  |TAMS 0x0000000089c00000, 0x0000000089c00000| Untracked 
|  79|0x0000000089d00000, 0x0000000089d00000, 0x0000000089e00000|  0%| F|  |TAMS 0x0000000089d00000, 0x0000000089d00000| Untracked 
|  80|0x0000000089e00000, 0x0000000089e00000, 0x0000000089f00000|  0%| F|  |TAMS 0x0000000089e00000, 0x0000000089e00000| Untracked 
|  81|0x0000000089f00000, 0x0000000089f00000, 0x000000008a000000|  0%| F|  |TAMS 0x0000000089f00000, 0x0000000089f00000| Untracked 
|  82|0x000000008a000000, 0x000000008a000000, 0x000000008a100000|  0%| F|  |TAMS 0x000000008a000000, 0x000000008a000000| Untracked 
|  83|0x000000008a100000, 0x000000008a100000, 0x000000008a200000|  0%| F|  |TAMS 0x000000008a100000, 0x000000008a100000| Untracked 
|  84|0x000000008a200000, 0x000000008a200000, 0x000000008a300000|  0%| F|  |TAMS 0x000000008a200000, 0x000000008a200000| Untracked 
|  85|0x000000008a300000, 0x000000008a300000, 0x000000008a400000|  0%| F|  |TAMS 0x000000008a300000, 0x000000008a300000| Untracked 
|  86|0x000000008a400000, 0x000000008a400000, 0x000000008a500000|  0%| F|  |TAMS 0x000000008a400000, 0x000000008a400000| Untracked 
|  87|0x000000008a500000, 0x000000008a500000, 0x000000008a600000|  0%| F|  |TAMS 0x000000008a500000, 0x000000008a500000| Untracked 
|  88|0x000000008a600000, 0x000000008a600000, 0x000000008a700000|  0%| F|  |TAMS 0x000000008a600000, 0x000000008a600000| Untracked 
|  89|0x000000008a700000, 0x000000008a700000, 0x000000008a800000|  0%| F|  |TAMS 0x000000008a700000, 0x000000008a700000| Untracked 
|  90|0x000000008a800000, 0x000000008a800000, 0x000000008a900000|  0%| F|  |TAMS 0x000000008a800000, 0x000000008a800000| Untracked 
|  91|0x000000008a900000, 0x000000008a900000, 0x000000008aa00000|  0%| F|  |TAMS 0x000000008a900000, 0x000000008a900000| Untracked 
|  92|0x000000008aa00000, 0x000000008aa00000, 0x000000008ab00000|  0%| F|  |TAMS 0x000000008aa00000, 0x000000008aa00000| Untracked 
|  93|0x000000008ab00000, 0x000000008ab00000, 0x000000008ac00000|  0%| F|  |TAMS 0x000000008ab00000, 0x000000008ab00000| Untracked 
|  94|0x000000008ac00000, 0x000000008ac00000, 0x000000008ad00000|  0%| F|  |TAMS 0x000000008ac00000, 0x000000008ac00000| Untracked 
|  95|0x000000008ad00000, 0x000000008ad00000, 0x000000008ae00000|  0%| F|  |TAMS 0x000000008ad00000, 0x000000008ad00000| Untracked 
|  96|0x000000008ae00000, 0x000000008ae00000, 0x000000008af00000|  0%| F|  |TAMS 0x000000008ae00000, 0x000000008ae00000| Untracked 
|  97|0x000000008af00000, 0x000000008af00000, 0x000000008b000000|  0%| F|  |TAMS 0x000000008af00000, 0x000000008af00000| Untracked 
|  98|0x000000008b000000, 0x000000008b000000, 0x000000008b100000|  0%| F|  |TAMS 0x000000008b000000, 0x000000008b000000| Untracked 
|  99|0x000000008b100000, 0x000000008b100000, 0x000000008b200000|  0%| F|  |TAMS 0x000000008b100000, 0x000000008b100000| Untracked 
| 100|0x000000008b200000, 0x000000008b200000, 0x000000008b300000|  0%| F|  |TAMS 0x000000008b200000, 0x000000008b200000| Untracked 
| 101|0x000000008b300000, 0x000000008b300000, 0x000000008b400000|  0%| F|  |TAMS 0x000000008b300000, 0x000000008b300000| Untracked 
| 102|0x000000008b400000, 0x000000008b400000, 0x000000008b500000|  0%| F|  |TAMS 0x000000008b400000, 0x000000008b400000| Untracked 
| 103|0x000000008b500000, 0x000000008b500000, 0x000000008b600000|  0%| F|  |TAMS 0x000000008b500000, 0x000000008b500000| Untracked 
| 104|0x000000008b600000, 0x000000008b600000, 0x000000008b700000|  0%| F|  |TAMS 0x000000008b600000, 0x000000008b600000| Untracked 
| 105|0x000000008b700000, 0x000000008b700000, 0x000000008b800000|  0%| F|  |TAMS 0x000000008b700000, 0x000000008b700000| Untracked 
| 106|0x000000008b800000, 0x000000008b800000, 0x000000008b900000|  0%| F|  |TAMS 0x000000008b800000, 0x000000008b800000| Untracked 
| 107|0x000000008b900000, 0x000000008b900000, 0x000000008ba00000|  0%| F|  |TAMS 0x000000008b900000, 0x000000008b900000| Untracked 
| 108|0x000000008ba00000, 0x000000008ba00000, 0x000000008bb00000|  0%| F|  |TAMS 0x000000008ba00000, 0x000000008ba00000| Untracked 
| 109|0x000000008bb00000, 0x000000008bb00000, 0x000000008bc00000|  0%| F|  |TAMS 0x000000008bb00000, 0x000000008bb00000| Untracked 
| 110|0x000000008bc00000, 0x000000008bc00000, 0x000000008bd00000|  0%| F|  |TAMS 0x000000008bc00000, 0x000000008bc00000| Untracked 
| 111|0x000000008bd00000, 0x000000008bd00000, 0x000000008be00000|  0%| F|  |TAMS 0x000000008bd00000, 0x000000008bd00000| Untracked 
| 112|0x000000008be00000, 0x000000008be00000, 0x000000008bf00000|  0%| F|  |TAMS 0x000000008be00000, 0x000000008be00000| Untracked 
| 113|0x000000008bf00000, 0x000000008bf00000, 0x000000008c000000|  0%| F|  |TAMS 0x000000008bf00000, 0x000000008bf00000| Untracked 
| 114|0x000000008c000000, 0x000000008c000000, 0x000000008c100000|  0%| F|  |TAMS 0x000000008c000000, 0x000000008c000000| Untracked 
| 115|0x000000008c100000, 0x000000008c100000, 0x000000008c200000|  0%| F|  |TAMS 0x000000008c100000, 0x000000008c100000| Untracked 
| 116|0x000000008c200000, 0x000000008c200000, 0x000000008c300000|  0%| F|  |TAMS 0x000000008c200000, 0x000000008c200000| Untracked 
| 117|0x000000008c300000, 0x000000008c300000, 0x000000008c400000|  0%| F|  |TAMS 0x000000008c300000, 0x000000008c300000| Untracked 
| 118|0x000000008c400000, 0x000000008c400000, 0x000000008c500000|  0%| F|  |TAMS 0x000000008c400000, 0x000000008c400000| Untracked 
| 119|0x000000008c500000, 0x000000008c500000, 0x000000008c600000|  0%| F|  |TAMS 0x000000008c500000, 0x000000008c500000| Untracked 
| 120|0x000000008c600000, 0x000000008c600000, 0x000000008c700000|  0%| F|  |TAMS 0x000000008c600000, 0x000000008c600000| Untracked 
| 121|0x000000008c700000, 0x000000008c700000, 0x000000008c800000|  0%| F|  |TAMS 0x000000008c700000, 0x000000008c700000| Untracked 
| 122|0x000000008c800000, 0x000000008c800000, 0x000000008c900000|  0%| F|  |TAMS 0x000000008c800000, 0x000000008c800000| Untracked 
| 123|0x000000008c900000, 0x000000008c900000, 0x000000008ca00000|  0%| F|  |TAMS 0x000000008c900000, 0x000000008c900000| Untracked 
| 124|0x000000008ca00000, 0x000000008ca00000, 0x000000008cb00000|  0%| F|  |TAMS 0x000000008ca00000, 0x000000008ca00000| Untracked 
| 125|0x000000008cb00000, 0x000000008cb00000, 0x000000008cc00000|  0%| F|  |TAMS 0x000000008cb00000, 0x000000008cb00000| Untracked 
| 126|0x000000008cc00000, 0x000000008cc00000, 0x000000008cd00000|  0%| F|  |TAMS 0x000000008cc00000, 0x000000008cc00000| Untracked 
| 127|0x000000008cd00000, 0x000000008cd00000, 0x000000008ce00000|  0%| F|  |TAMS 0x000000008cd00000, 0x000000008cd00000| Untracked 
| 128|0x000000008ce00000, 0x000000008ce00000, 0x000000008cf00000|  0%| F|  |TAMS 0x000000008ce00000, 0x000000008ce00000| Untracked 
| 129|0x000000008cf00000, 0x000000008cf00000, 0x000000008d000000|  0%| F|  |TAMS 0x000000008cf00000, 0x000000008cf00000| Untracked 
| 130|0x000000008d000000, 0x000000008d000000, 0x000000008d100000|  0%| F|  |TAMS 0x000000008d000000, 0x000000008d000000| Untracked 
| 131|0x000000008d100000, 0x000000008d100000, 0x000000008d200000|  0%| F|  |TAMS 0x000000008d100000, 0x000000008d100000| Untracked 
| 132|0x000000008d200000, 0x000000008d200000, 0x000000008d300000|  0%| F|  |TAMS 0x000000008d200000, 0x000000008d200000| Untracked 
| 133|0x000000008d300000, 0x000000008d300000, 0x000000008d400000|  0%| F|  |TAMS 0x000000008d300000, 0x000000008d300000| Untracked 
| 134|0x000000008d400000, 0x000000008d400000, 0x000000008d500000|  0%| F|  |TAMS 0x000000008d400000, 0x000000008d400000| Untracked 
| 135|0x000000008d500000, 0x000000008d500000, 0x000000008d600000|  0%| F|  |TAMS 0x000000008d500000, 0x000000008d500000| Untracked 
| 136|0x000000008d600000, 0x000000008d600000, 0x000000008d700000|  0%| F|  |TAMS 0x000000008d600000, 0x000000008d600000| Untracked 
| 137|0x000000008d700000, 0x000000008d700000, 0x000000008d800000|  0%| F|  |TAMS 0x000000008d700000, 0x000000008d700000| Untracked 
| 138|0x000000008d800000, 0x000000008d800000, 0x000000008d900000|  0%| F|  |TAMS 0x000000008d800000, 0x000000008d800000| Untracked 
| 139|0x000000008d900000, 0x000000008d97e5e8, 0x000000008da00000| 49%| S|CS|TAMS 0x000000008d900000, 0x000000008d900000| Complete 
| 140|0x000000008da00000, 0x000000008da00000, 0x000000008db00000|  0%| F|  |TAMS 0x000000008da00000, 0x000000008da00000| Untracked 
| 141|0x000000008db00000, 0x000000008db00000, 0x000000008dc00000|  0%| F|  |TAMS 0x000000008db00000, 0x000000008db00000| Untracked 
| 142|0x000000008dc00000, 0x000000008dc00000, 0x000000008dd00000|  0%| F|  |TAMS 0x000000008dc00000, 0x000000008dc00000| Untracked 
| 143|0x000000008dd00000, 0x000000008dd00000, 0x000000008de00000|  0%| F|  |TAMS 0x000000008dd00000, 0x000000008dd00000| Untracked 
| 144|0x000000008de00000, 0x000000008de00000, 0x000000008df00000|  0%| F|  |TAMS 0x000000008de00000, 0x000000008de00000| Untracked 
| 145|0x000000008df00000, 0x000000008df00000, 0x000000008e000000|  0%| F|  |TAMS 0x000000008df00000, 0x000000008df00000| Untracked 
| 146|0x000000008e000000, 0x000000008e000000, 0x000000008e100000|  0%| F|  |TAMS 0x000000008e000000, 0x000000008e000000| Untracked 
| 147|0x000000008e100000, 0x000000008e100000, 0x000000008e200000|  0%| F|  |TAMS 0x000000008e100000, 0x000000008e100000| Untracked 
| 148|0x000000008e200000, 0x000000008e200000, 0x000000008e300000|  0%| F|  |TAMS 0x000000008e200000, 0x000000008e200000| Untracked 
| 149|0x000000008e300000, 0x000000008e300000, 0x000000008e400000|  0%| F|  |TAMS 0x000000008e300000, 0x000000008e300000| Untracked 
| 150|0x000000008e400000, 0x000000008e400000, 0x000000008e500000|  0%| F|  |TAMS 0x000000008e400000, 0x000000008e400000| Untracked 
| 151|0x000000008e500000, 0x000000008e500000, 0x000000008e600000|  0%| F|  |TAMS 0x000000008e500000, 0x000000008e500000| Untracked 
| 152|0x000000008e600000, 0x000000008e600000, 0x000000008e700000|  0%| F|  |TAMS 0x000000008e600000, 0x000000008e600000| Untracked 
| 153|0x000000008e700000, 0x000000008e700000, 0x000000008e800000|  0%| F|  |TAMS 0x000000008e700000, 0x000000008e700000| Untracked 
| 154|0x000000008e800000, 0x000000008e800000, 0x000000008e900000|  0%| F|  |TAMS 0x000000008e800000, 0x000000008e800000| Untracked 
| 155|0x000000008e900000, 0x000000008e900000, 0x000000008ea00000|  0%| F|  |TAMS 0x000000008e900000, 0x000000008e900000| Untracked 
| 156|0x000000008ea00000, 0x000000008ea00000, 0x000000008eb00000|  0%| F|  |TAMS 0x000000008ea00000, 0x000000008ea00000| Untracked 
| 157|0x000000008eb00000, 0x000000008eb00000, 0x000000008ec00000|  0%| F|  |TAMS 0x000000008eb00000, 0x000000008eb00000| Untracked 
| 158|0x000000008ec00000, 0x000000008ec00000, 0x000000008ed00000|  0%| F|  |TAMS 0x000000008ec00000, 0x000000008ec00000| Untracked 
| 159|0x000000008ed00000, 0x000000008ed00000, 0x000000008ee00000|  0%| F|  |TAMS 0x000000008ed00000, 0x000000008ed00000| Untracked 
| 160|0x000000008ee00000, 0x000000008ee00000, 0x000000008ef00000|  0%| F|  |TAMS 0x000000008ee00000, 0x000000008ee00000| Untracked 
| 161|0x000000008ef00000, 0x000000008ef00000, 0x000000008f000000|  0%| F|  |TAMS 0x000000008ef00000, 0x000000008ef00000| Untracked 
| 162|0x000000008f000000, 0x000000008f000000, 0x000000008f100000|  0%| F|  |TAMS 0x000000008f000000, 0x000000008f000000| Untracked 
| 163|0x000000008f100000, 0x000000008f100000, 0x000000008f200000|  0%| F|  |TAMS 0x000000008f100000, 0x000000008f100000| Untracked 
| 164|0x000000008f200000, 0x000000008f200000, 0x000000008f300000|  0%| F|  |TAMS 0x000000008f200000, 0x000000008f200000| Untracked 
| 165|0x000000008f300000, 0x000000008f300000, 0x000000008f400000|  0%| F|  |TAMS 0x000000008f300000, 0x000000008f300000| Untracked 
| 166|0x000000008f400000, 0x000000008f400000, 0x000000008f500000|  0%| F|  |TAMS 0x000000008f400000, 0x000000008f400000| Untracked 
| 167|0x000000008f500000, 0x000000008f500000, 0x000000008f600000|  0%| F|  |TAMS 0x000000008f500000, 0x000000008f500000| Untracked 
| 168|0x000000008f600000, 0x000000008f600000, 0x000000008f700000|  0%| F|  |TAMS 0x000000008f600000, 0x000000008f600000| Untracked 
| 169|0x000000008f700000, 0x000000008f700000, 0x000000008f800000|  0%| F|  |TAMS 0x000000008f700000, 0x000000008f700000| Untracked 
| 170|0x000000008f800000, 0x000000008f800000, 0x000000008f900000|  0%| F|  |TAMS 0x000000008f800000, 0x000000008f800000| Untracked 
| 171|0x000000008f900000, 0x000000008f900000, 0x000000008fa00000|  0%| F|  |TAMS 0x000000008f900000, 0x000000008f900000| Untracked 
| 172|0x000000008fa00000, 0x000000008fa00000, 0x000000008fb00000|  0%| F|  |TAMS 0x000000008fa00000, 0x000000008fa00000| Untracked 
| 173|0x000000008fb00000, 0x000000008fb00000, 0x000000008fc00000|  0%| F|  |TAMS 0x000000008fb00000, 0x000000008fb00000| Untracked 
| 174|0x000000008fc00000, 0x000000008fc00000, 0x000000008fd00000|  0%| F|  |TAMS 0x000000008fc00000, 0x000000008fc00000| Untracked 
| 175|0x000000008fd00000, 0x000000008fd00000, 0x000000008fe00000|  0%| F|  |TAMS 0x000000008fd00000, 0x000000008fd00000| Untracked 
| 176|0x000000008fe00000, 0x000000008fe00000, 0x000000008ff00000|  0%| F|  |TAMS 0x000000008fe00000, 0x000000008fe00000| Untracked 
| 177|0x000000008ff00000, 0x000000008ff00000, 0x0000000090000000|  0%| F|  |TAMS 0x000000008ff00000, 0x000000008ff00000| Untracked 
| 178|0x0000000090000000, 0x0000000090000000, 0x0000000090100000|  0%| F|  |TAMS 0x0000000090000000, 0x0000000090000000| Untracked 
| 179|0x0000000090100000, 0x0000000090100000, 0x0000000090200000|  0%| F|  |TAMS 0x0000000090100000, 0x0000000090100000| Untracked 
| 180|0x0000000090200000, 0x0000000090200000, 0x0000000090300000|  0%| F|  |TAMS 0x0000000090200000, 0x0000000090200000| Untracked 
| 181|0x0000000090300000, 0x0000000090300000, 0x0000000090400000|  0%| F|  |TAMS 0x0000000090300000, 0x0000000090300000| Untracked 
| 182|0x0000000090400000, 0x0000000090400000, 0x0000000090500000|  0%| F|  |TAMS 0x0000000090400000, 0x0000000090400000| Untracked 
| 183|0x0000000090500000, 0x0000000090500000, 0x0000000090600000|  0%| F|  |TAMS 0x0000000090500000, 0x0000000090500000| Untracked 
| 184|0x0000000090600000, 0x0000000090600000, 0x0000000090700000|  0%| F|  |TAMS 0x0000000090600000, 0x0000000090600000| Untracked 
| 185|0x0000000090700000, 0x0000000090700000, 0x0000000090800000|  0%| F|  |TAMS 0x0000000090700000, 0x0000000090700000| Untracked 
| 186|0x0000000090800000, 0x0000000090800000, 0x0000000090900000|  0%| F|  |TAMS 0x0000000090800000, 0x0000000090800000| Untracked 
| 187|0x0000000090900000, 0x0000000090900000, 0x0000000090a00000|  0%| F|  |TAMS 0x0000000090900000, 0x0000000090900000| Untracked 
| 188|0x0000000090a00000, 0x0000000090a00000, 0x0000000090b00000|  0%| F|  |TAMS 0x0000000090a00000, 0x0000000090a00000| Untracked 
| 189|0x0000000090b00000, 0x0000000090b00000, 0x0000000090c00000|  0%| F|  |TAMS 0x0000000090b00000, 0x0000000090b00000| Untracked 
| 190|0x0000000090c00000, 0x0000000090c00000, 0x0000000090d00000|  0%| F|  |TAMS 0x0000000090c00000, 0x0000000090c00000| Untracked 
| 191|0x0000000090d00000, 0x0000000090d00000, 0x0000000090e00000|  0%| F|  |TAMS 0x0000000090d00000, 0x0000000090d00000| Untracked 
| 192|0x0000000090e00000, 0x0000000090e00000, 0x0000000090f00000|  0%| F|  |TAMS 0x0000000090e00000, 0x0000000090e00000| Untracked 
| 193|0x0000000090f00000, 0x0000000090f00000, 0x0000000091000000|  0%| F|  |TAMS 0x0000000090f00000, 0x0000000090f00000| Untracked 
| 194|0x0000000091000000, 0x0000000091000000, 0x0000000091100000|  0%| F|  |TAMS 0x0000000091000000, 0x0000000091000000| Untracked 
| 195|0x0000000091100000, 0x0000000091100000, 0x0000000091200000|  0%| F|  |TAMS 0x0000000091100000, 0x0000000091100000| Untracked 
| 196|0x0000000091200000, 0x0000000091200000, 0x0000000091300000|  0%| F|  |TAMS 0x0000000091200000, 0x0000000091200000| Untracked 
| 197|0x0000000091300000, 0x0000000091300000, 0x0000000091400000|  0%| F|  |TAMS 0x0000000091300000, 0x0000000091300000| Untracked 
| 198|0x0000000091400000, 0x0000000091400000, 0x0000000091500000|  0%| F|  |TAMS 0x0000000091400000, 0x0000000091400000| Untracked 
| 199|0x0000000091500000, 0x0000000091500000, 0x0000000091600000|  0%| F|  |TAMS 0x0000000091500000, 0x0000000091500000| Untracked 
| 200|0x0000000091600000, 0x0000000091600000, 0x0000000091700000|  0%| F|  |TAMS 0x0000000091600000, 0x0000000091600000| Untracked 
| 201|0x0000000091700000, 0x0000000091700000, 0x0000000091800000|  0%| F|  |TAMS 0x0000000091700000, 0x0000000091700000| Untracked 
| 202|0x0000000091800000, 0x0000000091800000, 0x0000000091900000|  0%| F|  |TAMS 0x0000000091800000, 0x0000000091800000| Untracked 
| 203|0x0000000091900000, 0x0000000091900000, 0x0000000091a00000|  0%| F|  |TAMS 0x0000000091900000, 0x0000000091900000| Untracked 
| 204|0x0000000091a00000, 0x0000000091a00000, 0x0000000091b00000|  0%| F|  |TAMS 0x0000000091a00000, 0x0000000091a00000| Untracked 
| 205|0x0000000091b00000, 0x0000000091b00000, 0x0000000091c00000|  0%| F|  |TAMS 0x0000000091b00000, 0x0000000091b00000| Untracked 
| 206|0x0000000091c00000, 0x0000000091c00000, 0x0000000091d00000|  0%| F|  |TAMS 0x0000000091c00000, 0x0000000091c00000| Untracked 
| 207|0x0000000091d00000, 0x0000000091d00000, 0x0000000091e00000|  0%| F|  |TAMS 0x0000000091d00000, 0x0000000091d00000| Untracked 
| 208|0x0000000091e00000, 0x0000000091e00000, 0x0000000091f00000|  0%| F|  |TAMS 0x0000000091e00000, 0x0000000091e00000| Untracked 
| 209|0x0000000091f00000, 0x0000000091f00000, 0x0000000092000000|  0%| F|  |TAMS 0x0000000091f00000, 0x0000000091f00000| Untracked 
| 210|0x0000000092000000, 0x0000000092000000, 0x0000000092100000|  0%| F|  |TAMS 0x0000000092000000, 0x0000000092000000| Untracked 
| 211|0x0000000092100000, 0x0000000092100000, 0x0000000092200000|  0%| F|  |TAMS 0x0000000092100000, 0x0000000092100000| Untracked 
| 212|0x0000000092200000, 0x0000000092200000, 0x0000000092300000|  0%| F|  |TAMS 0x0000000092200000, 0x0000000092200000| Untracked 
| 213|0x0000000092300000, 0x0000000092300000, 0x0000000092400000|  0%| F|  |TAMS 0x0000000092300000, 0x0000000092300000| Untracked 
| 214|0x0000000092400000, 0x0000000092400000, 0x0000000092500000|  0%| F|  |TAMS 0x0000000092400000, 0x0000000092400000| Untracked 
| 215|0x0000000092500000, 0x0000000092500000, 0x0000000092600000|  0%| F|  |TAMS 0x0000000092500000, 0x0000000092500000| Untracked 
| 216|0x0000000092600000, 0x0000000092600000, 0x0000000092700000|  0%| F|  |TAMS 0x0000000092600000, 0x0000000092600000| Untracked 
| 217|0x0000000092700000, 0x0000000092700000, 0x0000000092800000|  0%| F|  |TAMS 0x0000000092700000, 0x0000000092700000| Untracked 
| 218|0x0000000092800000, 0x0000000092800000, 0x0000000092900000|  0%| F|  |TAMS 0x0000000092800000, 0x0000000092800000| Untracked 
| 219|0x0000000092900000, 0x0000000092900000, 0x0000000092a00000|  0%| F|  |TAMS 0x0000000092900000, 0x0000000092900000| Untracked 
| 220|0x0000000092a00000, 0x0000000092a00000, 0x0000000092b00000|  0%| F|  |TAMS 0x0000000092a00000, 0x0000000092a00000| Untracked 
| 221|0x0000000092b00000, 0x0000000092b00000, 0x0000000092c00000|  0%| F|  |TAMS 0x0000000092b00000, 0x0000000092b00000| Untracked 
| 222|0x0000000092c00000, 0x0000000092c00000, 0x0000000092d00000|  0%| F|  |TAMS 0x0000000092c00000, 0x0000000092c00000| Untracked 
| 223|0x0000000092d00000, 0x0000000092d00000, 0x0000000092e00000|  0%| F|  |TAMS 0x0000000092d00000, 0x0000000092d00000| Untracked 
| 224|0x0000000092e00000, 0x0000000092e00000, 0x0000000092f00000|  0%| F|  |TAMS 0x0000000092e00000, 0x0000000092e00000| Untracked 
| 225|0x0000000092f00000, 0x0000000092f00000, 0x0000000093000000|  0%| F|  |TAMS 0x0000000092f00000, 0x0000000092f00000| Untracked 
| 226|0x0000000093000000, 0x0000000093000000, 0x0000000093100000|  0%| F|  |TAMS 0x0000000093000000, 0x0000000093000000| Untracked 
| 227|0x0000000093100000, 0x0000000093100000, 0x0000000093200000|  0%| F|  |TAMS 0x0000000093100000, 0x0000000093100000| Untracked 
| 228|0x0000000093200000, 0x0000000093200000, 0x0000000093300000|  0%| F|  |TAMS 0x0000000093200000, 0x0000000093200000| Untracked 
| 229|0x0000000093300000, 0x0000000093300000, 0x0000000093400000|  0%| F|  |TAMS 0x0000000093300000, 0x0000000093300000| Untracked 
| 230|0x0000000093400000, 0x0000000093400000, 0x0000000093500000|  0%| F|  |TAMS 0x0000000093400000, 0x0000000093400000| Untracked 
| 231|0x0000000093500000, 0x0000000093500000, 0x0000000093600000|  0%| F|  |TAMS 0x0000000093500000, 0x0000000093500000| Untracked 
| 232|0x0000000093600000, 0x0000000093600000, 0x0000000093700000|  0%| F|  |TAMS 0x0000000093600000, 0x0000000093600000| Untracked 
| 233|0x0000000093700000, 0x0000000093700000, 0x0000000093800000|  0%| F|  |TAMS 0x0000000093700000, 0x0000000093700000| Untracked 
| 234|0x0000000093800000, 0x0000000093800000, 0x0000000093900000|  0%| F|  |TAMS 0x0000000093800000, 0x0000000093800000| Untracked 
| 235|0x0000000093900000, 0x0000000093900000, 0x0000000093a00000|  0%| F|  |TAMS 0x0000000093900000, 0x0000000093900000| Untracked 
| 236|0x0000000093a00000, 0x0000000093a00000, 0x0000000093b00000|  0%| F|  |TAMS 0x0000000093a00000, 0x0000000093a00000| Untracked 
| 237|0x0000000093b00000, 0x0000000093b00000, 0x0000000093c00000|  0%| F|  |TAMS 0x0000000093b00000, 0x0000000093b00000| Untracked 
| 238|0x0000000093c00000, 0x0000000093c00000, 0x0000000093d00000|  0%| F|  |TAMS 0x0000000093c00000, 0x0000000093c00000| Untracked 
| 239|0x0000000093d00000, 0x0000000093d00000, 0x0000000093e00000|  0%| F|  |TAMS 0x0000000093d00000, 0x0000000093d00000| Untracked 
| 240|0x0000000093e00000, 0x0000000093e00000, 0x0000000093f00000|  0%| F|  |TAMS 0x0000000093e00000, 0x0000000093e00000| Untracked 
| 241|0x0000000093f00000, 0x0000000093f00000, 0x0000000094000000|  0%| F|  |TAMS 0x0000000093f00000, 0x0000000093f00000| Untracked 
| 242|0x0000000094000000, 0x0000000094000000, 0x0000000094100000|  0%| F|  |TAMS 0x0000000094000000, 0x0000000094000000| Untracked 
| 243|0x0000000094100000, 0x0000000094100000, 0x0000000094200000|  0%| F|  |TAMS 0x0000000094100000, 0x0000000094100000| Untracked 
| 244|0x0000000094200000, 0x0000000094200000, 0x0000000094300000|  0%| F|  |TAMS 0x0000000094200000, 0x0000000094200000| Untracked 
| 245|0x0000000094300000, 0x0000000094300000, 0x0000000094400000|  0%| F|  |TAMS 0x0000000094300000, 0x0000000094300000| Untracked 
| 246|0x0000000094400000, 0x0000000094400000, 0x0000000094500000|  0%| F|  |TAMS 0x0000000094400000, 0x0000000094400000| Untracked 
| 247|0x0000000094500000, 0x0000000094500000, 0x0000000094600000|  0%| F|  |TAMS 0x0000000094500000, 0x0000000094500000| Untracked 
| 248|0x0000000094600000, 0x0000000094600000, 0x0000000094700000|  0%| F|  |TAMS 0x0000000094600000, 0x0000000094600000| Untracked 
| 249|0x0000000094700000, 0x0000000094700000, 0x0000000094800000|  0%| F|  |TAMS 0x0000000094700000, 0x0000000094700000| Untracked 
| 250|0x0000000094800000, 0x0000000094880800, 0x0000000094900000| 50%| E|  |TAMS 0x0000000094800000, 0x0000000094800000| Complete 
| 251|0x0000000094900000, 0x0000000094a00000, 0x0000000094a00000|100%| E|CS|TAMS 0x0000000094900000, 0x0000000094900000| Complete 
| 252|0x0000000094a00000, 0x0000000094b00000, 0x0000000094b00000|100%| E|CS|TAMS 0x0000000094a00000, 0x0000000094a00000| Complete 
| 253|0x0000000094b00000, 0x0000000094c00000, 0x0000000094c00000|100%| E|CS|TAMS 0x0000000094b00000, 0x0000000094b00000| Complete 
| 254|0x0000000094c00000, 0x0000000094d00000, 0x0000000094d00000|100%| E|CS|TAMS 0x0000000094c00000, 0x0000000094c00000| Complete 
| 255|0x0000000094d00000, 0x0000000094e00000, 0x0000000094e00000|100%| E|CS|TAMS 0x0000000094d00000, 0x0000000094d00000| Complete 
| 256|0x0000000094e00000, 0x0000000094f00000, 0x0000000094f00000|100%| E|CS|TAMS 0x0000000094e00000, 0x0000000094e00000| Complete 
| 257|0x0000000094f00000, 0x0000000095000000, 0x0000000095000000|100%| E|CS|TAMS 0x0000000094f00000, 0x0000000094f00000| Complete 
| 258|0x0000000095000000, 0x0000000095100000, 0x0000000095100000|100%| E|CS|TAMS 0x0000000095000000, 0x0000000095000000| Complete 
| 259|0x0000000095100000, 0x0000000095200000, 0x0000000095200000|100%| E|CS|TAMS 0x0000000095100000, 0x0000000095100000| Complete 
| 260|0x0000000095200000, 0x0000000095300000, 0x0000000095300000|100%| E|CS|TAMS 0x0000000095200000, 0x0000000095200000| Complete 
| 261|0x0000000095300000, 0x0000000095400000, 0x0000000095400000|100%| E|CS|TAMS 0x0000000095300000, 0x0000000095300000| Complete 
| 262|0x0000000095400000, 0x0000000095500000, 0x0000000095500000|100%| E|CS|TAMS 0x0000000095400000, 0x0000000095400000| Complete 
| 263|0x0000000095500000, 0x0000000095600000, 0x0000000095600000|100%| E|CS|TAMS 0x0000000095500000, 0x0000000095500000| Complete 
| 264|0x0000000095600000, 0x0000000095700000, 0x0000000095700000|100%| E|CS|TAMS 0x0000000095600000, 0x0000000095600000| Complete 
| 265|0x0000000095700000, 0x0000000095800000, 0x0000000095800000|100%| E|CS|TAMS 0x0000000095700000, 0x0000000095700000| Complete 
| 266|0x0000000095800000, 0x0000000095900000, 0x0000000095900000|100%| E|CS|TAMS 0x0000000095800000, 0x0000000095800000| Complete 
| 267|0x0000000095900000, 0x0000000095a00000, 0x0000000095a00000|100%| E|CS|TAMS 0x0000000095900000, 0x0000000095900000| Complete 
| 268|0x0000000095a00000, 0x0000000095b00000, 0x0000000095b00000|100%| E|CS|TAMS 0x0000000095a00000, 0x0000000095a00000| Complete 
| 269|0x0000000095b00000, 0x0000000095c00000, 0x0000000095c00000|100%| E|CS|TAMS 0x0000000095b00000, 0x0000000095b00000| Complete 
| 270|0x0000000095c00000, 0x0000000095d00000, 0x0000000095d00000|100%| E|CS|TAMS 0x0000000095c00000, 0x0000000095c00000| Complete 
| 271|0x0000000095d00000, 0x0000000095e00000, 0x0000000095e00000|100%| E|CS|TAMS 0x0000000095d00000, 0x0000000095d00000| Complete 
| 272|0x0000000095e00000, 0x0000000095f00000, 0x0000000095f00000|100%| E|CS|TAMS 0x0000000095e00000, 0x0000000095e00000| Complete 
| 273|0x0000000095f00000, 0x0000000096000000, 0x0000000096000000|100%| E|CS|TAMS 0x0000000095f00000, 0x0000000095f00000| Complete 
| 274|0x0000000096000000, 0x0000000096100000, 0x0000000096100000|100%| E|CS|TAMS 0x0000000096000000, 0x0000000096000000| Complete 
| 275|0x0000000096100000, 0x0000000096200000, 0x0000000096200000|100%| E|CS|TAMS 0x0000000096100000, 0x0000000096100000| Complete 
| 276|0x0000000096200000, 0x0000000096300000, 0x0000000096300000|100%| E|CS|TAMS 0x0000000096200000, 0x0000000096200000| Complete 
| 277|0x0000000096300000, 0x0000000096400000, 0x0000000096400000|100%| E|CS|TAMS 0x0000000096300000, 0x0000000096300000| Complete 
| 278|0x0000000096400000, 0x0000000096500000, 0x0000000096500000|100%| E|CS|TAMS 0x0000000096400000, 0x0000000096400000| Complete 
| 279|0x0000000096500000, 0x0000000096600000, 0x0000000096600000|100%| E|CS|TAMS 0x0000000096500000, 0x0000000096500000| Complete 
| 280|0x0000000096600000, 0x0000000096700000, 0x0000000096700000|100%| E|CS|TAMS 0x0000000096600000, 0x0000000096600000| Complete 
| 281|0x0000000096700000, 0x0000000096800000, 0x0000000096800000|100%| E|CS|TAMS 0x0000000096700000, 0x0000000096700000| Complete 
| 282|0x0000000096800000, 0x0000000096900000, 0x0000000096900000|100%| E|CS|TAMS 0x0000000096800000, 0x0000000096800000| Complete 
| 283|0x0000000096900000, 0x0000000096a00000, 0x0000000096a00000|100%| E|CS|TAMS 0x0000000096900000, 0x0000000096900000| Complete 
| 284|0x0000000096a00000, 0x0000000096b00000, 0x0000000096b00000|100%| E|CS|TAMS 0x0000000096a00000, 0x0000000096a00000| Complete 
| 285|0x0000000096b00000, 0x0000000096c00000, 0x0000000096c00000|100%| E|CS|TAMS 0x0000000096b00000, 0x0000000096b00000| Complete 
| 286|0x0000000096c00000, 0x0000000096d00000, 0x0000000096d00000|100%| E|CS|TAMS 0x0000000096c00000, 0x0000000096c00000| Complete 
| 287|0x0000000096d00000, 0x0000000096e00000, 0x0000000096e00000|100%| E|CS|TAMS 0x0000000096d00000, 0x0000000096d00000| Complete 
| 288|0x0000000096e00000, 0x0000000096f00000, 0x0000000096f00000|100%| E|CS|TAMS 0x0000000096e00000, 0x0000000096e00000| Complete 
| 289|0x0000000096f00000, 0x0000000097000000, 0x0000000097000000|100%| E|CS|TAMS 0x0000000096f00000, 0x0000000096f00000| Complete 
| 290|0x0000000097000000, 0x0000000097100000, 0x0000000097100000|100%| E|CS|TAMS 0x0000000097000000, 0x0000000097000000| Complete 
| 291|0x0000000097100000, 0x0000000097200000, 0x0000000097200000|100%| E|CS|TAMS 0x0000000097100000, 0x0000000097100000| Complete 
| 292|0x0000000097200000, 0x0000000097300000, 0x0000000097300000|100%| E|CS|TAMS 0x0000000097200000, 0x0000000097200000| Complete 
| 293|0x0000000097300000, 0x0000000097400000, 0x0000000097400000|100%| E|CS|TAMS 0x0000000097300000, 0x0000000097300000| Complete 
| 294|0x0000000097400000, 0x0000000097500000, 0x0000000097500000|100%| E|CS|TAMS 0x0000000097400000, 0x0000000097400000| Complete 
| 295|0x0000000097500000, 0x0000000097600000, 0x0000000097600000|100%| E|CS|TAMS 0x0000000097500000, 0x0000000097500000| Complete 
| 296|0x0000000097600000, 0x0000000097700000, 0x0000000097700000|100%| E|CS|TAMS 0x0000000097600000, 0x0000000097600000| Complete 
| 297|0x0000000097700000, 0x0000000097800000, 0x0000000097800000|100%| E|CS|TAMS 0x0000000097700000, 0x0000000097700000| Complete 
| 298|0x0000000097800000, 0x0000000097900000, 0x0000000097900000|100%| E|CS|TAMS 0x0000000097800000, 0x0000000097800000| Complete 
| 299|0x0000000097900000, 0x0000000097a00000, 0x0000000097a00000|100%| E|CS|TAMS 0x0000000097900000, 0x0000000097900000| Complete 
| 300|0x0000000097a00000, 0x0000000097b00000, 0x0000000097b00000|100%| E|CS|TAMS 0x0000000097a00000, 0x0000000097a00000| Complete 
| 301|0x0000000097b00000, 0x0000000097c00000, 0x0000000097c00000|100%| E|CS|TAMS 0x0000000097b00000, 0x0000000097b00000| Complete 
| 302|0x0000000097c00000, 0x0000000097d00000, 0x0000000097d00000|100%| E|CS|TAMS 0x0000000097c00000, 0x0000000097c00000| Complete 
| 303|0x0000000097d00000, 0x0000000097e00000, 0x0000000097e00000|100%| E|CS|TAMS 0x0000000097d00000, 0x0000000097d00000| Complete 
| 304|0x0000000097e00000, 0x0000000097f00000, 0x0000000097f00000|100%| E|CS|TAMS 0x0000000097e00000, 0x0000000097e00000| Complete 
| 305|0x0000000097f00000, 0x0000000098000000, 0x0000000098000000|100%| E|CS|TAMS 0x0000000097f00000, 0x0000000097f00000| Complete 
| 306|0x0000000098000000, 0x0000000098100000, 0x0000000098100000|100%| E|CS|TAMS 0x0000000098000000, 0x0000000098000000| Complete 
| 307|0x0000000098100000, 0x0000000098200000, 0x0000000098200000|100%| E|CS|TAMS 0x0000000098100000, 0x0000000098100000| Complete 
| 308|0x0000000098200000, 0x0000000098300000, 0x0000000098300000|100%| E|CS|TAMS 0x0000000098200000, 0x0000000098200000| Complete 
| 309|0x0000000098300000, 0x0000000098400000, 0x0000000098400000|100%| E|CS|TAMS 0x0000000098300000, 0x0000000098300000| Complete 
| 310|0x0000000098400000, 0x0000000098500000, 0x0000000098500000|100%| E|CS|TAMS 0x0000000098400000, 0x0000000098400000| Complete 
| 311|0x0000000098500000, 0x0000000098600000, 0x0000000098600000|100%| E|CS|TAMS 0x0000000098500000, 0x0000000098500000| Complete 
| 312|0x0000000098600000, 0x0000000098700000, 0x0000000098700000|100%| E|CS|TAMS 0x0000000098600000, 0x0000000098600000| Complete 
| 313|0x0000000098700000, 0x0000000098800000, 0x0000000098800000|100%| E|CS|TAMS 0x0000000098700000, 0x0000000098700000| Complete 

Card table byte_map: [0x0000026e63910000,0x0000026e63cf0000] _byte_map_base: 0x0000026e634e9000

Marking Bits (Prev, Next): (CMBitMap*) 0x0000026e4c7a7f90, (CMBitMap*) 0x0000026e4c7a7fd0
 Prev Bits: [0x0000026e640d0000, 0x0000026e65f98000)
 Next Bits: [0x0000026e65fa0000, 0x0000026e67e68000)

Polling page: 0x0000026e4a6d0000

Metaspace:

Usage:
  Non-class:     65.02 MB used.
      Class:     10.32 MB used.
       Both:     75.34 MB used.

Virtual space:
  Non-class space:      128.00 MB reserved,      65.38 MB ( 51%) committed,  2 nodes.
      Class space:        1.00 GB reserved,      10.62 MB (  1%) committed,  1 nodes.
             Both:        1.12 GB reserved,      76.00 MB (  7%) committed. 

Chunk freelists:
   Non-Class:  13.91 MB
       Class:  5.20 MB
        Both:  19.11 MB

MaxMetaspaceSize: unlimited
CompressedClassSpaceSize: 1.00 GB
Initial GC threshold: 21.00 MB
Current GC threshold: 121.19 MB
CDS: on
MetaspaceReclaimPolicy: balanced
 - commit_granule_bytes: 65536.
 - commit_granule_words: 8192.
 - virtual_space_node_default_size: 8388608.
 - enlarge_chunks_in_place: 1.
 - new_chunks_are_fully_committed: 0.
 - uncommit_free_chunks: 1.
 - use_allocation_guard: 0.
 - handle_deallocations: 1.


Internal statistics:

num_allocs_failed_limit: 6.
num_arena_births: 942.
num_arena_deaths: 2.
num_vsnodes_births: 3.
num_vsnodes_deaths: 0.
num_space_committed: 1216.
num_space_uncommitted: 0.
num_chunks_returned_to_freelist: 9.
num_chunks_taken_from_freelist: 3937.
num_chunk_merges: 6.
num_chunk_splits: 2819.
num_chunks_enlarged: 2147.
num_inconsistent_stats: 0.

CodeHeap 'non-profiled nmethods': size=120000Kb used=4973Kb max_used=5576Kb free=115026Kb
 bounds [0x0000026e5bab0000, 0x0000026e5c030000, 0x0000026e62fe0000]
CodeHeap 'profiled nmethods': size=120000Kb used=15769Kb max_used=17419Kb free=104230Kb
 bounds [0x0000026e53fe0000, 0x0000026e550f0000, 0x0000026e5b510000]
CodeHeap 'non-nmethods': size=5760Kb used=1353Kb max_used=1439Kb free=4406Kb
 bounds [0x0000026e5b510000, 0x0000026e5b780000, 0x0000026e5bab0000]
 total_blobs=9030 nmethods=8349 adapters=592
 compilation: enabled
              stopped_count=0, restarted_count=0
 full_count=0

Compilation events (20 events):
Event: 19.460 Thread 0x0000026e6aad01a0 9931       2       org.springframework.boot.context.properties.source.ConfigurationPropertySourcesCaching$$Lambda$134/0x0000026e01109fd8::<init> (10 bytes)
Event: 19.461 Thread 0x0000026e6aad01a0 nmethod 9931 0x0000026e54a73610 code [0x0000026e54a737a0, 0x0000026e54a738f8]
Event: 19.461 Thread 0x0000026e6aad01a0 9927       2       org.springframework.boot.context.properties.bind.JavaBeanBinder$BeanProperty::addSetter (21 bytes)
Event: 19.462 Thread 0x0000026e6aad01a0 nmethod 9927 0x0000026e54fa9d90 code [0x0000026e54fa9f40, 0x0000026e54faa1c8]
Event: 19.467 Thread 0x0000026e6aad01a0 9933   !   3       jdk.proxy2.$Proxy49::annotationType (29 bytes)
Event: 19.468 Thread 0x0000026e6aad01a0 nmethod 9933 0x0000026e546f8c90 code [0x0000026e546f8e60, 0x0000026e546f9258]
Event: 19.468 Thread 0x0000026e6aad01a0 9934   !   3       jdk.proxy2.$Proxy54::annotationType (29 bytes)
Event: 19.468 Thread 0x0000026e6aad01a0 nmethod 9934 0x0000026e54845990 code [0x0000026e54845b60, 0x0000026e54845f58]
Event: 19.486 Thread 0x0000026e6aad01a0 9935       2       org.springframework.core.annotation.RepeatableContainers$ExplicitRepeatableContainer::findRepeatedAnnotations (34 bytes)
Event: 19.487 Thread 0x0000026e6aad01a0 nmethod 9935 0x0000026e54fe0210 code [0x0000026e54fe03e0, 0x0000026e54fe0658]
Event: 19.504 Thread 0x0000026e6aad01a0 9936       2       java.lang.ProcessEnvironment::containsKey (9 bytes)
Event: 19.504 Thread 0x0000026e6aad01a0 nmethod 9936 0x0000026e54a35b10 code [0x0000026e54a35cc0, 0x0000026e54a35ef8]
Event: 19.505 Thread 0x0000026e6aad01a0 9937       2       org.springframework.aop.framework.autoproxy.AbstractAutoProxyCreator::postProcessAfterInitialization (38 bytes)
Event: 19.506 Thread 0x0000026e6aad01a0 nmethod 9937 0x0000026e5440a590 code [0x0000026e5440a7e0, 0x0000026e5440ada8]
Event: 19.506 Thread 0x0000026e6aad01a0 9939   !   2       jdk.proxy2.$Proxy25::annotationType (29 bytes)
Event: 19.507 Thread 0x0000026e6aad01a0 nmethod 9939 0x0000026e54fe8310 code [0x0000026e54fe84c0, 0x0000026e54fe8738]
Event: 19.507 Thread 0x0000026e6aad01a0 9938       2       org.springframework.aop.framework.autoproxy.AbstractAutoProxyCreator::wrapIfNecessary (172 bytes)
Event: 19.509 Thread 0x0000026e6aad01a0 nmethod 9938 0x0000026e54326510 code [0x0000026e543267a0, 0x0000026e54326fa8]
Event: 19.517 Thread 0x0000026e6aad01a0 9940   !   2       java.util.Collections$SynchronizedCollection::add (25 bytes)
Event: 19.518 Thread 0x0000026e6aad01a0 nmethod 9940 0x0000026e54a70d90 code [0x0000026e54a70f40, 0x0000026e54a71148]

GC Heap History (20 events):
Event: 16.465 GC heap before
{Heap before GC invocations=29 (full 0):
 garbage-first heap   total 76800K, used 57915K [0x0000000084e00000, 0x0000000100000000)
  region size 1024K, 21 young (21504K), 3 survivors (3072K)
 Metaspace       used 71454K, committed 72064K, reserved 1114112K
  class space    used 9787K, committed 10048K, reserved 1048576K
}
Event: 16.468 GC heap after
{Heap after GC invocations=30 (full 0):
 garbage-first heap   total 76800K, used 41310K [0x0000000084e00000, 0x0000000100000000)
  region size 1024K, 1 young (1024K), 1 survivors (1024K)
 Metaspace       used 71454K, committed 72064K, reserved 1114112K
  class space    used 9787K, committed 10048K, reserved 1048576K
}
Event: 16.805 GC heap before
{Heap before GC invocations=30 (full 0):
 garbage-first heap   total 76800K, used 61790K [0x0000000084e00000, 0x0000000100000000)
  region size 1024K, 22 young (22528K), 1 survivors (1024K)
 Metaspace       used 73731K, committed 74368K, reserved 1114112K
  class space    used 10223K, committed 10560K, reserved 1048576K
}
Event: 16.808 GC heap after
{Heap after GC invocations=31 (full 0):
 garbage-first heap   total 76800K, used 42619K [0x0000000084e00000, 0x0000000100000000)
  region size 1024K, 3 young (3072K), 3 survivors (3072K)
 Metaspace       used 73731K, committed 74368K, reserved 1114112K
  class space    used 10223K, committed 10560K, reserved 1048576K
}
Event: 16.945 GC heap before
{Heap before GC invocations=32 (full 0):
 garbage-first heap   total 89088K, used 62075K [0x0000000084e00000, 0x0000000100000000)
  region size 1024K, 22 young (22528K), 3 survivors (3072K)
 Metaspace       used 73786K, committed 74432K, reserved 1114112K
  class space    used 10233K, committed 10560K, reserved 1048576K
}
Event: 16.951 GC heap after
{Heap after GC invocations=33 (full 0):
 garbage-first heap   total 89088K, used 46429K [0x0000000084e00000, 0x0000000100000000)
  region size 1024K, 3 young (3072K), 3 survivors (3072K)
 Metaspace       used 73786K, committed 74432K, reserved 1114112K
  class space    used 10233K, committed 10560K, reserved 1048576K
}
Event: 17.078 GC heap before
{Heap before GC invocations=33 (full 0):
 garbage-first heap   total 89088K, used 71005K [0x0000000084e00000, 0x0000000100000000)
  region size 1024K, 27 young (27648K), 3 survivors (3072K)
 Metaspace       used 73921K, committed 74496K, reserved 1114112K
  class space    used 10253K, committed 10560K, reserved 1048576K
}
Event: 17.084 GC heap after
{Heap after GC invocations=34 (full 0):
 garbage-first heap   total 123904K, used 50029K [0x0000000084e00000, 0x0000000100000000)
  region size 1024K, 4 young (4096K), 4 survivors (4096K)
 Metaspace       used 73921K, committed 74496K, reserved 1114112K
  class space    used 10253K, committed 10560K, reserved 1048576K
}
Event: 17.248 GC heap before
{Heap before GC invocations=35 (full 0):
 garbage-first heap   total 123904K, used 92013K [0x0000000084e00000, 0x0000000100000000)
  region size 1024K, 45 young (46080K), 4 survivors (4096K)
 Metaspace       used 73949K, committed 74560K, reserved 1114112K
  class space    used 10254K, committed 10560K, reserved 1048576K
}
Event: 17.254 GC heap after
{Heap after GC invocations=36 (full 0):
 garbage-first heap   total 123904K, used 52515K [0x0000000084e00000, 0x0000000100000000)
  region size 1024K, 3 young (3072K), 3 survivors (3072K)
 Metaspace       used 73949K, committed 74560K, reserved 1114112K
  class space    used 10254K, committed 10560K, reserved 1048576K
}
Event: 17.403 GC heap before
{Heap before GC invocations=36 (full 0):
 garbage-first heap   total 123904K, used 94499K [0x0000000084e00000, 0x0000000100000000)
  region size 1024K, 44 young (45056K), 3 survivors (3072K)
 Metaspace       used 73981K, committed 74560K, reserved 1114112K
  class space    used 10255K, committed 10560K, reserved 1048576K
}
Event: 17.409 GC heap after
{Heap after GC invocations=37 (full 0):
 garbage-first heap   total 123904K, used 56926K [0x0000000084e00000, 0x0000000100000000)
  region size 1024K, 6 young (6144K), 6 survivors (6144K)
 Metaspace       used 73981K, committed 74560K, reserved 1114112K
  class space    used 10255K, committed 10560K, reserved 1048576K
}
Event: 17.524 GC heap before
{Heap before GC invocations=37 (full 0):
 garbage-first heap   total 123904K, used 93790K [0x0000000084e00000, 0x0000000100000000)
  region size 1024K, 42 young (43008K), 6 survivors (6144K)
 Metaspace       used 73981K, committed 74560K, reserved 1114112K
  class space    used 10255K, committed 10560K, reserved 1048576K
}
Event: 17.536 GC heap after
{Heap after GC invocations=38 (full 0):
 garbage-first heap   total 123904K, used 68948K [0x0000000084e00000, 0x0000000100000000)
  region size 1024K, 6 young (6144K), 6 survivors (6144K)
 Metaspace       used 73981K, committed 74560K, reserved 1114112K
  class space    used 10255K, committed 10560K, reserved 1048576K
}
Event: 17.633 GC heap before
{Heap before GC invocations=38 (full 0):
 garbage-first heap   total 123904K, used 93524K [0x0000000084e00000, 0x0000000100000000)
  region size 1024K, 30 young (30720K), 6 survivors (6144K)
 Metaspace       used 73982K, committed 74560K, reserved 1114112K
  class space    used 10255K, committed 10560K, reserved 1048576K
}
Event: 17.641 GC heap after
{Heap after GC invocations=39 (full 0):
 garbage-first heap   total 123904K, used 71725K [0x0000000084e00000, 0x0000000100000000)
  region size 1024K, 2 young (2048K), 2 survivors (2048K)
 Metaspace       used 73982K, committed 74560K, reserved 1114112K
  class space    used 10255K, committed 10560K, reserved 1048576K
}
Event: 17.778 GC heap before
{Heap before GC invocations=40 (full 0):
 garbage-first heap   total 148480K, used 95277K [0x0000000084e00000, 0x0000000100000000)
  region size 1024K, 26 young (26624K), 2 survivors (2048K)
 Metaspace       used 73997K, committed 74560K, reserved 1114112K
  class space    used 10255K, committed 10560K, reserved 1048576K
}
Event: 17.783 GC heap after
{Heap after GC invocations=41 (full 0):
 garbage-first heap   total 148480K, used 70811K [0x0000000084e00000, 0x0000000100000000)
  region size 1024K, 2 young (2048K), 2 survivors (2048K)
 Metaspace       used 73997K, committed 74560K, reserved 1114112K
  class space    used 10255K, committed 10560K, reserved 1048576K
}
Event: 17.886 GC heap before
{Heap before GC invocations=41 (full 0):
 garbage-first heap   total 148480K, used 75931K [0x0000000084e00000, 0x0000000100000000)
  region size 1024K, 7 young (7168K), 2 survivors (2048K)
 Metaspace       used 74143K, committed 74752K, reserved 1114112K
  class space    used 10271K, committed 10560K, reserved 1048576K
}
Event: 17.980 GC heap after
{Heap after GC invocations=42 (full 0):
 garbage-first heap   total 321536K, used 69216K [0x0000000084e00000, 0x0000000100000000)
  region size 1024K, 1 young (1024K), 1 survivors (1024K)
 Metaspace       used 74143K, committed 74752K, reserved 1114112K
  class space    used 10271K, committed 10560K, reserved 1048576K
}

Deoptimization events (20 events):
Event: 19.359 Thread 0x0000026e6fcda790 Uncommon trap: trap_request=0xffffff45 fr.pc=0x0000026e5bb79c54 relative=0x0000000000000334
Event: 19.359 Thread 0x0000026e6fcda790 Uncommon trap: reason=unstable_if action=reinterpret pc=0x0000026e5bb79c54 method=java.lang.String.indexOf([BBILjava/lang/String;I)I @ 54 c2
Event: 19.359 Thread 0x0000026e6fcda790 DEOPT PACKING pc=0x0000026e5bb79c54 sp=0x000000c475bf8390
Event: 19.359 Thread 0x0000026e6fcda790 DEOPT UNPACKING pc=0x0000026e5b5623a3 sp=0x000000c475bf8288 mode 2
Event: 19.415 Thread 0x0000026e6fcda790 Uncommon trap: trap_request=0xffffffde fr.pc=0x0000026e5bd68afc relative=0x000000000000131c
Event: 19.415 Thread 0x0000026e6fcda790 Uncommon trap: reason=class_check action=maybe_recompile pc=0x0000026e5bd68afc method=org.springframework.core.annotation.TypeMappedAnnotations$IsPresent.doWithAnnotations(Ljava/lang/Object;ILjava/lang/Object;[Ljava/lang/annotation/Annotation;)Ljava/lang/
Event: 19.415 Thread 0x0000026e6fcda790 DEOPT PACKING pc=0x0000026e5bd68afc sp=0x000000c475bf8fb0
Event: 19.415 Thread 0x0000026e6fcda790 DEOPT UNPACKING pc=0x0000026e5b5623a3 sp=0x000000c475bf8f58 mode 2
Event: 19.448 Thread 0x0000026e6fcda790 Uncommon trap: trap_request=0xffffffde fr.pc=0x0000026e5bd68afc relative=0x000000000000131c
Event: 19.448 Thread 0x0000026e6fcda790 Uncommon trap: reason=class_check action=maybe_recompile pc=0x0000026e5bd68afc method=org.springframework.core.annotation.TypeMappedAnnotations$IsPresent.doWithAnnotations(Ljava/lang/Object;ILjava/lang/Object;[Ljava/lang/annotation/Annotation;)Ljava/lang/
Event: 19.448 Thread 0x0000026e6fcda790 DEOPT PACKING pc=0x0000026e5bd68afc sp=0x000000c475bf83d0
Event: 19.448 Thread 0x0000026e6fcda790 DEOPT UNPACKING pc=0x0000026e5b5623a3 sp=0x000000c475bf8378 mode 2
Event: 19.454 Thread 0x0000026e6fcda790 Uncommon trap: trap_request=0xffffffde fr.pc=0x0000026e5bd68afc relative=0x000000000000131c
Event: 19.454 Thread 0x0000026e6fcda790 Uncommon trap: reason=class_check action=maybe_recompile pc=0x0000026e5bd68afc method=org.springframework.core.annotation.TypeMappedAnnotations$IsPresent.doWithAnnotations(Ljava/lang/Object;ILjava/lang/Object;[Ljava/lang/annotation/Annotation;)Ljava/lang/
Event: 19.454 Thread 0x0000026e6fcda790 DEOPT PACKING pc=0x0000026e5bd68afc sp=0x000000c475bf77f0
Event: 19.454 Thread 0x0000026e6fcda790 DEOPT UNPACKING pc=0x0000026e5b5623a3 sp=0x000000c475bf7798 mode 2
Event: 19.503 Thread 0x0000026e6fcda790 Uncommon trap: trap_request=0xffffff45 fr.pc=0x0000026e5bc02c80 relative=0x0000000000000240
Event: 19.503 Thread 0x0000026e6fcda790 Uncommon trap: reason=unstable_if action=reinterpret pc=0x0000026e5bc02c80 method=org.springframework.boot.context.properties.source.ConfigurationPropertyName$ElementsParser.isAlpha(C)Z @ 9 c2
Event: 19.503 Thread 0x0000026e6fcda790 DEOPT PACKING pc=0x0000026e5bc02c80 sp=0x000000c475bf7c80
Event: 19.503 Thread 0x0000026e6fcda790 DEOPT UNPACKING pc=0x0000026e5b5623a3 sp=0x000000c475bf7b40 mode 2

Classes unloaded (1 events):
Event: 16.853 Thread 0x0000026e6aaabe10 Unloading class 0x0000026e01958c00 'jdk/internal/reflect/GeneratedSerializationConstructorAccessor1'

Classes redefined (0 events):
No events

Internal exceptions (20 events):
Event: 15.303 Thread 0x0000026e6fcda790 Exception <a 'java/lang/NoSuchMethodError'{0x000000008c9c9c20}: 'java.lang.Object java.lang.invoke.DirectMethodHandle$Holder.invokeStatic(java.lang.Object, int, java.lang.Object)'> (0x000000008c9c9c20) 
thrown [s\open\src\hotspot\share\interpreter\linkResolver.cpp, line 759]
Event: 15.315 Thread 0x0000026e6fcda790 Exception <a 'java/lang/reflect/InvocationTargetException'{0x0000000089701fe8}> (0x0000000089701fe8) 
thrown [s\open\src\hotspot\share\runtime\reflection.cpp, line 1121]
Event: 15.361 Thread 0x0000026e6fcda790 Exception <a 'java/lang/NoSuchMethodError'{0x000000008951b150}: 'int java.lang.invoke.DirectMethodHandle$Holder.invokeStaticInit(java.lang.Object, int, java.lang.Object, java.lang.Object, java.lang.Object, java.lang.Object)'> (0x000000008951b150) 
thrown [s\open\src\hotspot\share\interpreter\linkResolver.cpp, line 759]
Event: 15.484 Thread 0x0000026e6fcda790 Exception <a 'java/lang/NoSuchMethodError'{0x00000000892fa5b0}: 'long java.lang.invoke.DirectMethodHandle$Holder.invokeVirtual(java.lang.Object, java.lang.Object)'> (0x00000000892fa5b0) 
thrown [s\open\src\hotspot\share\interpreter\linkResolver.cpp, line 759]
Event: 15.492 Thread 0x0000026e6fcda790 Exception <a 'java/io/FileNotFoundException'{0x00000000891264b8}> (0x00000000891264b8) 
thrown [s\open\src\hotspot\share\prims\jni.cpp, line 516]
Event: 15.609 Thread 0x0000026e6fcda790 Exception <a 'java/lang/reflect/InvocationTargetException'{0x0000000088a9bc70}> (0x0000000088a9bc70) 
thrown [s\open\src\hotspot\share\runtime\reflection.cpp, line 1121]
Event: 16.721 Thread 0x0000026e6fcda790 Exception <a 'java/lang/reflect/InvocationTargetException'{0x0000000088c3c128}> (0x0000000088c3c128) 
thrown [s\open\src\hotspot\share\runtime\reflection.cpp, line 1121]
Event: 16.728 Thread 0x0000026e6fcda790 Exception <a 'java/lang/reflect/InvocationTargetException'{0x0000000088c57910}> (0x0000000088c57910) 
thrown [s\open\src\hotspot\share\runtime\reflection.cpp, line 1121]
Event: 16.791 Thread 0x0000026e6fcda790 Exception <a 'java/lang/reflect/InvocationTargetException'{0x00000000887e9f28}> (0x00000000887e9f28) 
thrown [s\open\src\hotspot\share\runtime\reflection.cpp, line 1121]
Event: 16.876 Thread 0x0000026e6fcda790 Exception <a 'java/lang/reflect/InvocationTargetException'{0x000000008908ed30}> (0x000000008908ed30) 
thrown [s\open\src\hotspot\share\runtime\reflection.cpp, line 1121]
Event: 17.013 Thread 0x0000026e6fcda790 Exception <a 'java/lang/reflect/InvocationTargetException'{0x00000000892fa400}> (0x00000000892fa400) 
thrown [s\open\src\hotspot\share\runtime\reflection.cpp, line 1121]
Event: 17.019 Thread 0x0000026e6fcda790 Exception <a 'java/lang/reflect/InvocationTargetException'{0x0000000089148dd8}> (0x0000000089148dd8) 
thrown [s\open\src\hotspot\share\runtime\reflection.cpp, line 1121]
Event: 17.043 Thread 0x0000026e6fcda790 Exception <a 'java/lang/reflect/InvocationTargetException'{0x0000000088ea51e8}> (0x0000000088ea51e8) 
thrown [s\open\src\hotspot\share\runtime\reflection.cpp, line 1121]
Event: 17.048 Thread 0x0000026e6fcda790 Exception <a 'java/lang/reflect/InvocationTargetException'{0x0000000088ece3b8}> (0x0000000088ece3b8) 
thrown [s\open\src\hotspot\share\runtime\reflection.cpp, line 1121]
Event: 17.051 Thread 0x0000026e6fcda790 Exception <a 'java/lang/reflect/InvocationTargetException'{0x0000000088ee13b0}> (0x0000000088ee13b0) 
thrown [s\open\src\hotspot\share\runtime\reflection.cpp, line 1121]
Event: 17.054 Thread 0x0000026e6fcda790 Exception <a 'java/lang/reflect/InvocationTargetException'{0x0000000088ef4158}> (0x0000000088ef4158) 
thrown [s\open\src\hotspot\share\runtime\reflection.cpp, line 1121]
Event: 17.057 Thread 0x0000026e6fcda790 Exception <a 'java/lang/reflect/InvocationTargetException'{0x0000000088d40ea0}> (0x0000000088d40ea0) 
thrown [s\open\src\hotspot\share\runtime\reflection.cpp, line 1121]
Event: 17.100 Thread 0x0000026e6fcda790 Exception <a 'java/lang/reflect/InvocationTargetException'{0x000000008c9ea500}> (0x000000008c9ea500) 
thrown [s\open\src\hotspot\share\runtime\reflection.cpp, line 1121]
Event: 17.305 Thread 0x0000026e6fcda790 Exception <a 'java/lang/reflect/InvocationTargetException'{0x000000008b45d810}> (0x000000008b45d810) 
thrown [s\open\src\hotspot\share\runtime\reflection.cpp, line 1121]
Event: 18.122 Thread 0x0000026e6fcda790 Exception <a 'sun/nio/fs/WindowsException'{0x00000000982d0980}> (0x00000000982d0980) 
thrown [s\open\src\hotspot\share\prims\jni.cpp, line 516]

VM Operations (20 events):
Event: 17.633 Executing VM operation: G1CollectForAllocation
Event: 17.641 Executing VM operation: G1CollectForAllocation done
Event: 17.720 Executing VM operation: G1Concurrent
Event: 17.732 Executing VM operation: G1Concurrent done
Event: 17.770 Executing VM operation: G1Concurrent
Event: 17.771 Executing VM operation: G1Concurrent done
Event: 17.778 Executing VM operation: G1CollectForAllocation
Event: 17.783 Executing VM operation: G1CollectForAllocation done
Event: 17.885 Executing VM operation: G1CollectForAllocation
Event: 17.980 Executing VM operation: G1CollectForAllocation done
Event: 18.724 Executing VM operation: HandshakeAllThreads
Event: 18.725 Executing VM operation: HandshakeAllThreads done
Event: 18.761 Executing VM operation: ICBufferFull
Event: 18.762 Executing VM operation: ICBufferFull done
Event: 18.832 Executing VM operation: HandshakeAllThreads
Event: 18.832 Executing VM operation: HandshakeAllThreads done
Event: 18.893 Executing VM operation: HandshakeAllThreads
Event: 18.908 Executing VM operation: HandshakeAllThreads done
Event: 19.911 Executing VM operation: Cleanup
Event: 19.912 Executing VM operation: Cleanup done

Events (20 events):
Event: 18.934 Thread 0x0000026e6aad0ab0 flushing nmethod 0x0000026e54fe6310
Event: 18.934 Thread 0x0000026e6aad0ab0 flushing nmethod 0x0000026e54fe8310
Event: 18.934 Thread 0x0000026e6aad0ab0 flushing nmethod 0x0000026e54fee090
Event: 18.934 Thread 0x0000026e6aad0ab0 flushing nmethod 0x0000026e54fee410
Event: 18.934 Thread 0x0000026e6aad0ab0 flushing nmethod 0x0000026e54feef90
Event: 18.934 Thread 0x0000026e6aad0ab0 flushing nmethod 0x0000026e54ff0090
Event: 18.934 Thread 0x0000026e6aad0ab0 flushing nmethod 0x0000026e54ff0690
Event: 18.935 Thread 0x0000026e6aad0ab0 flushing nmethod 0x0000026e54ff9490
Event: 18.935 Thread 0x0000026e6aad0ab0 flushing nmethod 0x0000026e54ff9890
Event: 18.935 Thread 0x0000026e6aad0ab0 flushing nmethod 0x0000026e55001410
Event: 18.935 Thread 0x0000026e6aad0ab0 flushing nmethod 0x0000026e55001b10
Event: 18.935 Thread 0x0000026e6aad0ab0 flushing nmethod 0x0000026e55002810
Event: 18.935 Thread 0x0000026e6aad0ab0 flushing nmethod 0x0000026e5501be10
Event: 18.935 Thread 0x0000026e6aad0ab0 flushing nmethod 0x0000026e5501d890
Event: 19.359 loading class java/time/DurationEditor
Event: 19.359 loading class java/time/DurationEditor done
Event: 19.484 loading class java/util/Collections$SynchronizedRandomAccessList
Event: 19.484 loading class java/util/Collections$SynchronizedList
Event: 19.485 loading class java/util/Collections$SynchronizedList done
Event: 19.485 loading class java/util/Collections$SynchronizedRandomAccessList done


Dynamic libraries:
0x00007ff6fc5a0000 - 0x00007ff6fc5b0000 	C:\Program Files\Java\jdk-17\bin\java.exe
0x00007fff2b840000 - 0x00007fff2baa7000 	C:\WINDOWS\SYSTEM32\ntdll.dll
0x00007fff29f30000 - 0x00007fff29ff9000 	C:\WINDOWS\System32\KERNEL32.DLL
0x00007fff28120000 - 0x00007fff28511000 	C:\WINDOWS\System32\KERNELBASE.dll
0x00007fff28600000 - 0x00007fff2874b000 	C:\WINDOWS\System32\ucrtbase.dll
0x00007fff05d00000 - 0x00007fff05d1b000 	C:\Program Files\Java\jdk-17\bin\VCRUNTIME140.dll
0x00007fff05ce0000 - 0x00007fff05cf9000 	C:\Program Files\Java\jdk-17\bin\jli.dll
0x00007fff2a000000 - 0x00007fff2a0bb000 	C:\WINDOWS\System32\ADVAPI32.dll
0x00007fff29e70000 - 0x00007fff29f19000 	C:\WINDOWS\System32\msvcrt.dll
0x00007fff295e0000 - 0x00007fff29687000 	C:\WINDOWS\System32\sechost.dll
0x00007fff29880000 - 0x00007fff29998000 	C:\WINDOWS\System32\RPCRT4.dll
0x00007fff29af0000 - 0x00007fff29cb5000 	C:\WINDOWS\System32\USER32.dll
0x00007fff28520000 - 0x00007fff28547000 	C:\WINDOWS\System32\win32u.dll
0x00007fff2a140000 - 0x00007fff2a16b000 	C:\WINDOWS\System32\GDI32.dll
0x00007fff093c0000 - 0x00007fff09653000 	C:\WINDOWS\WinSxS\amd64_microsoft.windows.common-controls_6595b64144ccf1df_6.0.26100.8037_none_3e092faae333b53b\COMCTL32.dll
0x00007fff294b0000 - 0x00007fff295db000 	C:\WINDOWS\System32\gdi32full.dll
0x00007fff28a20000 - 0x00007fff28ac3000 	C:\WINDOWS\System32\msvcp_win.dll
0x00007fff0e1d0000 - 0x00007fff0e1db000 	C:\WINDOWS\SYSTEM32\VERSION.dll
0x00007fff29840000 - 0x00007fff29871000 	C:\WINDOWS\System32\IMM32.DLL
0x00007fff05c80000 - 0x00007fff05c8c000 	C:\Program Files\Java\jdk-17\bin\vcruntime140_1.dll
0x00007fff05790000 - 0x00007fff0581e000 	C:\Program Files\Java\jdk-17\bin\msvcp140.dll
0x00007fff04ba0000 - 0x00007fff05781000 	C:\Program Files\Java\jdk-17\bin\server\jvm.dll
0x00007fff29f20000 - 0x00007fff29f28000 	C:\WINDOWS\System32\PSAPI.DLL
0x00007fff04b90000 - 0x00007fff04b9a000 	C:\WINDOWS\SYSTEM32\WSOCK32.dll
0x00007fff260a0000 - 0x00007fff260d5000 	C:\WINDOWS\SYSTEM32\WINMM.dll
0x00007fff2a0c0000 - 0x00007fff2a134000 	C:\WINDOWS\System32\WS2_32.dll
0x00007fff26eb0000 - 0x00007fff26ecb000 	C:\WINDOWS\SYSTEM32\kernel.appcore.dll
0x00007fff043b0000 - 0x00007fff043ba000 	C:\Program Files\Java\jdk-17\bin\jimage.dll
0x00007fff25dd0000 - 0x00007fff26012000 	C:\WINDOWS\SYSTEM32\DBGHELP.DLL
0x00007fff2a8d0000 - 0x00007fff2ac52000 	C:\WINDOWS\System32\combase.dll
0x00007fff29cd0000 - 0x00007fff29da7000 	C:\WINDOWS\System32\OLEAUT32.dll
0x00007fff26060000 - 0x00007fff2609b000 	C:\WINDOWS\SYSTEM32\dbgcore.DLL
0x00007fff28550000 - 0x00007fff285f5000 	C:\WINDOWS\System32\bcryptPrimitives.dll
0x00007fff15430000 - 0x00007fff1543e000 	C:\Program Files\Java\jdk-17\bin\instrument.dll
0x00007fff04330000 - 0x00007fff04355000 	C:\Program Files\Java\jdk-17\bin\java.dll
0x00007fff041c0000 - 0x00007fff04297000 	C:\Program Files\Java\jdk-17\bin\jsvml.dll
0x00007fff2afa0000 - 0x00007fff2b6ff000 	C:\WINDOWS\System32\SHELL32.dll
0x00007fff28ad0000 - 0x00007fff28c3a000 	C:\WINDOWS\System32\wintypes.dll
0x00007fff28c40000 - 0x00007fff294a4000 	C:\WINDOWS\System32\windows.storage.dll
0x00007fff2a7d0000 - 0x00007fff2a8c7000 	C:\WINDOWS\System32\SHCORE.dll
0x00007fff2b730000 - 0x00007fff2b797000 	C:\WINDOWS\System32\shlwapi.dll
0x00007fff28040000 - 0x00007fff28069000 	C:\WINDOWS\SYSTEM32\profapi.dll
0x00007fff03d20000 - 0x00007fff03d38000 	C:\Program Files\Java\jdk-17\bin\zip.dll
0x00007fff03e00000 - 0x00007fff03e19000 	C:\Program Files\Java\jdk-17\bin\net.dll
0x00007fff20f10000 - 0x00007fff21037000 	C:\WINDOWS\SYSTEM32\WINHTTP.dll
0x00007fff27420000 - 0x00007fff2748b000 	C:\WINDOWS\system32\mswsock.dll
0x00007fff03de0000 - 0x00007fff03df6000 	C:\Program Files\Java\jdk-17\bin\nio.dll
0x00007ffedff40000 - 0x00007ffedff5a000 	C:\Program Files\JetBrains\IntelliJ IDEA Community Edition 2024.1.1\bin\breakgen64.dll
0x00007fff01f80000 - 0x00007fff01f8a000 	C:\Program Files\Java\jdk-17\bin\management.dll
0x00007fff012b0000 - 0x00007fff012bb000 	C:\Program Files\Java\jdk-17\bin\management_ext.dll
0x00007fff01fa0000 - 0x00007fff01fae000 	C:\Program Files\Java\jdk-17\bin\sunmscapi.dll
0x00007fff28810000 - 0x00007fff28987000 	C:\WINDOWS\System32\CRYPT32.dll
0x00007fff27920000 - 0x00007fff27950000 	C:\WINDOWS\SYSTEM32\ncrypt.dll
0x00007fff278d0000 - 0x00007fff2790f000 	C:\WINDOWS\SYSTEM32\NTASN1.dll
0x00007fff27700000 - 0x00007fff2771b000 	C:\WINDOWS\SYSTEM32\CRYPTSP.dll
0x00007fff26e10000 - 0x00007fff26e49000 	C:\WINDOWS\system32\rsaenh.dll
0x00007fff274d0000 - 0x00007fff27502000 	C:\WINDOWS\SYSTEM32\USERENV.dll
0x00007fff28010000 - 0x00007fff2803a000 	C:\WINDOWS\SYSTEM32\bcrypt.dll
0x00007fff27720000 - 0x00007fff2772c000 	C:\WINDOWS\SYSTEM32\CRYPTBASE.dll
0x00007fff26870000 - 0x00007fff268a3000 	C:\WINDOWS\SYSTEM32\IPHLPAPI.DLL
0x00007fff29cc0000 - 0x00007fff29cca000 	C:\WINDOWS\System32\NSI.dll
0x00007fff21d70000 - 0x00007fff21d8d000 	C:\WINDOWS\SYSTEM32\dhcpcsvc6.DLL
0x00007fff21d40000 - 0x00007fff21d63000 	C:\WINDOWS\SYSTEM32\dhcpcsvc.DLL
0x00007fff26900000 - 0x00007fff26a2a000 	C:\WINDOWS\SYSTEM32\DNSAPI.dll
0x00007fff21b70000 - 0x00007fff21b7b000 	C:\Windows\System32\rasadhlp.dll
0x00007fff21fc0000 - 0x00007fff22046000 	C:\WINDOWS\System32\fwpuclnt.dll

dbghelp: loaded successfully - version: 4.0.5 - missing functions: none
symbol engine: initialized successfully - sym options: 0x614 - pdb path: .;C:\Program Files\Java\jdk-17\bin;C:\WINDOWS\SYSTEM32;C:\WINDOWS\WinSxS\amd64_microsoft.windows.common-controls_6595b64144ccf1df_6.0.26100.8037_none_3e092faae333b53b;C:\Program Files\Java\jdk-17\bin\server;C:\Program Files\JetBrains\IntelliJ IDEA Community Edition 2024.1.1\bin

VM Arguments:
jvm_args: -javaagent:C:\Program Files\JetBrains\IntelliJ IDEA Community Edition 2024.1.1\lib\idea_rt.jar=61107:C:\Program Files\JetBrains\IntelliJ IDEA Community Edition 2024.1.1\bin -Dfile.encoding=UTF-8 
java_command: com.example.carnest.CarnestApplication
java_class_path (initial): D:\CarNestBE\carnest\target\classes;C:\Users\TAN PHAT\.m2\repository\org\springframework\boot\spring-boot-starter-data-jpa\3.5.13\spring-boot-starter-data-jpa-3.5.13.jar;C:\Users\TAN PHAT\.m2\repository\org\springframework\boot\spring-boot-starter\3.5.13\spring-boot-starter-3.5.13.jar;C:\Users\TAN PHAT\.m2\repository\org\springframework\boot\spring-boot-starter-logging\3.5.13\spring-boot-starter-logging-3.5.13.jar;C:\Users\TAN PHAT\.m2\repository\ch\qos\logback\logback-classic\1.5.32\logback-classic-1.5.32.jar;C:\Users\TAN PHAT\.m2\repository\ch\qos\logback\logback-core\1.5.32\logback-core-1.5.32.jar;C:\Users\TAN PHAT\.m2\repository\org\apache\logging\log4j\log4j-to-slf4j\2.24.3\log4j-to-slf4j-2.24.3.jar;C:\Users\TAN PHAT\.m2\repository\org\apache\logging\log4j\log4j-api\2.24.3\log4j-api-2.24.3.jar;C:\Users\TAN PHAT\.m2\repository\org\slf4j\jul-to-slf4j\2.0.17\jul-to-slf4j-2.0.17.jar;C:\Users\TAN PHAT\.m2\repository\jakarta\annotation\jakarta.annotation-api\2.1.1\jakarta.annotation-api-2.1.1.jar;C:\Users\TAN PHAT\.m2\repository\org\yaml\snakeyaml\2.4\snakeyaml-2.4.jar;C:\Users\TAN PHAT\.m2\repository\org\springframework\boot\spring-boot-starter-jdbc\3.5.13\spring-boot-starter-jdbc-3.5.13.jar;C:\Users\TAN PHAT\.m2\repository\com\zaxxer\HikariCP\6.3.3\HikariCP-6.3.3.jar;C:\Users\TAN PHAT\.m2\repository\org\springframework\spring-jdbc\6.2.17\spring-jdbc-6.2.17.jar;C:\Users\TAN PHAT\.m2\repository\org\hibernate\orm\hibernate-core\6.6.45.Final\hibernate-core-6.6.45.Final.jar;C:\Users\TAN PHAT\.m2\repository\jakarta\persistence\jakarta.persistence-api\3.1.0\jakarta.persistence-api-3.1.0.jar;C:\Users\TAN PHAT\.m2\repository\jakarta\transaction\jakarta.transaction-api\2.0.1\jakarta.transaction-api-2.0.1.jar;C:\Users\TAN PHAT\.m2\repository\org\jboss\logging\jboss-logging\3.6.3.Final\jboss-logging-3.6.3.Final.jar;C:\Users\TAN PHAT\.m2\repository\org\hibernate\common\hibernate-commons-annotations\7.0.3.Final\hibernate-commons-annotations-7.0.3.Fin
Launcher Type: SUN_STANDARD

[Global flags]
     intx CICompilerCount                          = 4                                         {product} {ergonomic}
     uint ConcGCThreads                            = 3                                         {product} {ergonomic}
     uint G1ConcRefinementThreads                  = 10                                        {product} {ergonomic}
   size_t G1HeapRegionSize                         = 1048576                                   {product} {ergonomic}
    uintx GCDrainStackTargetSize                   = 64                                        {product} {ergonomic}
   size_t InitialHeapSize                          = 130023424                                 {product} {ergonomic}
   size_t MarkStackSize                            = 4194304                                   {product} {ergonomic}
   size_t MaxHeapSize                              = 2065694720                                {product} {ergonomic}
   size_t MaxNewSize                               = 1239416832                                {product} {ergonomic}
   size_t MinHeapDeltaBytes                        = 1048576                                   {product} {ergonomic}
   size_t MinHeapSize                              = 8388608                                   {product} {ergonomic}
    uintx NonNMethodCodeHeapSize                   = 5839372                                {pd product} {ergonomic}
    uintx NonProfiledCodeHeapSize                  = 122909434                              {pd product} {ergonomic}
    uintx ProfiledCodeHeapSize                     = 122909434                              {pd product} {ergonomic}
    uintx ReservedCodeCacheSize                    = 251658240                              {pd product} {ergonomic}
     bool SegmentedCodeCache                       = true                                      {product} {ergonomic}
   size_t SoftMaxHeapSize                          = 2065694720                             {manageable} {ergonomic}
     bool UseCompressedClassPointers               = true                           {product lp64_product} {ergonomic}
     bool UseCompressedOops                        = true                           {product lp64_product} {ergonomic}
     bool UseG1GC                                  = true                                      {product} {ergonomic}
     bool UseLargePagesIndividualAllocation        = false                                  {pd product} {ergonomic}

Logging:
Log output configuration:
 #0: stdout all=warning uptime,level,tags
 #1: stderr all=off uptime,level,tags

Environment Variables:
JAVA_HOME=C:\Program Files\Java\jdk-17
CLASSPATH=C:\Program Files\Java\jdk-17\lib
PATH=C:\Program Files\Common Files\Oracle\Java\javapath;C:\Program Files (x86)\Common Files\Oracle\Java\javapath;C:\WINDOWS\system32;C:\WINDOWS;C:\WINDOWS\System32\Wbem;C:\WINDOWS\System32\WindowsPowerShell\v1.0\;C:\WINDOWS\System32\OpenSSH\;C:\Program Files\dotnet\;C:\Program Files\Microsoft SQL Server\Client SDK\ODBC\110\Tools\Binn\;C:\Program Files\nodejs\;C:\Program Files\nodejs;C:\Program Files\nodejs\node_modules\npm\bin;C:\Program Files\Microsoft SQL Server\Client SDK\ODBC\170\Tools\Binn\;C:\Program Files (x86)\Microsoft SQL Server\150\Tools\Binn\;C:\Program Files\Microsoft SQL Server\150\Tools\Binn\;C:\Program Files\Microsoft SQL Server\150\DTS\Binn\;C:\Program Files (x86)\Microsoft SQL Server\160\DTS\Binn\;C:\Program Files\Azure Data Studio\bin;C:\Program Files\Git\cmd;C:\Program Files\apache-maven-3.9.7\bin;C:\Program Files\Java\jdk-17\bin;;C:\Program Files\Docker\Docker\resources\bin;C:\Program Files\Java\jdk-17;C:\Users\TAN PHAT\AppData\Local\Programs\Python\Python312\Scripts\;C:\Users\TAN PHAT\AppData\Local\Programs\Python\Python312\;C:\Users\TAN PHAT\AppData\Local\Microsoft\WindowsApps;C:\Users\TAN PHAT\AppData\Local\Programs\Microsoft VS Code\bin;C:\Users\TAN PHAT\AppData\Roaming\npm;C:\Program Files\Azure Data Studio\bin;
USERNAME=TAN PHAT
OS=Windows_NT
PROCESSOR_IDENTIFIER=Intel64 Family 6 Model 154 Stepping 4, GenuineIntel



---------------  S Y S T E M  ---------------

OS:
 Windows 11 , 64 bit Build 26100 (10.0.26100.7920)
OS uptime: 10 days 6:13 hours
Hyper-V role detected

CPU: total 12 (initial active 12) (6 cores per cpu, 2 threads per core) family 6 model 154 stepping 4 microcode 0x437, cx8, cmov, fxsr, ht, mmx, 3dnowpref, sse, sse2, sse3, ssse3, sse4.1, sse4.2, popcnt, lzcnt, tsc, tscinvbit, avx, avx2, aes, erms, clmul, bmi1, bmi2, adx, sha, fma, vzeroupper, clflush, clflushopt, clwb, hv

Memory: 4k page, system-wide physical 7876M (624M free)
TotalPageFile size 32452M (AvailPageFile size 23M)
current process WorkingSet (physical memory assigned to process): 435M, peak: 440M
current process commit charge ("private bytes"): 606M, peak: 614M

vm_info: Java HotSpot(TM) 64-Bit Server VM (17.0.9+11-LTS-201) for windows-amd64 JRE (17.0.9+11-LTS-201), built on Oct 10 2023 23:16:06 by "mach5one" with MS VC++ 17.1 (VS2022)

END.
