#
# There is insufficient memory for the Java Runtime Environment to continue.
# Native memory allocation (malloc) failed to allocate 1883056 bytes for Chunk::new
# Possible reasons:
#   The system is out of physical RAM or swap space
#   The process is running with CompressedOops enabled, and the Java Heap may be blocking the growth of the native heap
# Possible solutions:
#   Reduce memory load on the system
#   Increase physical memory or swap space
#   Check if swap backing store is full
#   Decrease Java heap size (-Xmx/-Xms)
#   Decrease number of Java threads
#   Decrease Java thread stack sizes (-Xss)
#   Set larger code cache with -XX:ReservedCodeCacheSize=
#   JVM is running with Unscaled Compressed Oops mode in which the Java heap is
#     placed in the first 4GB address space. The Java Heap base address is the
#     maximum limit for the native heap growth. Please use -XX:HeapBaseMinAddress
#     to set the Java Heap base and to place the Java Heap above 4GB virtual address.
# This output file may be truncated or incomplete.
#
#  Out of Memory Error (arena.cpp:189), pid=10212, tid=18556
#
# JRE version: Java(TM) SE Runtime Environment (17.0.9+11) (build 17.0.9+11-LTS-201)
# Java VM: Java HotSpot(TM) 64-Bit Server VM (17.0.9+11-LTS-201, mixed mode, sharing, tiered, compressed oops, compressed class ptrs, g1 gc, windows-amd64)
# No core dump will be written. Minidumps are not enabled by default on client versions of Windows
#

---------------  S U M M A R Y ------------

Command Line: -javaagent:C:\Program Files\JetBrains\IntelliJ IDEA Community Edition 2024.1.1\lib\idea_rt.jar=58703:C:\Program Files\JetBrains\IntelliJ IDEA Community Edition 2024.1.1\bin -Dfile.encoding=UTF-8 com.example.carnest.CarnestApplication

Host: 12th Gen Intel(R) Core(TM) i7-1255U, 12 cores, 7G,  Windows 11 , 64 bit Build 26100 (10.0.26100.7920)
Time: Thu Apr  2 18:03:55 2026 SE Asia Standard Time elapsed time: 93.905894 seconds (0d 0h 1m 33s)

---------------  T H R E A D  ---------------

Current thread (0x000001a0686c76f0):  JavaThread "C2 CompilerThread1" daemon [_thread_in_native, id=18556, stack(0x0000009c9d100000,0x0000009c9d200000)]


Current CompileTask:
C2:  93906 10606       4       org.springframework.core.SerializableTypeWrapper::unwrap (36 bytes)

Stack: [0x0000009c9d100000,0x0000009c9d200000]
Native frames: (J=compiled Java code, j=interpreted, Vv=VM code, C=native code)
V  [jvm.dll+0x678a4a]
V  [jvm.dll+0x7d9cfd]
V  [jvm.dll+0x7db60e]
V  [jvm.dll+0x7dbc73]
V  [jvm.dll+0x245e1f]
V  [jvm.dll+0xaaafb]
V  [jvm.dll+0xab09c]
V  [jvm.dll+0x36232f]
V  [jvm.dll+0x32ca01]
V  [jvm.dll+0x32be9a]
V  [jvm.dll+0x21812f]
V  [jvm.dll+0x217561]
V  [jvm.dll+0x1a3bc0]
V  [jvm.dll+0x2272de]
V  [jvm.dll+0x22548b]
V  [jvm.dll+0x78f58c]
V  [jvm.dll+0x78998a]
V  [jvm.dll+0x677875]
C  [ucrtbase.dll+0x37b0]
C  [KERNEL32.DLL+0x2e8d7]
C  [ntdll.dll+0x8c48c]


---------------  P R O C E S S  ---------------

Threads class SMR info:
_java_thread_list=0x000001a0635db4f0, length=22, elements={
0x000001a07ee41100, 0x000001a01d1a74f0, 0x000001a01d1a7eb0, 0x000001a01d1bd170,
0x000001a01d1beb40, 0x000001a01d1bf910, 0x000001a01d1c02d0, 0x000001a01d1c1070,
0x000001a01d1c1b20, 0x000001a01d1d3450, 0x000001a01d18fad0, 0x000001a01d533ec0,
0x000001a01d92c880, 0x000001a063092f80, 0x000001a01df2d430, 0x000001a069664430,
0x000001a069663f20, 0x000001a0686c76f0, 0x000001a0686c86e0, 0x000001a069663a10,
0x000001a01dc6a680, 0x000001a01dc6b0a0
}

Java Threads: ( => current thread )
  0x000001a07ee41100 JavaThread "main" [_thread_blocked, id=9192, stack(0x0000009c9d400000,0x0000009c9d500000)]
  0x000001a01d1a74f0 JavaThread "Reference Handler" daemon [_thread_blocked, id=14596, stack(0x0000009c9db00000,0x0000009c9dc00000)]
  0x000001a01d1a7eb0 JavaThread "Finalizer" daemon [_thread_blocked, id=28532, stack(0x0000009c9dc00000,0x0000009c9dd00000)]
  0x000001a01d1bd170 JavaThread "Signal Dispatcher" daemon [_thread_blocked, id=20768, stack(0x0000009c9dd00000,0x0000009c9de00000)]
  0x000001a01d1beb40 JavaThread "Attach Listener" daemon [_thread_blocked, id=14732, stack(0x0000009c9de00000,0x0000009c9df00000)]
  0x000001a01d1bf910 JavaThread "Service Thread" daemon [_thread_blocked, id=12324, stack(0x0000009c9df00000,0x0000009c9e000000)]
  0x000001a01d1c02d0 JavaThread "Monitor Deflation Thread" daemon [_thread_blocked, id=14800, stack(0x0000009c9e000000,0x0000009c9e100000)]
  0x000001a01d1c1070 JavaThread "C2 CompilerThread0" daemon [_thread_in_native, id=24344, stack(0x0000009c9e100000,0x0000009c9e200000)]
  0x000001a01d1c1b20 JavaThread "C1 CompilerThread0" daemon [_thread_in_native, id=4692, stack(0x0000009c9e200000,0x0000009c9e300000)]
  0x000001a01d1d3450 JavaThread "Sweeper thread" daemon [_thread_blocked, id=25708, stack(0x0000009c9e300000,0x0000009c9e400000)]
  0x000001a01d18fad0 JavaThread "Common-Cleaner" daemon [_thread_blocked, id=1268, stack(0x0000009c9e400000,0x0000009c9e500000)]
  0x000001a01d533ec0 JavaThread "Monitor Ctrl-Break" daemon [_thread_in_native, id=27496, stack(0x0000009c9e500000,0x0000009c9e600000)]
  0x000001a01d92c880 JavaThread "Notification Thread" daemon [_thread_blocked, id=13936, stack(0x0000009c9e600000,0x0000009c9e700000)]
  0x000001a063092f80 JavaThread "Thread-0" [_thread_blocked, id=27780, stack(0x0000009c9e900000,0x0000009c9ea00000)]
  0x000001a01df2d430 JavaThread "restartedMain" [_thread_in_vm, id=3800, stack(0x0000009c9ea00000,0x0000009c9eb00000)]
  0x000001a069664430 JavaThread "mysql-cj-abandoned-connection-cleanup" daemon [_thread_blocked, id=14088, stack(0x0000009c9f900000,0x0000009c9fa00000)]
  0x000001a069663f20 JavaThread "HikariPool-1:housekeeper" daemon [_thread_blocked, id=27500, stack(0x0000009c9e800000,0x0000009c9e900000)]
=>0x000001a0686c76f0 JavaThread "C2 CompilerThread1" daemon [_thread_in_native, id=18556, stack(0x0000009c9d100000,0x0000009c9d200000)]
  0x000001a0686c86e0 JavaThread "C2 CompilerThread2" daemon [_thread_in_native, id=27024, stack(0x0000009c9d200000,0x0000009c9d300000)]
  0x000001a069663a10 JavaThread "Catalina-utility-1" [_thread_blocked, id=10744, stack(0x0000009c9d300000,0x0000009c9d400000)]
  0x000001a01dc6a680 JavaThread "Catalina-utility-2" [_thread_blocked, id=13548, stack(0x0000009c9f400000,0x0000009c9f500000)]
  0x000001a01dc6b0a0 JavaThread "container-0" [_thread_blocked, id=23680, stack(0x0000009c9fd00000,0x0000009c9fe00000)]

Other Threads:
  0x000001a01d1a3b50 VMThread "VM Thread" [stack: 0x0000009c9da00000,0x0000009c9db00000] [id=18708]
  0x000001a07eec0bd0 WatcherThread [stack: 0x0000009c9e700000,0x0000009c9e800000] [id=14484]
  0x000001a07ee98fe0 GCTaskThread "GC Thread#0" [stack: 0x0000009c9d500000,0x0000009c9d600000] [id=27100]
  0x000001a0635efb30 GCTaskThread "GC Thread#1" [stack: 0x0000009c9eb00000,0x0000009c9ec00000] [id=21552]
  0x000001a01df2ecb0 GCTaskThread "GC Thread#2" [stack: 0x0000009c9ec00000,0x0000009c9ed00000] [id=25304]
  0x000001a01ddf2350 GCTaskThread "GC Thread#3" [stack: 0x0000009c9ed00000,0x0000009c9ee00000] [id=13260]
  0x000001a063400040 GCTaskThread "GC Thread#4" [stack: 0x0000009c9ee00000,0x0000009c9ef00000] [id=26168]
  0x000001a0635d10c0 GCTaskThread "GC Thread#5" [stack: 0x0000009c9ef00000,0x0000009c9f000000] [id=27352]
  0x000001a0638c6cb0 GCTaskThread "GC Thread#6" [stack: 0x0000009c9f100000,0x0000009c9f200000] [id=15808]
  0x000001a063391fc0 GCTaskThread "GC Thread#7" [stack: 0x0000009c9f200000,0x0000009c9f300000] [id=13284]
  0x000001a06467cce0 GCTaskThread "GC Thread#8" [stack: 0x0000009c9f300000,0x0000009c9f400000] [id=6400]
  0x000001a063b1e8a0 GCTaskThread "GC Thread#9" [stack: 0x0000009c9f600000,0x0000009c9f700000] [id=19212]
  0x000001a07eeaa240 ConcurrentGCThread "G1 Main Marker" [stack: 0x0000009c9d600000,0x0000009c9d700000] [id=28276]
  0x000001a07eeab260 ConcurrentGCThread "G1 Conc#0" [stack: 0x0000009c9d700000,0x0000009c9d800000] [id=19200]
  0x000001a063b1fbe0 ConcurrentGCThread "G1 Conc#1" [stack: 0x0000009c9f700000,0x0000009c9f800000] [id=2920]
  0x000001a063b1f660 ConcurrentGCThread "G1 Conc#2" [stack: 0x0000009c9f800000,0x0000009c9f900000] [id=27036]
  0x000001a01d04d520 ConcurrentGCThread "G1 Refine#0" [stack: 0x0000009c9d800000,0x0000009c9d900000] [id=8648]
  0x000001a0652df350 ConcurrentGCThread "G1 Refine#1" [stack: 0x0000009c9f000000,0x0000009c9f100000] [id=19304]
  0x000001a0653c0c50 ConcurrentGCThread "G1 Refine#2" [stack: 0x0000009c9f500000,0x0000009c9f600000] [id=17612]
  0x000001a065cd0b10 ConcurrentGCThread "G1 Refine#3" [stack: 0x0000009c9fe00000,0x0000009c9ff00000] [id=9876]
  0x000001a01d050c20 ConcurrentGCThread "G1 Service" [stack: 0x0000009c9d900000,0x0000009c9da00000] [id=26320]

Threads with active compile tasks:
C2 CompilerThread0    93970 10614       4       org.springframework.core.ResolvableType::isArray (59 bytes)
C2 CompilerThread1    93970 10606       4       org.springframework.core.SerializableTypeWrapper::unwrap (36 bytes)
C2 CompilerThread2    93970 10655       4       org.springframework.core.ResolvableType::getType (8 bytes)

VM state: not at safepoint (normal execution)

VM Mutex/Monitor currently owned by a thread: None

Heap address: 0x0000000084e00000, size: 1970 MB, Compressed Oops mode: 32-bit

CDS archive(s) mapped at: [0x000001a01e000000-0x000001a01ebd0000-0x000001a01ebd0000), size 12386304, SharedBaseAddress: 0x000001a01e000000, ArchiveRelocationMode: 1.
Compressed class space mapped at: 0x000001a01f000000-0x000001a05f000000, reserved size: 1073741824
Narrow klass base: 0x000001a01e000000, Narrow klass shift: 0, Narrow klass range: 0x100000000

GC Precious Log:
 CPUs: 12 total, 12 available
 Memory: 7876M
 Large Page Support: Disabled
 NUMA Support: Disabled
 Compressed Oops: Enabled (32-bit)
 Heap Region Size: 1M
 Heap Min Capacity: 8M
 Heap Initial Capacity: 124M
 Heap Max Capacity: 1970M
 Pre-touch: Disabled
 Parallel Workers: 10
 Concurrent Workers: 3
 Concurrent Refinement Workers: 10
 Periodic GC: Disabled

Heap:
 garbage-first heap   total 270336K, used 132625K [0x0000000084e00000, 0x0000000100000000)
  region size 1024K, 65 young (66560K), 6 survivors (6144K)
 Metaspace       used 84345K, committed 84992K, reserved 1179648K
  class space    used 11483K, committed 11776K, reserved 1048576K

Heap Regions: E=young(eden), S=young(survivor), O=old, HS=humongous(starts), HC=humongous(continues), CS=collection set, F=free, OA=open archive, CA=closed archive, TAMS=top-at-mark-start (previous, next)
|   0|0x0000000084e00000, 0x0000000084f00000, 0x0000000084f00000|100%|HS|  |TAMS 0x0000000084f00000, 0x0000000084e00000| Complete 
|   1|0x0000000084f00000, 0x0000000085000000, 0x0000000085000000|100%|HS|  |TAMS 0x0000000085000000, 0x0000000084f00000| Complete 
|   2|0x0000000085000000, 0x0000000085100000, 0x0000000085100000|100%| O|  |TAMS 0x0000000085100000, 0x0000000085000000| Untracked 
|   3|0x0000000085100000, 0x0000000085200000, 0x0000000085200000|100%| O|  |TAMS 0x0000000085200000, 0x0000000085100000| Untracked 
|   4|0x0000000085200000, 0x0000000085300000, 0x0000000085300000|100%| O|  |TAMS 0x0000000085300000, 0x0000000085200000| Untracked 
|   5|0x0000000085300000, 0x0000000085400000, 0x0000000085400000|100%| O|  |TAMS 0x0000000085400000, 0x0000000085300000| Untracked 
|   6|0x0000000085400000, 0x0000000085500000, 0x0000000085500000|100%| O|  |TAMS 0x0000000085500000, 0x0000000085400000| Untracked 
|   7|0x0000000085500000, 0x0000000085600000, 0x0000000085600000|100%| O|  |TAMS 0x0000000085600000, 0x0000000085500000| Untracked 
|   8|0x0000000085600000, 0x0000000085700000, 0x0000000085700000|100%| O|  |TAMS 0x0000000085700000, 0x0000000085600000| Untracked 
|   9|0x0000000085700000, 0x0000000085800000, 0x0000000085800000|100%| O|  |TAMS 0x0000000085800000, 0x0000000085700000| Untracked 
|  10|0x0000000085800000, 0x0000000085900000, 0x0000000085900000|100%| O|  |TAMS 0x0000000085900000, 0x0000000085800000| Untracked 
|  11|0x0000000085900000, 0x0000000085a00000, 0x0000000085a00000|100%| O|  |TAMS 0x0000000085a00000, 0x0000000085900000| Untracked 
|  12|0x0000000085a00000, 0x0000000085b00000, 0x0000000085b00000|100%| O|  |TAMS 0x0000000085b00000, 0x0000000085a00000| Untracked 
|  13|0x0000000085b00000, 0x0000000085c00000, 0x0000000085c00000|100%| O|  |TAMS 0x0000000085c00000, 0x0000000085b00000| Untracked 
|  14|0x0000000085c00000, 0x0000000085d00000, 0x0000000085d00000|100%| O|  |TAMS 0x0000000085d00000, 0x0000000085c00000| Untracked 
|  15|0x0000000085d00000, 0x0000000085e00000, 0x0000000085e00000|100%| O|  |TAMS 0x0000000085e00000, 0x0000000085d00000| Untracked 
|  16|0x0000000085e00000, 0x0000000085f00000, 0x0000000085f00000|100%| O|  |TAMS 0x0000000085f00000, 0x0000000085e00000| Untracked 
|  17|0x0000000085f00000, 0x0000000086000000, 0x0000000086000000|100%| O|  |TAMS 0x0000000086000000, 0x0000000085f00000| Untracked 
|  18|0x0000000086000000, 0x0000000086100000, 0x0000000086100000|100%| O|  |TAMS 0x0000000086100000, 0x0000000086000000| Untracked 
|  19|0x0000000086100000, 0x0000000086200000, 0x0000000086200000|100%| O|  |TAMS 0x0000000086200000, 0x0000000086100000| Untracked 
|  20|0x0000000086200000, 0x0000000086300000, 0x0000000086300000|100%| O|  |TAMS 0x0000000086300000, 0x0000000086200000| Untracked 
|  21|0x0000000086300000, 0x0000000086400000, 0x0000000086400000|100%| O|  |TAMS 0x0000000086400000, 0x0000000086300000| Untracked 
|  22|0x0000000086400000, 0x0000000086500000, 0x0000000086500000|100%| O|  |TAMS 0x0000000086500000, 0x0000000086400000| Untracked 
|  23|0x0000000086500000, 0x0000000086600000, 0x0000000086600000|100%| O|  |TAMS 0x0000000086600000, 0x0000000086500000| Untracked 
|  24|0x0000000086600000, 0x0000000086700000, 0x0000000086700000|100%| O|  |TAMS 0x0000000086700000, 0x0000000086600000| Untracked 
|  25|0x0000000086700000, 0x0000000086800000, 0x0000000086800000|100%| O|  |TAMS 0x0000000086800000, 0x0000000086700000| Untracked 
|  26|0x0000000086800000, 0x0000000086900000, 0x0000000086900000|100%| O|  |TAMS 0x0000000086900000, 0x0000000086800000| Untracked 
|  27|0x0000000086900000, 0x0000000086a00000, 0x0000000086a00000|100%| O|  |TAMS 0x0000000086a00000, 0x0000000086900000| Untracked 
|  28|0x0000000086a00000, 0x0000000086b00000, 0x0000000086b00000|100%| O|  |TAMS 0x0000000086b00000, 0x0000000086a00000| Untracked 
|  29|0x0000000086b00000, 0x0000000086c00000, 0x0000000086c00000|100%| O|  |TAMS 0x0000000086c00000, 0x0000000086b00000| Untracked 
|  30|0x0000000086c00000, 0x0000000086d00000, 0x0000000086d00000|100%| O|  |TAMS 0x0000000086d00000, 0x0000000086c00000| Untracked 
|  31|0x0000000086d00000, 0x0000000086e00000, 0x0000000086e00000|100%| O|  |TAMS 0x0000000086e00000, 0x0000000086d00000| Untracked 
|  32|0x0000000086e00000, 0x0000000086f00000, 0x0000000086f00000|100%| O|  |TAMS 0x0000000086f00000, 0x0000000086e00000| Untracked 
|  33|0x0000000086f00000, 0x0000000087000000, 0x0000000087000000|100%| O|  |TAMS 0x0000000087000000, 0x0000000086f00000| Untracked 
|  34|0x0000000087000000, 0x0000000087100000, 0x0000000087100000|100%| O|  |TAMS 0x0000000087100000, 0x0000000087000000| Untracked 
|  35|0x0000000087100000, 0x0000000087200000, 0x0000000087200000|100%| O|  |TAMS 0x0000000087200000, 0x0000000087100000| Untracked 
|  36|0x0000000087200000, 0x0000000087300000, 0x0000000087300000|100%| O|  |TAMS 0x0000000087300000, 0x0000000087200000| Untracked 
|  37|0x0000000087300000, 0x0000000087400000, 0x0000000087400000|100%| O|  |TAMS 0x0000000087400000, 0x0000000087300000| Untracked 
|  38|0x0000000087400000, 0x0000000087500000, 0x0000000087500000|100%| O|  |TAMS 0x0000000087500000, 0x0000000087400000| Untracked 
|  39|0x0000000087500000, 0x0000000087600000, 0x0000000087600000|100%| O|  |TAMS 0x0000000087600000, 0x0000000087500000| Untracked 
|  40|0x0000000087600000, 0x0000000087600000, 0x0000000087700000|  0%| F|  |TAMS 0x0000000087600000, 0x0000000087600000| Untracked 
|  41|0x0000000087700000, 0x0000000087800000, 0x0000000087800000|100%| O|  |TAMS 0x0000000087800000, 0x0000000087700000| Untracked 
|  42|0x0000000087800000, 0x0000000087900000, 0x0000000087900000|100%| O|  |TAMS 0x0000000087900000, 0x0000000087800000| Untracked 
|  43|0x0000000087900000, 0x0000000087a00000, 0x0000000087a00000|100%| O|  |TAMS 0x0000000087a00000, 0x0000000087900000| Untracked 
|  44|0x0000000087a00000, 0x0000000087b00000, 0x0000000087b00000|100%| O|  |TAMS 0x0000000087b00000, 0x0000000087a00000| Untracked 
|  45|0x0000000087b00000, 0x0000000087b00000, 0x0000000087c00000|  0%| F|  |TAMS 0x0000000087b00000, 0x0000000087b00000| Untracked 
|  46|0x0000000087c00000, 0x0000000087d00000, 0x0000000087d00000|100%| O|  |TAMS 0x0000000087d00000, 0x0000000087c00000| Untracked 
|  47|0x0000000087d00000, 0x0000000087e00000, 0x0000000087e00000|100%| O|  |TAMS 0x0000000087e00000, 0x0000000087d00000| Untracked 
|  48|0x0000000087e00000, 0x0000000087f00000, 0x0000000087f00000|100%| O|  |TAMS 0x0000000087f00000, 0x0000000087e00000| Untracked 
|  49|0x0000000087f00000, 0x0000000088000000, 0x0000000088000000|100%| O|  |TAMS 0x0000000088000000, 0x0000000087f00000| Untracked 
|  50|0x0000000088000000, 0x0000000088100000, 0x0000000088100000|100%| O|  |TAMS 0x0000000088100000, 0x0000000088000000| Untracked 
|  51|0x0000000088100000, 0x0000000088200000, 0x0000000088200000|100%| O|  |TAMS 0x0000000088200000, 0x0000000088100000| Untracked 
|  52|0x0000000088200000, 0x0000000088300000, 0x0000000088300000|100%| O|  |TAMS 0x0000000088300000, 0x0000000088200000| Untracked 
|  53|0x0000000088300000, 0x0000000088400000, 0x0000000088400000|100%| O|  |TAMS 0x0000000088400000, 0x0000000088300000| Untracked 
|  54|0x0000000088400000, 0x0000000088500000, 0x0000000088500000|100%| O|  |TAMS 0x00000000884c1800, 0x0000000088400000| Untracked 
|  55|0x0000000088500000, 0x0000000088600000, 0x0000000088600000|100%| O|  |TAMS 0x0000000088500000, 0x0000000088500000| Untracked 
|  56|0x0000000088600000, 0x0000000088700000, 0x0000000088700000|100%| O|  |TAMS 0x0000000088600000, 0x0000000088600000| Untracked 
|  57|0x0000000088700000, 0x0000000088800000, 0x0000000088800000|100%| O|  |TAMS 0x0000000088700000, 0x0000000088700000| Untracked 
|  58|0x0000000088800000, 0x0000000088900000, 0x0000000088900000|100%| O|  |TAMS 0x0000000088800000, 0x0000000088800000| Untracked 
|  59|0x0000000088900000, 0x0000000088a00000, 0x0000000088a00000|100%| O|  |TAMS 0x0000000088900000, 0x0000000088900000| Untracked 
|  60|0x0000000088a00000, 0x0000000088b00000, 0x0000000088b00000|100%| O|  |TAMS 0x0000000088a00000, 0x0000000088a00000| Untracked 
|  61|0x0000000088b00000, 0x0000000088c00000, 0x0000000088c00000|100%| O|  |TAMS 0x0000000088b00000, 0x0000000088b00000| Untracked 
|  62|0x0000000088c00000, 0x0000000088d00000, 0x0000000088d00000|100%| O|  |TAMS 0x0000000088c00000, 0x0000000088c00000| Untracked 
|  63|0x0000000088d00000, 0x0000000088e00000, 0x0000000088e00000|100%| O|  |TAMS 0x0000000088d00000, 0x0000000088d00000| Untracked 
|  64|0x0000000088e00000, 0x0000000088f00000, 0x0000000088f00000|100%| O|  |TAMS 0x0000000088e00000, 0x0000000088e00000| Untracked 
|  65|0x0000000088f00000, 0x0000000089000000, 0x0000000089000000|100%| O|  |TAMS 0x0000000088f00000, 0x0000000088f00000| Untracked 
|  66|0x0000000089000000, 0x0000000089100000, 0x0000000089100000|100%| O|  |TAMS 0x0000000089000000, 0x0000000089000000| Untracked 
|  67|0x0000000089100000, 0x00000000891af200, 0x0000000089200000| 68%| O|  |TAMS 0x0000000089100000, 0x0000000089100000| Untracked 
|  68|0x0000000089200000, 0x0000000089200000, 0x0000000089300000|  0%| F|  |TAMS 0x0000000089200000, 0x0000000089200000| Untracked 
|  69|0x0000000089300000, 0x0000000089300000, 0x0000000089400000|  0%| F|  |TAMS 0x0000000089300000, 0x0000000089300000| Untracked 
|  70|0x0000000089400000, 0x0000000089400000, 0x0000000089500000|  0%| F|  |TAMS 0x0000000089400000, 0x0000000089400000| Untracked 
|  71|0x0000000089500000, 0x0000000089500000, 0x0000000089600000|  0%| F|  |TAMS 0x0000000089500000, 0x0000000089500000| Untracked 
|  72|0x0000000089600000, 0x0000000089600000, 0x0000000089700000|  0%| F|  |TAMS 0x0000000089600000, 0x0000000089600000| Untracked 
|  73|0x0000000089700000, 0x0000000089700000, 0x0000000089800000|  0%| F|  |TAMS 0x0000000089700000, 0x0000000089700000| Untracked 
|  74|0x0000000089800000, 0x0000000089800000, 0x0000000089900000|  0%| F|  |TAMS 0x0000000089800000, 0x0000000089800000| Untracked 
|  75|0x0000000089900000, 0x0000000089900000, 0x0000000089a00000|  0%| F|  |TAMS 0x0000000089900000, 0x0000000089900000| Untracked 
|  76|0x0000000089a00000, 0x0000000089a00000, 0x0000000089b00000|  0%| F|  |TAMS 0x0000000089a00000, 0x0000000089a00000| Untracked 
|  77|0x0000000089b00000, 0x0000000089b00000, 0x0000000089c00000|  0%| F|  |TAMS 0x0000000089b00000, 0x0000000089b00000| Untracked 
|  78|0x0000000089c00000, 0x0000000089c00000, 0x0000000089d00000|  0%| F|  |TAMS 0x0000000089c00000, 0x0000000089c00000| Untracked 
|  79|0x0000000089d00000, 0x0000000089d00000, 0x0000000089e00000|  0%| F|  |TAMS 0x0000000089d00000, 0x0000000089d00000| Untracked 
|  80|0x0000000089e00000, 0x0000000089e00000, 0x0000000089f00000|  0%| F|  |TAMS 0x0000000089e00000, 0x0000000089e00000| Untracked 
|  81|0x0000000089f00000, 0x0000000089f00000, 0x000000008a000000|  0%| F|  |TAMS 0x0000000089f00000, 0x0000000089f00000| Untracked 
|  82|0x000000008a000000, 0x000000008a000000, 0x000000008a100000|  0%| F|  |TAMS 0x000000008a000000, 0x000000008a000000| Untracked 
|  83|0x000000008a100000, 0x000000008a100000, 0x000000008a200000|  0%| F|  |TAMS 0x000000008a100000, 0x000000008a100000| Untracked 
|  84|0x000000008a200000, 0x000000008a200000, 0x000000008a300000|  0%| F|  |TAMS 0x000000008a200000, 0x000000008a200000| Untracked 
|  85|0x000000008a300000, 0x000000008a300000, 0x000000008a400000|  0%| F|  |TAMS 0x000000008a300000, 0x000000008a300000| Untracked 
|  86|0x000000008a400000, 0x000000008a400000, 0x000000008a500000|  0%| F|  |TAMS 0x000000008a400000, 0x000000008a400000| Untracked 
|  87|0x000000008a500000, 0x000000008a500000, 0x000000008a600000|  0%| F|  |TAMS 0x000000008a500000, 0x000000008a500000| Untracked 
|  88|0x000000008a600000, 0x000000008a600000, 0x000000008a700000|  0%| F|  |TAMS 0x000000008a600000, 0x000000008a600000| Untracked 
|  89|0x000000008a700000, 0x000000008a700000, 0x000000008a800000|  0%| F|  |TAMS 0x000000008a700000, 0x000000008a700000| Untracked 
|  90|0x000000008a800000, 0x000000008a800000, 0x000000008a900000|  0%| F|  |TAMS 0x000000008a800000, 0x000000008a800000| Untracked 
|  91|0x000000008a900000, 0x000000008a900000, 0x000000008aa00000|  0%| F|  |TAMS 0x000000008a900000, 0x000000008a900000| Untracked 
|  92|0x000000008aa00000, 0x000000008aa00000, 0x000000008ab00000|  0%| F|  |TAMS 0x000000008aa00000, 0x000000008aa00000| Untracked 
|  93|0x000000008ab00000, 0x000000008ab00000, 0x000000008ac00000|  0%| F|  |TAMS 0x000000008ab00000, 0x000000008ab00000| Untracked 
|  94|0x000000008ac00000, 0x000000008ac00000, 0x000000008ad00000|  0%| F|  |TAMS 0x000000008ac00000, 0x000000008ac00000| Untracked 
|  95|0x000000008ad00000, 0x000000008ad00000, 0x000000008ae00000|  0%| F|  |TAMS 0x000000008ad00000, 0x000000008ad00000| Untracked 
|  96|0x000000008ae00000, 0x000000008ae00000, 0x000000008af00000|  0%| F|  |TAMS 0x000000008ae00000, 0x000000008ae00000| Untracked 
|  97|0x000000008af00000, 0x000000008af00000, 0x000000008b000000|  0%| F|  |TAMS 0x000000008af00000, 0x000000008af00000| Untracked 
|  98|0x000000008b000000, 0x000000008b000000, 0x000000008b100000|  0%| F|  |TAMS 0x000000008b000000, 0x000000008b000000| Untracked 
|  99|0x000000008b100000, 0x000000008b100000, 0x000000008b200000|  0%| F|  |TAMS 0x000000008b100000, 0x000000008b100000| Untracked 
| 100|0x000000008b200000, 0x000000008b200000, 0x000000008b300000|  0%| F|  |TAMS 0x000000008b200000, 0x000000008b200000| Untracked 
| 101|0x000000008b300000, 0x000000008b300000, 0x000000008b400000|  0%| F|  |TAMS 0x000000008b300000, 0x000000008b300000| Untracked 
| 102|0x000000008b400000, 0x000000008b400000, 0x000000008b500000|  0%| F|  |TAMS 0x000000008b400000, 0x000000008b400000| Untracked 
| 103|0x000000008b500000, 0x000000008b500000, 0x000000008b600000|  0%| F|  |TAMS 0x000000008b500000, 0x000000008b500000| Untracked 
| 104|0x000000008b600000, 0x000000008b600000, 0x000000008b700000|  0%| F|  |TAMS 0x000000008b600000, 0x000000008b600000| Untracked 
| 105|0x000000008b700000, 0x000000008b700000, 0x000000008b800000|  0%| F|  |TAMS 0x000000008b700000, 0x000000008b700000| Untracked 
| 106|0x000000008b800000, 0x000000008b800000, 0x000000008b900000|  0%| F|  |TAMS 0x000000008b800000, 0x000000008b800000| Untracked 
| 107|0x000000008b900000, 0x000000008b900000, 0x000000008ba00000|  0%| F|  |TAMS 0x000000008b900000, 0x000000008b900000| Untracked 
| 108|0x000000008ba00000, 0x000000008ba00000, 0x000000008bb00000|  0%| F|  |TAMS 0x000000008ba00000, 0x000000008ba00000| Untracked 
| 109|0x000000008bb00000, 0x000000008bb00000, 0x000000008bc00000|  0%| F|  |TAMS 0x000000008bb00000, 0x000000008bb00000| Untracked 
| 110|0x000000008bc00000, 0x000000008bc00000, 0x000000008bd00000|  0%| F|  |TAMS 0x000000008bc00000, 0x000000008bc00000| Untracked 
| 111|0x000000008bd00000, 0x000000008bd00000, 0x000000008be00000|  0%| F|  |TAMS 0x000000008bd00000, 0x000000008bd00000| Untracked 
| 112|0x000000008be00000, 0x000000008be00000, 0x000000008bf00000|  0%| F|  |TAMS 0x000000008be00000, 0x000000008be00000| Untracked 
| 113|0x000000008bf00000, 0x000000008bf00000, 0x000000008c000000|  0%| F|  |TAMS 0x000000008bf00000, 0x000000008bf00000| Untracked 
| 114|0x000000008c000000, 0x000000008c000000, 0x000000008c100000|  0%| F|  |TAMS 0x000000008c000000, 0x000000008c000000| Untracked 
| 115|0x000000008c100000, 0x000000008c100000, 0x000000008c200000|  0%| F|  |TAMS 0x000000008c100000, 0x000000008c100000| Untracked 
| 116|0x000000008c200000, 0x000000008c200000, 0x000000008c300000|  0%| F|  |TAMS 0x000000008c200000, 0x000000008c200000| Untracked 
| 117|0x000000008c300000, 0x000000008c300000, 0x000000008c400000|  0%| F|  |TAMS 0x000000008c300000, 0x000000008c300000| Untracked 
| 118|0x000000008c400000, 0x000000008c400000, 0x000000008c500000|  0%| F|  |TAMS 0x000000008c400000, 0x000000008c400000| Untracked 
| 119|0x000000008c500000, 0x000000008c500000, 0x000000008c600000|  0%| F|  |TAMS 0x000000008c500000, 0x000000008c500000| Untracked 
| 120|0x000000008c600000, 0x000000008c600000, 0x000000008c700000|  0%| F|  |TAMS 0x000000008c600000, 0x000000008c600000| Untracked 
| 121|0x000000008c700000, 0x000000008c700000, 0x000000008c800000|  0%| F|  |TAMS 0x000000008c700000, 0x000000008c700000| Untracked 
| 122|0x000000008c800000, 0x000000008c800000, 0x000000008c900000|  0%| F|  |TAMS 0x000000008c800000, 0x000000008c800000| Untracked 
| 123|0x000000008c900000, 0x000000008c900000, 0x000000008ca00000|  0%| F|  |TAMS 0x000000008c900000, 0x000000008c900000| Untracked 
| 124|0x000000008ca00000, 0x000000008ca00000, 0x000000008cb00000|  0%| F|  |TAMS 0x000000008ca00000, 0x000000008ca00000| Untracked 
| 125|0x000000008cb00000, 0x000000008cb00000, 0x000000008cc00000|  0%| F|  |TAMS 0x000000008cb00000, 0x000000008cb00000| Untracked 
| 126|0x000000008cc00000, 0x000000008cc00000, 0x000000008cd00000|  0%| F|  |TAMS 0x000000008cc00000, 0x000000008cc00000| Untracked 
| 127|0x000000008cd00000, 0x000000008cd00000, 0x000000008ce00000|  0%| F|  |TAMS 0x000000008cd00000, 0x000000008cd00000| Untracked 
| 128|0x000000008ce00000, 0x000000008ce00000, 0x000000008cf00000|  0%| F|  |TAMS 0x000000008ce00000, 0x000000008ce00000| Untracked 
| 129|0x000000008cf00000, 0x000000008cf00000, 0x000000008d000000|  0%| F|  |TAMS 0x000000008cf00000, 0x000000008cf00000| Untracked 
| 130|0x000000008d000000, 0x000000008d000000, 0x000000008d100000|  0%| F|  |TAMS 0x000000008d000000, 0x000000008d000000| Untracked 
| 131|0x000000008d100000, 0x000000008d100000, 0x000000008d200000|  0%| F|  |TAMS 0x000000008d100000, 0x000000008d100000| Untracked 
| 132|0x000000008d200000, 0x000000008d200000, 0x000000008d300000|  0%| F|  |TAMS 0x000000008d200000, 0x000000008d200000| Untracked 
| 133|0x000000008d300000, 0x000000008d300000, 0x000000008d400000|  0%| F|  |TAMS 0x000000008d300000, 0x000000008d300000| Untracked 
| 134|0x000000008d400000, 0x000000008d400000, 0x000000008d500000|  0%| F|  |TAMS 0x000000008d400000, 0x000000008d400000| Untracked 
| 135|0x000000008d500000, 0x000000008d500000, 0x000000008d600000|  0%| F|  |TAMS 0x000000008d500000, 0x000000008d500000| Untracked 
| 136|0x000000008d600000, 0x000000008d600000, 0x000000008d700000|  0%| F|  |TAMS 0x000000008d600000, 0x000000008d600000| Untracked 
| 137|0x000000008d700000, 0x000000008d7d5458, 0x000000008d800000| 83%| S|CS|TAMS 0x000000008d700000, 0x000000008d700000| Complete 
| 138|0x000000008d800000, 0x000000008d900000, 0x000000008d900000|100%| S|CS|TAMS 0x000000008d800000, 0x000000008d800000| Complete 
| 139|0x000000008d900000, 0x000000008da00000, 0x000000008da00000|100%| S|CS|TAMS 0x000000008d900000, 0x000000008d900000| Complete 
| 140|0x000000008da00000, 0x000000008db00000, 0x000000008db00000|100%| S|CS|TAMS 0x000000008da00000, 0x000000008da00000| Complete 
| 141|0x000000008db00000, 0x000000008dc00000, 0x000000008dc00000|100%| S|CS|TAMS 0x000000008db00000, 0x000000008db00000| Complete 
| 142|0x000000008dc00000, 0x000000008dd00000, 0x000000008dd00000|100%| S|CS|TAMS 0x000000008dc00000, 0x000000008dc00000| Complete 
| 143|0x000000008dd00000, 0x000000008dd00000, 0x000000008de00000|  0%| F|  |TAMS 0x000000008dd00000, 0x000000008dd00000| Untracked 
| 144|0x000000008de00000, 0x000000008de00000, 0x000000008df00000|  0%| F|  |TAMS 0x000000008de00000, 0x000000008de00000| Untracked 
| 145|0x000000008df00000, 0x000000008df00000, 0x000000008e000000|  0%| F|  |TAMS 0x000000008df00000, 0x000000008df00000| Untracked 
| 146|0x000000008e000000, 0x000000008e000000, 0x000000008e100000|  0%| F|  |TAMS 0x000000008e000000, 0x000000008e000000| Untracked 
| 147|0x000000008e100000, 0x000000008e100000, 0x000000008e200000|  0%| F|  |TAMS 0x000000008e100000, 0x000000008e100000| Untracked 
| 148|0x000000008e200000, 0x000000008e200000, 0x000000008e300000|  0%| F|  |TAMS 0x000000008e200000, 0x000000008e200000| Untracked 
| 149|0x000000008e300000, 0x000000008e300000, 0x000000008e400000|  0%| F|  |TAMS 0x000000008e300000, 0x000000008e300000| Untracked 
| 150|0x000000008e400000, 0x000000008e400000, 0x000000008e500000|  0%| F|  |TAMS 0x000000008e400000, 0x000000008e400000| Untracked 
| 151|0x000000008e500000, 0x000000008e500000, 0x000000008e600000|  0%| F|  |TAMS 0x000000008e500000, 0x000000008e500000| Untracked 
| 152|0x000000008e600000, 0x000000008e600000, 0x000000008e700000|  0%| F|  |TAMS 0x000000008e600000, 0x000000008e600000| Untracked 
| 153|0x000000008e700000, 0x000000008e700000, 0x000000008e800000|  0%| F|  |TAMS 0x000000008e700000, 0x000000008e700000| Untracked 
| 154|0x000000008e800000, 0x000000008e800000, 0x000000008e900000|  0%| F|  |TAMS 0x000000008e800000, 0x000000008e800000| Untracked 
| 155|0x000000008e900000, 0x000000008e900000, 0x000000008ea00000|  0%| F|  |TAMS 0x000000008e900000, 0x000000008e900000| Untracked 
| 156|0x000000008ea00000, 0x000000008ea00000, 0x000000008eb00000|  0%| F|  |TAMS 0x000000008ea00000, 0x000000008ea00000| Untracked 
| 157|0x000000008eb00000, 0x000000008eb00000, 0x000000008ec00000|  0%| F|  |TAMS 0x000000008eb00000, 0x000000008eb00000| Untracked 
| 158|0x000000008ec00000, 0x000000008ec00000, 0x000000008ed00000|  0%| F|  |TAMS 0x000000008ec00000, 0x000000008ec00000| Untracked 
| 159|0x000000008ed00000, 0x000000008ed00000, 0x000000008ee00000|  0%| F|  |TAMS 0x000000008ed00000, 0x000000008ed00000| Untracked 
| 160|0x000000008ee00000, 0x000000008ee00000, 0x000000008ef00000|  0%| F|  |TAMS 0x000000008ee00000, 0x000000008ee00000| Untracked 
| 161|0x000000008ef00000, 0x000000008ef00000, 0x000000008f000000|  0%| F|  |TAMS 0x000000008ef00000, 0x000000008ef00000| Untracked 
| 162|0x000000008f000000, 0x000000008f000000, 0x000000008f100000|  0%| F|  |TAMS 0x000000008f000000, 0x000000008f000000| Untracked 
| 163|0x000000008f100000, 0x000000008f100000, 0x000000008f200000|  0%| F|  |TAMS 0x000000008f100000, 0x000000008f100000| Untracked 
| 164|0x000000008f200000, 0x000000008f200000, 0x000000008f300000|  0%| F|  |TAMS 0x000000008f200000, 0x000000008f200000| Untracked 
| 165|0x000000008f300000, 0x000000008f300000, 0x000000008f400000|  0%| F|  |TAMS 0x000000008f300000, 0x000000008f300000| Untracked 
| 166|0x000000008f400000, 0x000000008f400000, 0x000000008f500000|  0%| F|  |TAMS 0x000000008f400000, 0x000000008f400000| Untracked 
| 167|0x000000008f500000, 0x000000008f500000, 0x000000008f600000|  0%| F|  |TAMS 0x000000008f500000, 0x000000008f500000| Untracked 
| 168|0x000000008f600000, 0x000000008f600000, 0x000000008f700000|  0%| F|  |TAMS 0x000000008f600000, 0x000000008f600000| Untracked 
| 169|0x000000008f700000, 0x000000008f700000, 0x000000008f800000|  0%| F|  |TAMS 0x000000008f700000, 0x000000008f700000| Untracked 
| 170|0x000000008f800000, 0x000000008f800000, 0x000000008f900000|  0%| F|  |TAMS 0x000000008f800000, 0x000000008f800000| Untracked 
| 171|0x000000008f900000, 0x000000008f900000, 0x000000008fa00000|  0%| F|  |TAMS 0x000000008f900000, 0x000000008f900000| Untracked 
| 172|0x000000008fa00000, 0x000000008fa00000, 0x000000008fb00000|  0%| F|  |TAMS 0x000000008fa00000, 0x000000008fa00000| Untracked 
| 173|0x000000008fb00000, 0x000000008fb00000, 0x000000008fc00000|  0%| F|  |TAMS 0x000000008fb00000, 0x000000008fb00000| Untracked 
| 174|0x000000008fc00000, 0x000000008fc00000, 0x000000008fd00000|  0%| F|  |TAMS 0x000000008fc00000, 0x000000008fc00000| Untracked 
| 175|0x000000008fd00000, 0x000000008fd00000, 0x000000008fe00000|  0%| F|  |TAMS 0x000000008fd00000, 0x000000008fd00000| Untracked 
| 176|0x000000008fe00000, 0x000000008fe00000, 0x000000008ff00000|  0%| F|  |TAMS 0x000000008fe00000, 0x000000008fe00000| Untracked 
| 177|0x000000008ff00000, 0x000000008ff00000, 0x0000000090000000|  0%| F|  |TAMS 0x000000008ff00000, 0x000000008ff00000| Untracked 
| 178|0x0000000090000000, 0x0000000090000000, 0x0000000090100000|  0%| F|  |TAMS 0x0000000090000000, 0x0000000090000000| Untracked 
| 179|0x0000000090100000, 0x0000000090100000, 0x0000000090200000|  0%| F|  |TAMS 0x0000000090100000, 0x0000000090100000| Untracked 
| 180|0x0000000090200000, 0x0000000090200000, 0x0000000090300000|  0%| F|  |TAMS 0x0000000090200000, 0x0000000090200000| Untracked 
| 181|0x0000000090300000, 0x0000000090300000, 0x0000000090400000|  0%| F|  |TAMS 0x0000000090300000, 0x0000000090300000| Untracked 
| 182|0x0000000090400000, 0x0000000090400000, 0x0000000090500000|  0%| F|  |TAMS 0x0000000090400000, 0x0000000090400000| Untracked 
| 183|0x0000000090500000, 0x0000000090500000, 0x0000000090600000|  0%| F|  |TAMS 0x0000000090500000, 0x0000000090500000| Untracked 
| 184|0x0000000090600000, 0x0000000090600000, 0x0000000090700000|  0%| F|  |TAMS 0x0000000090600000, 0x0000000090600000| Untracked 
| 185|0x0000000090700000, 0x0000000090700000, 0x0000000090800000|  0%| F|  |TAMS 0x0000000090700000, 0x0000000090700000| Untracked 
| 186|0x0000000090800000, 0x0000000090800000, 0x0000000090900000|  0%| F|  |TAMS 0x0000000090800000, 0x0000000090800000| Untracked 
| 187|0x0000000090900000, 0x0000000090900000, 0x0000000090a00000|  0%| F|  |TAMS 0x0000000090900000, 0x0000000090900000| Untracked 
| 188|0x0000000090a00000, 0x0000000090a00000, 0x0000000090b00000|  0%| F|  |TAMS 0x0000000090a00000, 0x0000000090a00000| Untracked 
| 189|0x0000000090b00000, 0x0000000090b00000, 0x0000000090c00000|  0%| F|  |TAMS 0x0000000090b00000, 0x0000000090b00000| Untracked 
| 190|0x0000000090c00000, 0x0000000090c00000, 0x0000000090d00000|  0%| F|  |TAMS 0x0000000090c00000, 0x0000000090c00000| Untracked 
| 191|0x0000000090d00000, 0x0000000090d00000, 0x0000000090e00000|  0%| F|  |TAMS 0x0000000090d00000, 0x0000000090d00000| Untracked 
| 192|0x0000000090e00000, 0x0000000090e00000, 0x0000000090f00000|  0%| F|  |TAMS 0x0000000090e00000, 0x0000000090e00000| Untracked 
| 193|0x0000000090f00000, 0x0000000090f00000, 0x0000000091000000|  0%| F|  |TAMS 0x0000000090f00000, 0x0000000090f00000| Untracked 
| 194|0x0000000091000000, 0x0000000091000000, 0x0000000091100000|  0%| F|  |TAMS 0x0000000091000000, 0x0000000091000000| Untracked 
| 195|0x0000000091100000, 0x0000000091100000, 0x0000000091200000|  0%| F|  |TAMS 0x0000000091100000, 0x0000000091100000| Untracked 
| 196|0x0000000091200000, 0x0000000091200000, 0x0000000091300000|  0%| F|  |TAMS 0x0000000091200000, 0x0000000091200000| Untracked 
| 197|0x0000000091300000, 0x0000000091300000, 0x0000000091400000|  0%| F|  |TAMS 0x0000000091300000, 0x0000000091300000| Untracked 
| 198|0x0000000091400000, 0x0000000091400000, 0x0000000091500000|  0%| F|  |TAMS 0x0000000091400000, 0x0000000091400000| Untracked 
| 199|0x0000000091500000, 0x0000000091500000, 0x0000000091600000|  0%| F|  |TAMS 0x0000000091500000, 0x0000000091500000| Untracked 
| 200|0x0000000091600000, 0x0000000091600000, 0x0000000091700000|  0%| F|  |TAMS 0x0000000091600000, 0x0000000091600000| Untracked 
| 201|0x0000000091700000, 0x0000000091700000, 0x0000000091800000|  0%| F|  |TAMS 0x0000000091700000, 0x0000000091700000| Untracked 
| 202|0x0000000091800000, 0x0000000091800000, 0x0000000091900000|  0%| F|  |TAMS 0x0000000091800000, 0x0000000091800000| Untracked 
| 203|0x0000000091900000, 0x0000000091900000, 0x0000000091a00000|  0%| F|  |TAMS 0x0000000091900000, 0x0000000091900000| Untracked 
| 204|0x0000000091a00000, 0x0000000091a00000, 0x0000000091b00000|  0%| F|  |TAMS 0x0000000091a00000, 0x0000000091a00000| Untracked 
| 205|0x0000000091b00000, 0x0000000091b80800, 0x0000000091c00000| 50%| E|  |TAMS 0x0000000091b00000, 0x0000000091b00000| Complete 
| 206|0x0000000091c00000, 0x0000000091d00000, 0x0000000091d00000|100%| E|CS|TAMS 0x0000000091c00000, 0x0000000091c00000| Complete 
| 207|0x0000000091d00000, 0x0000000091e00000, 0x0000000091e00000|100%| E|CS|TAMS 0x0000000091d00000, 0x0000000091d00000| Complete 
| 208|0x0000000091e00000, 0x0000000091f00000, 0x0000000091f00000|100%| E|CS|TAMS 0x0000000091e00000, 0x0000000091e00000| Complete 
| 209|0x0000000091f00000, 0x0000000092000000, 0x0000000092000000|100%| E|CS|TAMS 0x0000000091f00000, 0x0000000091f00000| Complete 
| 210|0x0000000092000000, 0x0000000092100000, 0x0000000092100000|100%| E|CS|TAMS 0x0000000092000000, 0x0000000092000000| Complete 
| 211|0x0000000092100000, 0x0000000092200000, 0x0000000092200000|100%| E|CS|TAMS 0x0000000092100000, 0x0000000092100000| Complete 
| 212|0x0000000092200000, 0x0000000092300000, 0x0000000092300000|100%| E|CS|TAMS 0x0000000092200000, 0x0000000092200000| Complete 
| 213|0x0000000092300000, 0x0000000092400000, 0x0000000092400000|100%| E|CS|TAMS 0x0000000092300000, 0x0000000092300000| Complete 
| 214|0x0000000092400000, 0x0000000092500000, 0x0000000092500000|100%| E|CS|TAMS 0x0000000092400000, 0x0000000092400000| Complete 
| 215|0x0000000092500000, 0x0000000092600000, 0x0000000092600000|100%| E|CS|TAMS 0x0000000092500000, 0x0000000092500000| Complete 
| 216|0x0000000092600000, 0x0000000092700000, 0x0000000092700000|100%| E|CS|TAMS 0x0000000092600000, 0x0000000092600000| Complete 
| 217|0x0000000092700000, 0x0000000092800000, 0x0000000092800000|100%| E|CS|TAMS 0x0000000092700000, 0x0000000092700000| Complete 
| 218|0x0000000092800000, 0x0000000092900000, 0x0000000092900000|100%| E|CS|TAMS 0x0000000092800000, 0x0000000092800000| Complete 
| 219|0x0000000092900000, 0x0000000092a00000, 0x0000000092a00000|100%| E|CS|TAMS 0x0000000092900000, 0x0000000092900000| Complete 
| 220|0x0000000092a00000, 0x0000000092b00000, 0x0000000092b00000|100%| E|CS|TAMS 0x0000000092a00000, 0x0000000092a00000| Complete 
| 221|0x0000000092b00000, 0x0000000092c00000, 0x0000000092c00000|100%| E|CS|TAMS 0x0000000092b00000, 0x0000000092b00000| Complete 
| 222|0x0000000092c00000, 0x0000000092d00000, 0x0000000092d00000|100%| E|CS|TAMS 0x0000000092c00000, 0x0000000092c00000| Complete 
| 223|0x0000000092d00000, 0x0000000092e00000, 0x0000000092e00000|100%| E|CS|TAMS 0x0000000092d00000, 0x0000000092d00000| Complete 
| 224|0x0000000092e00000, 0x0000000092f00000, 0x0000000092f00000|100%| E|CS|TAMS 0x0000000092e00000, 0x0000000092e00000| Complete 
| 225|0x0000000092f00000, 0x0000000093000000, 0x0000000093000000|100%| E|CS|TAMS 0x0000000092f00000, 0x0000000092f00000| Complete 
| 226|0x0000000093000000, 0x0000000093100000, 0x0000000093100000|100%| E|CS|TAMS 0x0000000093000000, 0x0000000093000000| Complete 
| 227|0x0000000093100000, 0x0000000093200000, 0x0000000093200000|100%| E|CS|TAMS 0x0000000093100000, 0x0000000093100000| Complete 
| 228|0x0000000093200000, 0x0000000093300000, 0x0000000093300000|100%| E|CS|TAMS 0x0000000093200000, 0x0000000093200000| Complete 
| 229|0x0000000093300000, 0x0000000093400000, 0x0000000093400000|100%| E|CS|TAMS 0x0000000093300000, 0x0000000093300000| Complete 
| 230|0x0000000093400000, 0x0000000093500000, 0x0000000093500000|100%| E|CS|TAMS 0x0000000093400000, 0x0000000093400000| Complete 
| 231|0x0000000093500000, 0x0000000093600000, 0x0000000093600000|100%| E|CS|TAMS 0x0000000093500000, 0x0000000093500000| Complete 
| 232|0x0000000093600000, 0x0000000093700000, 0x0000000093700000|100%| E|CS|TAMS 0x0000000093600000, 0x0000000093600000| Complete 
| 233|0x0000000093700000, 0x0000000093800000, 0x0000000093800000|100%| E|CS|TAMS 0x0000000093700000, 0x0000000093700000| Complete 
| 234|0x0000000093800000, 0x0000000093900000, 0x0000000093900000|100%| E|CS|TAMS 0x0000000093800000, 0x0000000093800000| Complete 
| 235|0x0000000093900000, 0x0000000093a00000, 0x0000000093a00000|100%| E|CS|TAMS 0x0000000093900000, 0x0000000093900000| Complete 
| 236|0x0000000093a00000, 0x0000000093b00000, 0x0000000093b00000|100%| E|CS|TAMS 0x0000000093a00000, 0x0000000093a00000| Complete 
| 237|0x0000000093b00000, 0x0000000093c00000, 0x0000000093c00000|100%| E|CS|TAMS 0x0000000093b00000, 0x0000000093b00000| Complete 
| 238|0x0000000093c00000, 0x0000000093d00000, 0x0000000093d00000|100%| E|CS|TAMS 0x0000000093c00000, 0x0000000093c00000| Complete 
| 239|0x0000000093d00000, 0x0000000093e00000, 0x0000000093e00000|100%| E|CS|TAMS 0x0000000093d00000, 0x0000000093d00000| Complete 
| 240|0x0000000093e00000, 0x0000000093f00000, 0x0000000093f00000|100%| E|CS|TAMS 0x0000000093e00000, 0x0000000093e00000| Complete 
| 241|0x0000000093f00000, 0x0000000094000000, 0x0000000094000000|100%| E|CS|TAMS 0x0000000093f00000, 0x0000000093f00000| Complete 
| 242|0x0000000094000000, 0x0000000094100000, 0x0000000094100000|100%| E|CS|TAMS 0x0000000094000000, 0x0000000094000000| Complete 
| 243|0x0000000094100000, 0x0000000094200000, 0x0000000094200000|100%| E|CS|TAMS 0x0000000094100000, 0x0000000094100000| Complete 
| 244|0x0000000094200000, 0x0000000094300000, 0x0000000094300000|100%| E|CS|TAMS 0x0000000094200000, 0x0000000094200000| Complete 
| 245|0x0000000094300000, 0x0000000094400000, 0x0000000094400000|100%| E|CS|TAMS 0x0000000094300000, 0x0000000094300000| Complete 
| 246|0x0000000094400000, 0x0000000094500000, 0x0000000094500000|100%| E|CS|TAMS 0x0000000094400000, 0x0000000094400000| Complete 
| 247|0x0000000094500000, 0x0000000094600000, 0x0000000094600000|100%| E|CS|TAMS 0x0000000094500000, 0x0000000094500000| Complete 
| 248|0x0000000094600000, 0x0000000094700000, 0x0000000094700000|100%| E|CS|TAMS 0x0000000094600000, 0x0000000094600000| Complete 
| 249|0x0000000094700000, 0x0000000094800000, 0x0000000094800000|100%| E|CS|TAMS 0x0000000094700000, 0x0000000094700000| Complete 
| 250|0x0000000094800000, 0x0000000094900000, 0x0000000094900000|100%| E|CS|TAMS 0x0000000094800000, 0x0000000094800000| Complete 
| 251|0x0000000094900000, 0x0000000094a00000, 0x0000000094a00000|100%| E|CS|TAMS 0x0000000094900000, 0x0000000094900000| Complete 
| 252|0x0000000094a00000, 0x0000000094b00000, 0x0000000094b00000|100%| E|CS|TAMS 0x0000000094a00000, 0x0000000094a00000| Complete 
| 253|0x0000000094b00000, 0x0000000094c00000, 0x0000000094c00000|100%| E|CS|TAMS 0x0000000094b00000, 0x0000000094b00000| Complete 
| 254|0x0000000094c00000, 0x0000000094d00000, 0x0000000094d00000|100%| E|CS|TAMS 0x0000000094c00000, 0x0000000094c00000| Complete 
| 255|0x0000000094d00000, 0x0000000094e00000, 0x0000000094e00000|100%| E|CS|TAMS 0x0000000094d00000, 0x0000000094d00000| Complete 
| 256|0x0000000094e00000, 0x0000000094f00000, 0x0000000094f00000|100%| E|CS|TAMS 0x0000000094e00000, 0x0000000094e00000| Complete 
| 257|0x0000000094f00000, 0x0000000095000000, 0x0000000095000000|100%| E|CS|TAMS 0x0000000094f00000, 0x0000000094f00000| Complete 
| 258|0x0000000095000000, 0x0000000095100000, 0x0000000095100000|100%| E|CS|TAMS 0x0000000095000000, 0x0000000095000000| Complete 
| 259|0x0000000095100000, 0x0000000095200000, 0x0000000095200000|100%| E|CS|TAMS 0x0000000095100000, 0x0000000095100000| Complete 
| 260|0x0000000095200000, 0x0000000095300000, 0x0000000095300000|100%| E|CS|TAMS 0x0000000095200000, 0x0000000095200000| Complete 
| 261|0x0000000095300000, 0x0000000095400000, 0x0000000095400000|100%| E|CS|TAMS 0x0000000095300000, 0x0000000095300000| Complete 
| 262|0x0000000095400000, 0x0000000095500000, 0x0000000095500000|100%| E|CS|TAMS 0x0000000095400000, 0x0000000095400000| Complete 
| 263|0x0000000095500000, 0x0000000095600000, 0x0000000095600000|100%| E|CS|TAMS 0x0000000095500000, 0x0000000095500000| Complete 

Card table byte_map: [0x000001a07f830000,0x000001a07fc10000] _byte_map_base: 0x000001a07f409000

Marking Bits (Prev, Next): (CMBitMap*) 0x000001a07ee99600, (CMBitMap*) 0x000001a07ee99640
 Prev Bits: [0x000001a0167d0000, 0x000001a018698000)
 Next Bits: [0x000001a0186a0000, 0x000001a01a568000)

Polling page: 0x000001a07cdb0000

Metaspace:

Usage:
  Non-class:     71.17 MB used.
      Class:     11.22 MB used.
       Both:     82.39 MB used.

Virtual space:
  Non-class space:      128.00 MB reserved,      71.50 MB ( 56%) committed,  2 nodes.
      Class space:        1.00 GB reserved,      11.56 MB (  1%) committed,  1 nodes.
             Both:        1.12 GB reserved,      83.06 MB (  7%) committed. 

Chunk freelists:
   Non-Class:  8.45 MB
       Class:  4.42 MB
        Both:  12.88 MB

MaxMetaspaceSize: unlimited
CompressedClassSpaceSize: 1.00 GB
Initial GC threshold: 21.00 MB
Current GC threshold: 128.38 MB
CDS: on
MetaspaceReclaimPolicy: balanced
 - commit_granule_bytes: 65536.
 - commit_granule_words: 8192.
 - virtual_space_node_default_size: 8388608.
 - enlarge_chunks_in_place: 1.
 - new_chunks_are_fully_committed: 0.
 - uncommit_free_chunks: 1.
 - use_allocation_guard: 0.
 - handle_deallocations: 1.


Internal statistics:

num_allocs_failed_limit: 9.
num_arena_births: 972.
num_arena_deaths: 2.
num_vsnodes_births: 3.
num_vsnodes_deaths: 0.
num_space_committed: 1329.
num_space_uncommitted: 0.
num_chunks_returned_to_freelist: 12.
num_chunks_taken_from_freelist: 4176.
num_chunk_merges: 9.
num_chunk_splits: 2966.
num_chunks_enlarged: 2233.
num_inconsistent_stats: 0.

CodeHeap 'non-profiled nmethods': size=120000Kb used=6459Kb max_used=6459Kb free=113540Kb
 bounds [0x000001a00f2a0000, 0x000001a00f8f0000, 0x000001a0167d0000]
CodeHeap 'profiled nmethods': size=120000Kb used=17436Kb max_used=17614Kb free=102563Kb
 bounds [0x000001a0077d0000, 0x000001a008920000, 0x000001a00ed00000]
CodeHeap 'non-nmethods': size=5760Kb used=1379Kb max_used=1445Kb free=4380Kb
 bounds [0x000001a00ed00000, 0x000001a00ef70000, 0x000001a00f2a0000]
 total_blobs=9767 nmethods=9054 adapters=623
 compilation: enabled
              stopped_count=0, restarted_count=0
 full_count=0

Compilation events (20 events):
Event: 92.833 Thread 0x000001a01d1c1b20 10658       3       sun.reflect.annotation.AnnotationParser$1::run (5 bytes)
Event: 92.833 Thread 0x000001a01d1c1b20 nmethod 10658 0x000001a008834b90 code [0x000001a008834d20, 0x000001a008834e68]
Event: 92.833 Thread 0x000001a01d1c1b20 10659       2       org.springframework.beans.factory.support.AbstractAutowireCapableBeanFactory::applyBeanPostProcessorsBeforeInstantiation (57 bytes)
Event: 92.834 Thread 0x000001a01d1c1b20 nmethod 10659 0x000001a0080d1790 code [0x000001a0080d1980, 0x000001a0080d1c48]
Event: 92.848 Thread 0x000001a01d1c1b20 10660       3       java.util.Arrays::hashCode (56 bytes)
Event: 92.848 Thread 0x000001a01d1c1b20 nmethod 10660 0x000001a0080d1110 code [0x000001a0080d12c0, 0x000001a0080d1628]
Event: 92.848 Thread 0x000001a01d1c1b20 10662       2       org.springframework.core.convert.support.GenericConversionService$ConverterAdapter::getConvertibleTypes (8 bytes)
Event: 92.849 Thread 0x000001a01d1c1b20 nmethod 10662 0x000001a00844b590 code [0x000001a00844b720, 0x000001a00844b8d8]
Event: 92.854 Thread 0x000001a01d1c1b20 10664       2       org.springframework.context.annotation.ContextAnnotationAutowireCandidateResolver::isLazy (119 bytes)
Event: 92.856 Thread 0x000001a01d1c1b20 nmethod 10664 0x000001a0080d0790 code [0x000001a0080d09a0, 0x000001a0080d0df8]
Event: 92.856 Thread 0x000001a01d1c1b20 10663       2       org.springframework.context.annotation.ContextAnnotationAutowireCandidateResolver::getLazyResolutionProxyIfNecessary (19 bytes)
Event: 92.857 Thread 0x000001a01d1c1b20 nmethod 10663 0x000001a0080d0310 code [0x000001a0080d04c0, 0x000001a0080d0678]
Event: 92.882 Thread 0x000001a01d1c1b20 10666       2       org.hibernate.validator.internal.util.TypeHelper::extractConstraintValidatorTypeArgumentType (89 bytes)
Event: 92.883 Thread 0x000001a01d1c1b20 nmethod 10666 0x000001a0080cf790 code [0x000001a0080cf9c0, 0x000001a0080cff68]
Event: 92.883 Thread 0x000001a01d1c1b20 10667       2       org.hibernate.validator.internal.engine.constraintvalidation.ClassBasedValidatorDescriptor::determineValidationTargets (34 bytes)
Event: 92.884 Thread 0x000001a01d1c1b20 nmethod 10667 0x000001a0080ced10 code [0x000001a0080cef40, 0x000001a0080cf438]
Event: 92.884 Thread 0x000001a01d1c1b20 10668       2       org.hibernate.validator.internal.properties.javabean.JavaBeanExecutable::equals (86 bytes)
Event: 92.885 Thread 0x000001a01d1c1b20 nmethod 10668 0x000001a0080ce690 code [0x000001a0080ce880, 0x000001a0080cebc8]
Event: 92.887 Thread 0x000001a0686c86e0 nmethod 10611 0x000001a00f8ead10 code [0x000001a00f8eafe0, 0x000001a00f8eca50]
Event: 92.888 Thread 0x000001a0686c86e0 10655       4       org.springframework.core.ResolvableType::getType (8 bytes)

GC Heap History (20 events):
Event: 12.146 GC heap before
{Heap before GC invocations=17 (full 0):
 garbage-first heap   total 93184K, used 72632K [0x0000000084e00000, 0x0000000100000000)
  region size 1024K, 42 young (43008K), 2 survivors (2048K)
 Metaspace       used 65576K, committed 66176K, reserved 1114112K
  class space    used 8782K, committed 9088K, reserved 1048576K
}
Event: 12.150 GC heap after
{Heap after GC invocations=18 (full 0):
 garbage-first heap   total 93184K, used 32860K [0x0000000084e00000, 0x0000000100000000)
  region size 1024K, 4 young (4096K), 4 survivors (4096K)
 Metaspace       used 65576K, committed 66176K, reserved 1114112K
  class space    used 8782K, committed 9088K, reserved 1048576K
}
Event: 87.833 GC heap before
{Heap before GC invocations=18 (full 0):
 garbage-first heap   total 93184K, used 72796K [0x0000000084e00000, 0x0000000100000000)
  region size 1024K, 43 young (44032K), 4 survivors (4096K)
 Metaspace       used 69527K, committed 70144K, reserved 1114112K
  class space    used 9270K, committed 9600K, reserved 1048576K
}
Event: 87.841 GC heap after
{Heap after GC invocations=19 (full 0):
 garbage-first heap   total 93184K, used 36303K [0x0000000084e00000, 0x0000000100000000)
  region size 1024K, 6 young (6144K), 6 survivors (6144K)
 Metaspace       used 69527K, committed 70144K, reserved 1114112K
  class space    used 9270K, committed 9600K, reserved 1048576K
}
Event: 88.992 GC heap before
{Heap before GC invocations=19 (full 0):
 garbage-first heap   total 93184K, used 74191K [0x0000000084e00000, 0x0000000100000000)
  region size 1024K, 43 young (44032K), 6 survivors (6144K)
 Metaspace       used 74688K, committed 75328K, reserved 1114112K
  class space    used 10092K, committed 10368K, reserved 1048576K
}
Event: 89.004 GC heap after
{Heap after GC invocations=20 (full 0):
 garbage-first heap   total 93184K, used 39313K [0x0000000084e00000, 0x0000000100000000)
  region size 1024K, 3 young (3072K), 3 survivors (3072K)
 Metaspace       used 74688K, committed 75328K, reserved 1114112K
  class space    used 10092K, committed 10368K, reserved 1048576K
}
Event: 89.556 GC heap before
{Heap before GC invocations=20 (full 0):
 garbage-first heap   total 93184K, used 73105K [0x0000000084e00000, 0x0000000100000000)
  region size 1024K, 37 young (37888K), 3 survivors (3072K)
 Metaspace       used 77874K, committed 78592K, reserved 1179648K
  class space    used 10668K, committed 11008K, reserved 1048576K
}
Event: 89.563 GC heap after
{Heap after GC invocations=21 (full 0):
 garbage-first heap   total 112640K, used 44390K [0x0000000084e00000, 0x0000000100000000)
  region size 1024K, 5 young (5120K), 5 survivors (5120K)
 Metaspace       used 77874K, committed 78592K, reserved 1179648K
  class space    used 10668K, committed 11008K, reserved 1048576K
}
Event: 89.846 GC heap before
{Heap before GC invocations=21 (full 0):
 garbage-first heap   total 112640K, used 88422K [0x0000000084e00000, 0x0000000100000000)
  region size 1024K, 48 young (49152K), 5 survivors (5120K)
 Metaspace       used 78211K, committed 78848K, reserved 1179648K
  class space    used 10707K, committed 11008K, reserved 1048576K
}
Event: 89.852 GC heap after
{Heap after GC invocations=22 (full 0):
 garbage-first heap   total 112640K, used 49394K [0x0000000084e00000, 0x0000000100000000)
  region size 1024K, 5 young (5120K), 5 survivors (5120K)
 Metaspace       used 78211K, committed 78848K, reserved 1179648K
  class space    used 10707K, committed 11008K, reserved 1048576K
}
Event: 89.943 GC heap before
{Heap before GC invocations=22 (full 0):
 garbage-first heap   total 112640K, used 89330K [0x0000000084e00000, 0x0000000100000000)
  region size 1024K, 44 young (45056K), 5 survivors (5120K)
 Metaspace       used 78218K, committed 78848K, reserved 1179648K
  class space    used 10707K, committed 11008K, reserved 1048576K
}
Event: 89.956 GC heap after
{Heap after GC invocations=23 (full 0):
 garbage-first heap   total 112640K, used 62214K [0x0000000084e00000, 0x0000000100000000)
  region size 1024K, 6 young (6144K), 6 survivors (6144K)
 Metaspace       used 78218K, committed 78848K, reserved 1179648K
  class space    used 10707K, committed 11008K, reserved 1048576K
}
Event: 90.010 GC heap before
{Heap before GC invocations=23 (full 0):
 garbage-first heap   total 112640K, used 85766K [0x0000000084e00000, 0x0000000100000000)
  region size 1024K, 30 young (30720K), 6 survivors (6144K)
 Metaspace       used 78220K, committed 78848K, reserved 1179648K
  class space    used 10707K, committed 11008K, reserved 1048576K
}
Event: 90.017 GC heap after
{Heap after GC invocations=24 (full 0):
 garbage-first heap   total 112640K, used 66939K [0x0000000084e00000, 0x0000000100000000)
  region size 1024K, 4 young (4096K), 4 survivors (4096K)
 Metaspace       used 78220K, committed 78848K, reserved 1179648K
  class space    used 10707K, committed 11008K, reserved 1048576K
}
Event: 90.116 GC heap before
{Heap before GC invocations=25 (full 0):
 garbage-first heap   total 135168K, used 88443K [0x0000000084e00000, 0x0000000100000000)
  region size 1024K, 25 young (25600K), 4 survivors (4096K)
 Metaspace       used 78218K, committed 78848K, reserved 1179648K
  class space    used 10707K, committed 11008K, reserved 1048576K
}
Event: 90.122 GC heap after
{Heap after GC invocations=26 (full 0):
 garbage-first heap   total 135168K, used 69339K [0x0000000084e00000, 0x0000000100000000)
  region size 1024K, 3 young (3072K), 3 survivors (3072K)
 Metaspace       used 78218K, committed 78848K, reserved 1179648K
  class space    used 10707K, committed 11008K, reserved 1048576K
}
Event: 90.130 GC heap before
{Heap before GC invocations=26 (full 0):
 garbage-first heap   total 135168K, used 72411K [0x0000000084e00000, 0x0000000100000000)
  region size 1024K, 6 young (6144K), 3 survivors (3072K)
 Metaspace       used 78218K, committed 78848K, reserved 1179648K
  class space    used 10707K, committed 11008K, reserved 1048576K
}
Event: 90.134 GC heap after
{Heap after GC invocations=27 (full 0):
 garbage-first heap   total 270336K, used 68284K [0x0000000084e00000, 0x0000000100000000)
  region size 1024K, 1 young (1024K), 1 survivors (1024K)
 Metaspace       used 78218K, committed 78848K, reserved 1179648K
  class space    used 10707K, committed 11008K, reserved 1048576K
}
Event: 91.310 GC heap before
{Heap before GC invocations=27 (full 0):
 garbage-first heap   total 270336K, used 192188K [0x0000000084e00000, 0x0000000100000000)
  region size 1024K, 122 young (124928K), 1 survivors (1024K)
 Metaspace       used 79675K, committed 80320K, reserved 1179648K
  class space    used 10878K, committed 11200K, reserved 1048576K
}
Event: 91.318 GC heap after
{Heap after GC invocations=28 (full 0):
 garbage-first heap   total 270336K, used 73233K [0x0000000084e00000, 0x0000000100000000)
  region size 1024K, 6 young (6144K), 6 survivors (6144K)
 Metaspace       used 79675K, committed 80320K, reserved 1179648K
  class space    used 10878K, committed 11200K, reserved 1048576K
}

Deoptimization events (20 events):
Event: 92.778 Thread 0x000001a01df2d430 Uncommon trap: trap_request=0xffffffc6 fr.pc=0x000001a00f6188e4 relative=0x0000000000001804
Event: 92.778 Thread 0x000001a01df2d430 Uncommon trap: reason=bimorphic_or_optimized_type_check action=maybe_recompile pc=0x000001a00f6188e4 method=java.util.stream.StreamSpliterators$AbstractWrappingSpliterator.fillBuffer()Z @ 16 c2
Event: 92.778 Thread 0x000001a01df2d430 DEOPT PACKING pc=0x000001a00f6188e4 sp=0x0000009c9eafca80
Event: 92.778 Thread 0x000001a01df2d430 DEOPT UNPACKING pc=0x000001a00ed523a3 sp=0x0000009c9eafc930 mode 2
Event: 92.778 Thread 0x000001a01df2d430 Uncommon trap: trap_request=0xffffffc6 fr.pc=0x000001a00f6188e4 relative=0x0000000000001804
Event: 92.778 Thread 0x000001a01df2d430 Uncommon trap: reason=bimorphic_or_optimized_type_check action=maybe_recompile pc=0x000001a00f6188e4 method=java.util.stream.StreamSpliterators$AbstractWrappingSpliterator.fillBuffer()Z @ 16 c2
Event: 92.778 Thread 0x000001a01df2d430 DEOPT PACKING pc=0x000001a00f6188e4 sp=0x0000009c9eafca80
Event: 92.778 Thread 0x000001a01df2d430 DEOPT UNPACKING pc=0x000001a00ed523a3 sp=0x0000009c9eafc930 mode 2
Event: 92.778 Thread 0x000001a01df2d430 Uncommon trap: trap_request=0xffffffc6 fr.pc=0x000001a00f6188e4 relative=0x0000000000001804
Event: 92.778 Thread 0x000001a01df2d430 Uncommon trap: reason=bimorphic_or_optimized_type_check action=maybe_recompile pc=0x000001a00f6188e4 method=java.util.stream.StreamSpliterators$AbstractWrappingSpliterator.fillBuffer()Z @ 16 c2
Event: 92.778 Thread 0x000001a01df2d430 DEOPT PACKING pc=0x000001a00f6188e4 sp=0x0000009c9eafca80
Event: 92.778 Thread 0x000001a01df2d430 DEOPT UNPACKING pc=0x000001a00ed523a3 sp=0x0000009c9eafc930 mode 2
Event: 92.804 Thread 0x000001a01df2d430 Uncommon trap: trap_request=0xffffff45 fr.pc=0x000001a00f4de3b8 relative=0x0000000000000118
Event: 92.804 Thread 0x000001a01df2d430 Uncommon trap: reason=unstable_if action=reinterpret pc=0x000001a00f4de3b8 method=java.util.Arrays.hashCode([Ljava/lang/Object;)I @ 34 c2
Event: 92.804 Thread 0x000001a01df2d430 DEOPT PACKING pc=0x000001a00f4de3b8 sp=0x0000009c9eafd600
Event: 92.804 Thread 0x000001a01df2d430 DEOPT UNPACKING pc=0x000001a00ed523a3 sp=0x0000009c9eafd578 mode 2
Event: 92.804 Thread 0x000001a01df2d430 Uncommon trap: trap_request=0xffffff45 fr.pc=0x000001a00f4de3b8 relative=0x0000000000000118
Event: 92.804 Thread 0x000001a01df2d430 Uncommon trap: reason=unstable_if action=reinterpret pc=0x000001a00f4de3b8 method=java.util.Arrays.hashCode([Ljava/lang/Object;)I @ 34 c2
Event: 92.804 Thread 0x000001a01df2d430 DEOPT PACKING pc=0x000001a00f4de3b8 sp=0x0000009c9eafd6f0
Event: 92.804 Thread 0x000001a01df2d430 DEOPT UNPACKING pc=0x000001a00ed523a3 sp=0x0000009c9eafd668 mode 2

Classes unloaded (1 events):
Event: 90.059 Thread 0x000001a01d1a3b50 Unloading class 0x000001a01f9b4000 'jdk/internal/reflect/GeneratedSerializationConstructorAccessor1'

Classes redefined (0 events):
No events

Internal exceptions (20 events):
Event: 88.300 Thread 0x000001a01df2d430 Exception <a 'java/io/FileNotFoundException'{0x0000000089bf34f0}> (0x0000000089bf34f0) 
thrown [s\open\src\hotspot\share\prims\jni.cpp, line 516]
Event: 88.419 Thread 0x000001a01df2d430 Exception <a 'java/lang/reflect/InvocationTargetException'{0x0000000089661030}> (0x0000000089661030) 
thrown [s\open\src\hotspot\share\runtime\reflection.cpp, line 1121]
Event: 89.511 Thread 0x000001a01df2d430 Exception <a 'java/lang/reflect/InvocationTargetException'{0x000000008926d3b8}> (0x000000008926d3b8) 
thrown [s\open\src\hotspot\share\runtime\reflection.cpp, line 1121]
Event: 89.654 Thread 0x000001a01df2d430 Exception <a 'java/lang/reflect/InvocationTargetException'{0x000000008a99c378}> (0x000000008a99c378) 
thrown [s\open\src\hotspot\share\runtime\reflection.cpp, line 1121]
Event: 89.699 Thread 0x000001a01df2d430 Exception <a 'java/lang/reflect/InvocationTargetException'{0x0000000089ec1450}> (0x0000000089ec1450) 
thrown [s\open\src\hotspot\share\runtime\reflection.cpp, line 1121]
Event: 89.718 Thread 0x000001a01df2d430 Exception <a 'java/lang/reflect/InvocationTargetException'{0x0000000089dd2928}> (0x0000000089dd2928) 
thrown [s\open\src\hotspot\share\runtime\reflection.cpp, line 1121]
Event: 89.724 Thread 0x000001a01df2d430 Exception <a 'java/lang/reflect/InvocationTargetException'{0x0000000089df5de0}> (0x0000000089df5de0) 
thrown [s\open\src\hotspot\share\runtime\reflection.cpp, line 1121]
Event: 89.729 Thread 0x000001a01df2d430 Exception <a 'java/lang/reflect/InvocationTargetException'{0x0000000089c13190}> (0x0000000089c13190) 
thrown [s\open\src\hotspot\share\runtime\reflection.cpp, line 1121]
Event: 89.755 Thread 0x000001a01df2d430 Exception <a 'java/lang/reflect/InvocationTargetException'{0x0000000089a57d18}> (0x0000000089a57d18) 
thrown [s\open\src\hotspot\share\runtime\reflection.cpp, line 1121]
Event: 89.761 Thread 0x000001a01df2d430 Exception <a 'java/lang/reflect/InvocationTargetException'{0x0000000089aa6120}> (0x0000000089aa6120) 
thrown [s\open\src\hotspot\share\runtime\reflection.cpp, line 1121]
Event: 89.773 Thread 0x000001a01df2d430 Exception <a 'java/lang/reflect/InvocationTargetException'{0x0000000089710ab8}> (0x0000000089710ab8) 
thrown [s\open\src\hotspot\share\runtime\reflection.cpp, line 1121]
Event: 89.778 Thread 0x000001a01df2d430 Exception <a 'java/lang/reflect/InvocationTargetException'{0x000000008973c188}> (0x000000008973c188) 
thrown [s\open\src\hotspot\share\runtime\reflection.cpp, line 1121]
Event: 89.782 Thread 0x000001a01df2d430 Exception <a 'java/lang/reflect/InvocationTargetException'{0x000000008974aac0}> (0x000000008974aac0) 
thrown [s\open\src\hotspot\share\runtime\reflection.cpp, line 1121]
Event: 89.810 Thread 0x000001a01df2d430 Exception <a 'java/lang/reflect/InvocationTargetException'{0x0000000089598590}> (0x0000000089598590) 
thrown [s\open\src\hotspot\share\runtime\reflection.cpp, line 1121]
Event: 89.813 Thread 0x000001a01df2d430 Exception <a 'java/lang/reflect/InvocationTargetException'{0x00000000895aae08}> (0x00000000895aae08) 
thrown [s\open\src\hotspot\share\runtime\reflection.cpp, line 1121]
Event: 90.570 Thread 0x000001a01df2d430 Exception <a 'sun/nio/fs/WindowsException'{0x00000000901aaf88}> (0x00000000901aaf88) 
thrown [s\open\src\hotspot\share\prims\jni.cpp, line 516]
Event: 92.373 Thread 0x000001a01df2d430 Exception <a 'java/lang/IncompatibleClassChangeError'{0x0000000093091858}: Found class java.lang.Object, but interface was expected> (0x0000000093091858) 
thrown [s\open\src\hotspot\share\interpreter\linkResolver.cpp, line 826]
Event: 92.804 Thread 0x000001a01df2d430 Implicit null exception at 0x000001a00f4de2ec to 0x000001a00f4de39c
Event: 92.804 Thread 0x000001a01df2d430 Implicit null exception at 0x000001a00f4de2ec to 0x000001a00f4de39c
Event: 92.878 Thread 0x000001a01df2d430 Exception <a 'java/lang/NoSuchMethodError'{0x0000000091fbac70}: 'java.lang.Object java.lang.invoke.DirectMethodHandle$Holder.invokeInterface(java.lang.Object, java.lang.Object, java.lang.Object, java.lang.Object)'> (0x0000000091fbac70) 
thrown [s\open\src\hotspot\share\interpreter\linkResolver.cpp, line 759]

VM Operations (20 events):
Event: 91.169 Executing VM operation: ICBufferFull
Event: 91.169 Executing VM operation: ICBufferFull done
Event: 91.310 Executing VM operation: G1CollectForAllocation
Event: 91.318 Executing VM operation: G1CollectForAllocation done
Event: 92.082 Executing VM operation: HandshakeAllThreads
Event: 92.082 Executing VM operation: HandshakeAllThreads done
Event: 92.101 Executing VM operation: HandshakeAllThreads
Event: 92.101 Executing VM operation: HandshakeAllThreads done
Event: 92.135 Executing VM operation: HandshakeAllThreads
Event: 92.135 Executing VM operation: HandshakeAllThreads done
Event: 92.137 Executing VM operation: HandshakeAllThreads
Event: 92.137 Executing VM operation: HandshakeAllThreads done
Event: 92.333 Executing VM operation: ICBufferFull
Event: 92.333 Executing VM operation: ICBufferFull done
Event: 92.410 Executing VM operation: HandshakeAllThreads
Event: 92.410 Executing VM operation: HandshakeAllThreads done
Event: 92.450 Executing VM operation: HandshakeAllThreads
Event: 92.450 Executing VM operation: HandshakeAllThreads done
Event: 93.465 Executing VM operation: Cleanup
Event: 93.466 Executing VM operation: Cleanup done

Events (20 events):
Event: 90.624 loading class java/util/EnumMap$EntryIterator
Event: 90.624 loading class java/util/EnumMap$EnumMapIterator
Event: 90.624 loading class java/util/EnumMap$EnumMapIterator done
Event: 90.624 loading class java/util/EnumMap$EntryIterator done
Event: 91.028 loading class java/time/Duration$1
Event: 91.030 loading class java/time/Duration$1 done
Event: 91.602 loading class java/time/DurationEditor
Event: 91.602 loading class java/time/DurationEditor done
Event: 91.679 loading class java/util/Collections$SynchronizedRandomAccessList
Event: 91.680 loading class java/util/Collections$SynchronizedList
Event: 91.680 loading class java/util/Collections$SynchronizedList done
Event: 91.680 loading class java/util/Collections$SynchronizedRandomAccessList done
Event: 91.988 loading class java/util/Comparators$NullComparator
Event: 91.988 loading class java/util/Comparators$NullComparator done
Event: 91.989 loading class java/util/EnumMap$Values
Event: 91.989 loading class java/util/EnumMap$Values done
Event: 91.989 loading class java/util/EnumMap$ValueIterator
Event: 91.989 loading class java/util/EnumMap$ValueIterator done
Event: 92.150 loading class sun/reflect/annotation/TypeAnnotation$TypeAnnotationTargetInfo
Event: 92.150 loading class sun/reflect/annotation/TypeAnnotation$TypeAnnotationTargetInfo done


Dynamic libraries:
0x00007ff6fc5a0000 - 0x00007ff6fc5b0000 	C:\Program Files\Java\jdk-17\bin\java.exe
0x00007fff2b840000 - 0x00007fff2baa7000 	C:\WINDOWS\SYSTEM32\ntdll.dll
0x00007fff29f30000 - 0x00007fff29ff9000 	C:\WINDOWS\System32\KERNEL32.DLL
0x00007fff28120000 - 0x00007fff28511000 	C:\WINDOWS\System32\KERNELBASE.dll
0x00007fff28600000 - 0x00007fff2874b000 	C:\WINDOWS\System32\ucrtbase.dll
0x00007fff05ce0000 - 0x00007fff05cf9000 	C:\Program Files\Java\jdk-17\bin\jli.dll
0x00007fff05d00000 - 0x00007fff05d1b000 	C:\Program Files\Java\jdk-17\bin\VCRUNTIME140.dll
0x00007fff2a000000 - 0x00007fff2a0bb000 	C:\WINDOWS\System32\ADVAPI32.dll
0x00007fff29e70000 - 0x00007fff29f19000 	C:\WINDOWS\System32\msvcrt.dll
0x00007fff295e0000 - 0x00007fff29687000 	C:\WINDOWS\System32\sechost.dll
0x00007fff29880000 - 0x00007fff29998000 	C:\WINDOWS\System32\RPCRT4.dll
0x00007fff29af0000 - 0x00007fff29cb5000 	C:\WINDOWS\System32\USER32.dll
0x00007fff093c0000 - 0x00007fff09653000 	C:\WINDOWS\WinSxS\amd64_microsoft.windows.common-controls_6595b64144ccf1df_6.0.26100.8037_none_3e092faae333b53b\COMCTL32.dll
0x00007fff28520000 - 0x00007fff28547000 	C:\WINDOWS\System32\win32u.dll
0x00007fff2a140000 - 0x00007fff2a16b000 	C:\WINDOWS\System32\GDI32.dll
0x00007fff294b0000 - 0x00007fff295db000 	C:\WINDOWS\System32\gdi32full.dll
0x00007fff28a20000 - 0x00007fff28ac3000 	C:\WINDOWS\System32\msvcp_win.dll
0x00007fff0e1d0000 - 0x00007fff0e1db000 	C:\WINDOWS\SYSTEM32\VERSION.dll
0x00007fff29840000 - 0x00007fff29871000 	C:\WINDOWS\System32\IMM32.DLL
0x00007fff05c80000 - 0x00007fff05c8c000 	C:\Program Files\Java\jdk-17\bin\vcruntime140_1.dll
0x00007fff05790000 - 0x00007fff0581e000 	C:\Program Files\Java\jdk-17\bin\msvcp140.dll
0x00007fff04ba0000 - 0x00007fff05781000 	C:\Program Files\Java\jdk-17\bin\server\jvm.dll
0x00007fff29f20000 - 0x00007fff29f28000 	C:\WINDOWS\System32\PSAPI.DLL
0x00007fff260a0000 - 0x00007fff260d5000 	C:\WINDOWS\SYSTEM32\WINMM.dll
0x00007fff04b90000 - 0x00007fff04b9a000 	C:\WINDOWS\SYSTEM32\WSOCK32.dll
0x00007fff2a0c0000 - 0x00007fff2a134000 	C:\WINDOWS\System32\WS2_32.dll
0x00007fff26eb0000 - 0x00007fff26ecb000 	C:\WINDOWS\SYSTEM32\kernel.appcore.dll
0x00007fff043b0000 - 0x00007fff043ba000 	C:\Program Files\Java\jdk-17\bin\jimage.dll
0x00007fff25dd0000 - 0x00007fff26012000 	C:\WINDOWS\SYSTEM32\DBGHELP.DLL
0x00007fff2a8d0000 - 0x00007fff2ac52000 	C:\WINDOWS\System32\combase.dll
0x00007fff29cd0000 - 0x00007fff29da7000 	C:\WINDOWS\System32\OLEAUT32.dll
0x00007fff26060000 - 0x00007fff2609b000 	C:\WINDOWS\SYSTEM32\dbgcore.DLL
0x00007fff28550000 - 0x00007fff285f5000 	C:\WINDOWS\System32\bcryptPrimitives.dll
0x00007fff15430000 - 0x00007fff1543e000 	C:\Program Files\Java\jdk-17\bin\instrument.dll
0x00007fff04330000 - 0x00007fff04355000 	C:\Program Files\Java\jdk-17\bin\java.dll
0x00007fff041c0000 - 0x00007fff04297000 	C:\Program Files\Java\jdk-17\bin\jsvml.dll
0x00007fff2afa0000 - 0x00007fff2b6ff000 	C:\WINDOWS\System32\SHELL32.dll
0x00007fff28ad0000 - 0x00007fff28c3a000 	C:\WINDOWS\System32\wintypes.dll
0x00007fff28c40000 - 0x00007fff294a4000 	C:\WINDOWS\System32\windows.storage.dll
0x00007fff2a7d0000 - 0x00007fff2a8c7000 	C:\WINDOWS\System32\SHCORE.dll
0x00007fff2b730000 - 0x00007fff2b797000 	C:\WINDOWS\System32\shlwapi.dll
0x00007fff28040000 - 0x00007fff28069000 	C:\WINDOWS\SYSTEM32\profapi.dll
0x00007fff03d20000 - 0x00007fff03d38000 	C:\Program Files\Java\jdk-17\bin\zip.dll
0x00007fff03e00000 - 0x00007fff03e19000 	C:\Program Files\Java\jdk-17\bin\net.dll
0x00007fff20f10000 - 0x00007fff21037000 	C:\WINDOWS\SYSTEM32\WINHTTP.dll
0x00007fff27420000 - 0x00007fff2748b000 	C:\WINDOWS\system32\mswsock.dll
0x00007fff03de0000 - 0x00007fff03df6000 	C:\Program Files\Java\jdk-17\bin\nio.dll
0x00007fff132a0000 - 0x00007fff132ba000 	C:\Program Files\JetBrains\IntelliJ IDEA Community Edition 2024.1.1\bin\breakgen64.dll
0x00007fff01f80000 - 0x00007fff01f8a000 	C:\Program Files\Java\jdk-17\bin\management.dll
0x00007fff012b0000 - 0x00007fff012bb000 	C:\Program Files\Java\jdk-17\bin\management_ext.dll
0x00007fff01fa0000 - 0x00007fff01fae000 	C:\Program Files\Java\jdk-17\bin\sunmscapi.dll
0x00007fff28810000 - 0x00007fff28987000 	C:\WINDOWS\System32\CRYPT32.dll
0x00007fff27920000 - 0x00007fff27950000 	C:\WINDOWS\SYSTEM32\ncrypt.dll
0x00007fff278d0000 - 0x00007fff2790f000 	C:\WINDOWS\SYSTEM32\NTASN1.dll
0x00007fff27700000 - 0x00007fff2771b000 	C:\WINDOWS\SYSTEM32\CRYPTSP.dll
0x00007fff26e10000 - 0x00007fff26e49000 	C:\WINDOWS\system32\rsaenh.dll
0x00007fff274d0000 - 0x00007fff27502000 	C:\WINDOWS\SYSTEM32\USERENV.dll
0x00007fff28010000 - 0x00007fff2803a000 	C:\WINDOWS\SYSTEM32\bcrypt.dll
0x00007fff27720000 - 0x00007fff2772c000 	C:\WINDOWS\SYSTEM32\CRYPTBASE.dll
0x00007fff26870000 - 0x00007fff268a3000 	C:\WINDOWS\SYSTEM32\IPHLPAPI.DLL
0x00007fff29cc0000 - 0x00007fff29cca000 	C:\WINDOWS\System32\NSI.dll
0x00007fff21d70000 - 0x00007fff21d8d000 	C:\WINDOWS\SYSTEM32\dhcpcsvc6.DLL
0x00007fff21d40000 - 0x00007fff21d63000 	C:\WINDOWS\SYSTEM32\dhcpcsvc.DLL
0x00007fff26900000 - 0x00007fff26a2a000 	C:\WINDOWS\SYSTEM32\DNSAPI.dll
0x00007fff21b70000 - 0x00007fff21b7b000 	C:\Windows\System32\rasadhlp.dll
0x00007fff21fc0000 - 0x00007fff22046000 	C:\WINDOWS\System32\fwpuclnt.dll

dbghelp: loaded successfully - version: 4.0.5 - missing functions: none
symbol engine: initialized successfully - sym options: 0x614 - pdb path: .;C:\Program Files\Java\jdk-17\bin;C:\WINDOWS\SYSTEM32;C:\WINDOWS\WinSxS\amd64_microsoft.windows.common-controls_6595b64144ccf1df_6.0.26100.8037_none_3e092faae333b53b;C:\Program Files\Java\jdk-17\bin\server;C:\Program Files\JetBrains\IntelliJ IDEA Community Edition 2024.1.1\bin

VM Arguments:
jvm_args: -javaagent:C:\Program Files\JetBrains\IntelliJ IDEA Community Edition 2024.1.1\lib\idea_rt.jar=58703:C:\Program Files\JetBrains\IntelliJ IDEA Community Edition 2024.1.1\bin -Dfile.encoding=UTF-8 
java_command: com.example.carnest.CarnestApplication
java_class_path (initial): D:\CarNestBE\carnest\target\classes;C:\Users\TAN PHAT\.m2\repository\org\springframework\boot\spring-boot-starter-data-jpa\3.5.13\spring-boot-starter-data-jpa-3.5.13.jar;C:\Users\TAN PHAT\.m2\repository\org\springframework\boot\spring-boot-starter\3.5.13\spring-boot-starter-3.5.13.jar;C:\Users\TAN PHAT\.m2\repository\org\springframework\boot\spring-boot-starter-logging\3.5.13\spring-boot-starter-logging-3.5.13.jar;C:\Users\TAN PHAT\.m2\repository\ch\qos\logback\logback-classic\1.5.32\logback-classic-1.5.32.jar;C:\Users\TAN PHAT\.m2\repository\ch\qos\logback\logback-core\1.5.32\logback-core-1.5.32.jar;C:\Users\TAN PHAT\.m2\repository\org\apache\logging\log4j\log4j-to-slf4j\2.24.3\log4j-to-slf4j-2.24.3.jar;C:\Users\TAN PHAT\.m2\repository\org\apache\logging\log4j\log4j-api\2.24.3\log4j-api-2.24.3.jar;C:\Users\TAN PHAT\.m2\repository\org\slf4j\jul-to-slf4j\2.0.17\jul-to-slf4j-2.0.17.jar;C:\Users\TAN PHAT\.m2\repository\jakarta\annotation\jakarta.annotation-api\2.1.1\jakarta.annotation-api-2.1.1.jar;C:\Users\TAN PHAT\.m2\repository\org\yaml\snakeyaml\2.4\snakeyaml-2.4.jar;C:\Users\TAN PHAT\.m2\repository\org\springframework\boot\spring-boot-starter-jdbc\3.5.13\spring-boot-starter-jdbc-3.5.13.jar;C:\Users\TAN PHAT\.m2\repository\com\zaxxer\HikariCP\6.3.3\HikariCP-6.3.3.jar;C:\Users\TAN PHAT\.m2\repository\org\springframework\spring-jdbc\6.2.17\spring-jdbc-6.2.17.jar;C:\Users\TAN PHAT\.m2\repository\org\hibernate\orm\hibernate-core\6.6.45.Final\hibernate-core-6.6.45.Final.jar;C:\Users\TAN PHAT\.m2\repository\jakarta\persistence\jakarta.persistence-api\3.1.0\jakarta.persistence-api-3.1.0.jar;C:\Users\TAN PHAT\.m2\repository\jakarta\transaction\jakarta.transaction-api\2.0.1\jakarta.transaction-api-2.0.1.jar;C:\Users\TAN PHAT\.m2\repository\org\jboss\logging\jboss-logging\3.6.3.Final\jboss-logging-3.6.3.Final.jar;C:\Users\TAN PHAT\.m2\repository\org\hibernate\common\hibernate-commons-annotations\7.0.3.Final\hibernate-commons-annotations-7.0.3.Fin
Launcher Type: SUN_STANDARD

[Global flags]
     intx CICompilerCount                          = 4                                         {product} {ergonomic}
     uint ConcGCThreads                            = 3                                         {product} {ergonomic}
     uint G1ConcRefinementThreads                  = 10                                        {product} {ergonomic}
   size_t G1HeapRegionSize                         = 1048576                                   {product} {ergonomic}
    uintx GCDrainStackTargetSize                   = 64                                        {product} {ergonomic}
   size_t InitialHeapSize                          = 130023424                                 {product} {ergonomic}
   size_t MarkStackSize                            = 4194304                                   {product} {ergonomic}
   size_t MaxHeapSize                              = 2065694720                                {product} {ergonomic}
   size_t MaxNewSize                               = 1239416832                                {product} {ergonomic}
   size_t MinHeapDeltaBytes                        = 1048576                                   {product} {ergonomic}
   size_t MinHeapSize                              = 8388608                                   {product} {ergonomic}
    uintx NonNMethodCodeHeapSize                   = 5839372                                {pd product} {ergonomic}
    uintx NonProfiledCodeHeapSize                  = 122909434                              {pd product} {ergonomic}
    uintx ProfiledCodeHeapSize                     = 122909434                              {pd product} {ergonomic}
    uintx ReservedCodeCacheSize                    = 251658240                              {pd product} {ergonomic}
     bool SegmentedCodeCache                       = true                                      {product} {ergonomic}
   size_t SoftMaxHeapSize                          = 2065694720                             {manageable} {ergonomic}
     bool UseCompressedClassPointers               = true                           {product lp64_product} {ergonomic}
     bool UseCompressedOops                        = true                           {product lp64_product} {ergonomic}
     bool UseG1GC                                  = true                                      {product} {ergonomic}
     bool UseLargePagesIndividualAllocation        = false                                  {pd product} {ergonomic}

Logging:
Log output configuration:
 #0: stdout all=warning uptime,level,tags
 #1: stderr all=off uptime,level,tags

Environment Variables:
JAVA_HOME=C:\Program Files\Java\jdk-17
CLASSPATH=C:\Program Files\Java\jdk-17\lib
PATH=C:\Program Files\Common Files\Oracle\Java\javapath;C:\Program Files (x86)\Common Files\Oracle\Java\javapath;C:\WINDOWS\system32;C:\WINDOWS;C:\WINDOWS\System32\Wbem;C:\WINDOWS\System32\WindowsPowerShell\v1.0\;C:\WINDOWS\System32\OpenSSH\;C:\Program Files\dotnet\;C:\Program Files\Microsoft SQL Server\Client SDK\ODBC\110\Tools\Binn\;C:\Program Files\nodejs\;C:\Program Files\nodejs;C:\Program Files\nodejs\node_modules\npm\bin;C:\Program Files\Microsoft SQL Server\Client SDK\ODBC\170\Tools\Binn\;C:\Program Files (x86)\Microsoft SQL Server\150\Tools\Binn\;C:\Program Files\Microsoft SQL Server\150\Tools\Binn\;C:\Program Files\Microsoft SQL Server\150\DTS\Binn\;C:\Program Files (x86)\Microsoft SQL Server\160\DTS\Binn\;C:\Program Files\Azure Data Studio\bin;C:\Program Files\Git\cmd;C:\Program Files\apache-maven-3.9.7\bin;C:\Program Files\Java\jdk-17\bin;;C:\Program Files\Docker\Docker\resources\bin;C:\Program Files\Java\jdk-17;C:\Users\TAN PHAT\AppData\Local\Programs\Python\Python312\Scripts\;C:\Users\TAN PHAT\AppData\Local\Programs\Python\Python312\;C:\Users\TAN PHAT\AppData\Local\Microsoft\WindowsApps;C:\Users\TAN PHAT\AppData\Local\Programs\Microsoft VS Code\bin;C:\Users\TAN PHAT\AppData\Roaming\npm;C:\Program Files\Azure Data Studio\bin;
USERNAME=TAN PHAT
OS=Windows_NT
PROCESSOR_IDENTIFIER=Intel64 Family 6 Model 154 Stepping 4, GenuineIntel



---------------  S Y S T E M  ---------------

OS:
 Windows 11 , 64 bit Build 26100 (10.0.26100.7920)
OS uptime: 10 days 6:10 hours
Hyper-V role detected

CPU: total 12 (initial active 12) (6 cores per cpu, 2 threads per core) family 6 model 154 stepping 4 microcode 0x437, cx8, cmov, fxsr, ht, mmx, 3dnowpref, sse, sse2, sse3, ssse3, sse4.1, sse4.2, popcnt, lzcnt, tsc, tscinvbit, avx, avx2, aes, erms, clmul, bmi1, bmi2, adx, sha, fma, vzeroupper, clflush, clflushopt, clwb, hv

Memory: 4k page, system-wide physical 7876M (507M free)
TotalPageFile size 32452M (AvailPageFile size 28M)
current process WorkingSet (physical memory assigned to process): 483M, peak: 484M
current process commit charge ("private bytes"): 556M, peak: 560M

vm_info: Java HotSpot(TM) 64-Bit Server VM (17.0.9+11-LTS-201) for windows-amd64 JRE (17.0.9+11-LTS-201), built on Oct 10 2023 23:16:06 by "mach5one" with MS VC++ 17.1 (VS2022)

END.
